2026-06-19 10:01:30.521  INFO 2920 --- [main] com.sigep.SigepApplication               : Starting SigepApplication using Java 17.0.12 on LAPTOP-S0HR1QU8 with PID 2920 (C:\Users\ASUS\PROJET SIGEP\backend\sigep\target\classes started by ASUS in C:\Users\ASUS\PROJET SIGEP\backend\sigep)
2026-06-19 10:01:30.536  INFO 2920 --- [main] com.sigep.SigepApplication               : The following 1 profile is active: "dev"
2026-06-19 10:01:36.941  INFO 2920 --- [main] o.apache.catalina.core.StandardService   : Starting service [Tomcat]
2026-06-19 10:01:36.943  INFO 2920 --- [main] org.apache.catalina.core.StandardEngine  : Starting Servlet engine: [Apache Tomcat/9.0.63]
2026-06-19 10:01:37.168  INFO 2920 --- [main] o.a.c.c.C.[Tomcat].[localhost].[/]       : Initializing Spring embedded WebApplicationContext
2026-06-19 10:01:41.114  INFO 2920 --- [main] com.zaxxer.hikari.HikariDataSource       : HikariPool-1 - Starting...
2026-06-19 10:01:42.117  INFO 2920 --- [main] com.zaxxer.hikari.HikariDataSource       : HikariPool-1 - Start completed.
2026-06-19 10:01:43.306  WARN 2920 --- [main] o.h.b.i.InFlightMetadataCollectorImpl    : HHH000069: Duplicate generator name generator
2026-06-19 10:01:43.369  WARN 2920 --- [main] o.h.b.i.InFlightMetadataCollectorImpl    : HHH000069: Duplicate generator name generator
2026-06-19 10:01:43.978  WARN 2920 --- [main] o.h.b.i.InFlightMetadataCollectorImpl    : HHH000069: Duplicate generator name generator
2026-06-19 10:01:43.982  WARN 2920 --- [main] o.h.b.i.InFlightMetadataCollectorImpl    : HHH000069: Duplicate generator name generator
2026-06-19 10:01:44.007  WARN 2920 --- [main] o.h.b.i.InFlightMetadataCollectorImpl    : HHH000069: Duplicate generator name generator
2026-06-19 10:01:44.009  WARN 2920 --- [main] o.h.b.i.InFlightMetadataCollectorImpl    : HHH000069: Duplicate generator name generator
2026-06-19 10:01:44.019  WARN 2920 --- [main] o.h.b.i.InFlightMetadataCollectorImpl    : HHH000069: Duplicate generator name generator
2026-06-19 10:01:44.063  WARN 2920 --- [main] o.h.b.i.InFlightMetadataCollectorImpl    : HHH000069: Duplicate generator name generator
2026-06-19 10:01:44.072  WARN 2920 --- [main] o.h.b.i.InFlightMetadataCollectorImpl    : HHH000069: Duplicate generator name generator
2026-06-19 10:01:44.103  WARN 2920 --- [main] o.h.b.i.InFlightMetadataCollectorImpl    : HHH000069: Duplicate generator name generator
2026-06-19 10:01:44.167  WARN 2920 --- [main] o.h.b.i.InFlightMetadataCollectorImpl    : HHH000069: Duplicate generator name generator
2026-06-19 10:01:44.263  WARN 2920 --- [main] o.h.b.i.InFlightMetadataCollectorImpl    : HHH000069: Duplicate generator name generator
2026-06-19 10:01:44.279  WARN 2920 --- [main] o.h.b.i.InFlightMetadataCollectorImpl    : HHH000069: Duplicate generator name generator
2026-06-19 10:01:44.294  WARN 2920 --- [main] o.h.b.i.InFlightMetadataCollectorImpl    : HHH000069: Duplicate generator name generator
2026-06-19 10:01:44.310  WARN 2920 --- [main] o.h.b.i.InFlightMetadataCollectorImpl    : HHH000069: Duplicate generator name generator
2026-06-19 10:01:44.326  WARN 2920 --- [main] o.h.b.i.InFlightMetadataCollectorImpl    : HHH000069: Duplicate generator name generator
2026-06-19 10:01:44.380  WARN 2920 --- [main] o.h.b.i.InFlightMetadataCollectorImpl    : HHH000069: Duplicate generator name generator
2026-06-19 10:01:44.402  WARN 2920 --- [main] o.h.b.i.InFlightMetadataCollectorImpl    : HHH000069: Duplicate generator name generator
2026-06-19 10:01:44.450  WARN 2920 --- [main] o.h.b.i.InFlightMetadataCollectorImpl    : HHH000069: Duplicate generator name generator
2026-06-19 10:01:44.466  WARN 2920 --- [main] o.h.b.i.InFlightMetadataCollectorImpl    : HHH000069: Duplicate generator name generator
2026-06-19 10:01:44.699  WARN 2920 --- [main] org.hibernate.id.GUIDGenerator           : HHH000065: DEPRECATED : use [org.hibernate.id.UUIDGenerator] instead with custom [org.hibernate.id.UUIDGenerationStrategy] implementation
2026-06-19 10:01:52.971  INFO 2920 --- [main] com.zaxxer.hikari.HikariDataSource       : HikariPool-2 - Starting...
2026-06-19 10:01:53.016  INFO 2920 --- [main] com.zaxxer.hikari.HikariDataSource       : HikariPool-2 - Start completed.
2026-06-19 10:01:53.105  WARN 2920 --- [main] o.h.b.i.InFlightMetadataCollectorImpl    : HHH000069: Duplicate generator name generator
2026-06-19 10:01:53.140  WARN 2920 --- [main] o.h.b.i.InFlightMetadataCollectorImpl    : HHH000069: Duplicate generator name generator
2026-06-19 10:01:54.806  INFO 2920 --- [main] com.zaxxer.hikari.HikariDataSource       : HikariPool-3 - Starting...
2026-06-19 10:01:54.916  INFO 2920 --- [main] com.zaxxer.hikari.HikariDataSource       : HikariPool-3 - Start completed.
2026-06-19 10:01:56.231  INFO 2920 --- [main] com.zaxxer.hikari.HikariDataSource       : HikariPool-4 - Starting...
2026-06-19 10:01:56.392  INFO 2920 --- [main] com.zaxxer.hikari.HikariDataSource       : HikariPool-4 - Start completed.
2026-06-19 10:02:06.496  WARN 2920 --- [main] JpaBaseConfiguration$JpaWebConfiguration : spring.jpa.open-in-view is enabled by default. Therefore, database queries may be performed during view rendering. Explicitly configure spring.jpa.open-in-view to disable this warning
2026-06-19 10:02:08.120  INFO 2920 --- [main] com.sigep.SigepApplication               : Started SigepApplication in 38.042 seconds (JVM running for 38.469)
2026-06-19 10:05:50.029  INFO 2920 --- [http-nio-8080-exec-1] o.a.c.c.C.[Tomcat].[localhost].[/]       : Initializing Spring DispatcherServlet 'dispatcherServlet'
2026-06-19 10:08:22.724  INFO 13604 --- [main] com.sigep.SigepApplication               : Starting SigepApplication using Java 17.0.12 on LAPTOP-S0HR1QU8 with PID 13604 (C:\Users\ASUS\PROJET SIGEP\backend\sigep\target\classes started by ASUS in C:\Users\ASUS\PROJET SIGEP\backend\sigep)
2026-06-19 10:08:22.728  INFO 13604 --- [main] com.sigep.SigepApplication               : The following 1 profile is active: "dev"
2026-06-19 10:08:27.707  INFO 13604 --- [main] o.apache.catalina.core.StandardService   : Starting service [Tomcat]
2026-06-19 10:08:27.709  INFO 13604 --- [main] org.apache.catalina.core.StandardEngine  : Starting Servlet engine: [Apache Tomcat/9.0.63]
2026-06-19 10:08:27.923  INFO 13604 --- [main] o.a.c.c.C.[Tomcat].[localhost].[/]       : Initializing Spring embedded WebApplicationContext
2026-06-19 10:08:30.056  INFO 13604 --- [main] com.zaxxer.hikari.HikariDataSource       : HikariPool-1 - Starting...
2026-06-19 10:08:30.555  INFO 13604 --- [main] com.zaxxer.hikari.HikariDataSource       : HikariPool-1 - Start completed.
2026-06-19 10:08:30.937  WARN 13604 --- [main] o.h.b.i.InFlightMetadataCollectorImpl    : HHH000069: Duplicate generator name generator
2026-06-19 10:08:30.951  WARN 13604 --- [main] o.h.b.i.InFlightMetadataCollectorImpl    : HHH000069: Duplicate generator name generator
2026-06-19 10:08:31.034  WARN 13604 --- [main] o.h.b.i.InFlightMetadataCollectorImpl    : HHH000069: Duplicate generator name generator
2026-06-19 10:08:31.042  WARN 13604 --- [main] o.h.b.i.InFlightMetadataCollectorImpl    : HHH000069: Duplicate generator name generator
2026-06-19 10:08:31.053  WARN 13604 --- [main] o.h.b.i.InFlightMetadataCollectorImpl    : HHH000069: Duplicate generator name generator
2026-06-19 10:08:31.056  WARN 13604 --- [main] o.h.b.i.InFlightMetadataCollectorImpl    : HHH000069: Duplicate generator name generator
2026-06-19 10:08:31.061  WARN 13604 --- [main] o.h.b.i.InFlightMetadataCollectorImpl    : HHH000069: Duplicate generator name generator
2026-06-19 10:08:31.089  WARN 13604 --- [main] o.h.b.i.InFlightMetadataCollectorImpl    : HHH000069: Duplicate generator name generator
2026-06-19 10:08:31.093  WARN 13604 --- [main] o.h.b.i.InFlightMetadataCollectorImpl    : HHH000069: Duplicate generator name generator
2026-06-19 10:08:31.116  WARN 13604 --- [main] o.h.b.i.InFlightMetadataCollectorImpl    : HHH000069: Duplicate generator name generator
2026-06-19 10:08:31.143  WARN 13604 --- [main] o.h.b.i.InFlightMetadataCollectorImpl    : HHH000069: Duplicate generator name generator
2026-06-19 10:08:31.157  WARN 13604 --- [main] o.h.b.i.InFlightMetadataCollectorImpl    : HHH000069: Duplicate generator name generator
2026-06-19 10:08:31.169  WARN 13604 --- [main] o.h.b.i.InFlightMetadataCollectorImpl    : HHH000069: Duplicate generator name generator
2026-06-19 10:08:31.181  WARN 13604 --- [main] o.h.b.i.InFlightMetadataCollectorImpl    : HHH000069: Duplicate generator name generator
2026-06-19 10:08:31.194  WARN 13604 --- [main] o.h.b.i.InFlightMetadataCollectorImpl    : HHH000069: Duplicate generator name generator
2026-06-19 10:08:31.196  WARN 13604 --- [main] o.h.b.i.InFlightMetadataCollectorImpl    : HHH000069: Duplicate generator name generator
2026-06-19 10:08:31.235  WARN 13604 --- [main] o.h.b.i.InFlightMetadataCollectorImpl    : HHH000069: Duplicate generator name generator
2026-06-19 10:08:31.257  WARN 13604 --- [main] o.h.b.i.InFlightMetadataCollectorImpl    : HHH000069: Duplicate generator name generator
2026-06-19 10:08:31.300  WARN 13604 --- [main] o.h.b.i.InFlightMetadataCollectorImpl    : HHH000069: Duplicate generator name generator
2026-06-19 10:08:31.308  WARN 13604 --- [main] o.h.b.i.InFlightMetadataCollectorImpl    : HHH000069: Duplicate generator name generator
2026-06-19 10:08:31.411  WARN 13604 --- [main] org.hibernate.id.GUIDGenerator           : HHH000065: DEPRECATED : use [org.hibernate.id.UUIDGenerator] instead with custom [org.hibernate.id.UUIDGenerationStrategy] implementation
2026-06-19 10:08:33.815  INFO 13604 --- [main] com.zaxxer.hikari.HikariDataSource       : HikariPool-2 - Starting...
2026-06-19 10:08:33.834  INFO 13604 --- [main] com.zaxxer.hikari.HikariDataSource       : HikariPool-2 - Start completed.
2026-06-19 10:08:33.881  WARN 13604 --- [main] o.h.b.i.InFlightMetadataCollectorImpl    : HHH000069: Duplicate generator name generator
2026-06-19 10:08:33.891  WARN 13604 --- [main] o.h.b.i.InFlightMetadataCollectorImpl    : HHH000069: Duplicate generator name generator
2026-06-19 10:08:34.584  INFO 13604 --- [main] com.zaxxer.hikari.HikariDataSource       : HikariPool-3 - Starting...
2026-06-19 10:08:34.683  INFO 13604 --- [main] com.zaxxer.hikari.HikariDataSource       : HikariPool-3 - Start completed.
2026-06-19 10:08:35.241  INFO 13604 --- [main] com.zaxxer.hikari.HikariDataSource       : HikariPool-4 - Starting...
2026-06-19 10:08:35.367  INFO 13604 --- [main] com.zaxxer.hikari.HikariDataSource       : HikariPool-4 - Start completed.
2026-06-19 10:08:39.562  WARN 13604 --- [main] JpaBaseConfiguration$JpaWebConfiguration : spring.jpa.open-in-view is enabled by default. Therefore, database queries may be performed during view rendering. Explicitly configure spring.jpa.open-in-view to disable this warning
2026-06-19 10:08:40.553  INFO 13604 --- [main] com.sigep.SigepApplication               : Started SigepApplication in 18.249 seconds (JVM running for 18.627)
2026-06-19 10:29:04.286  INFO 20840 --- [main] com.sigep.SigepApplication               : Starting SigepApplication using Java 17.0.12 on LAPTOP-S0HR1QU8 with PID 20840 (C:\Users\ASUS\PROJET SIGEP\backend\sigep\target\classes started by ASUS in C:\Users\ASUS\PROJET SIGEP\backend\sigep)
2026-06-19 10:29:04.290  INFO 20840 --- [main] com.sigep.SigepApplication               : The following 1 profile is active: "dev"
2026-06-19 10:29:16.135  INFO 20840 --- [main] o.apache.catalina.core.StandardService   : Starting service [Tomcat]
2026-06-19 10:29:16.135  INFO 20840 --- [main] org.apache.catalina.core.StandardEngine  : Starting Servlet engine: [Apache Tomcat/9.0.63]
2026-06-19 10:29:16.602  INFO 20840 --- [main] o.a.c.c.C.[Tomcat].[localhost].[/]       : Initializing Spring embedded WebApplicationContext
2026-06-19 10:29:20.376  INFO 20840 --- [main] com.zaxxer.hikari.HikariDataSource       : HikariPool-1 - Starting...
2026-06-19 10:29:21.404  INFO 20840 --- [main] com.zaxxer.hikari.HikariDataSource       : HikariPool-1 - Start completed.
2026-06-19 10:29:22.263  WARN 20840 --- [main] o.h.b.i.InFlightMetadataCollectorImpl    : HHH000069: Duplicate generator name generator
2026-06-19 10:29:22.288  WARN 20840 --- [main] o.h.b.i.InFlightMetadataCollectorImpl    : HHH000069: Duplicate generator name generator
2026-06-19 10:29:22.598  WARN 20840 --- [main] o.h.b.i.InFlightMetadataCollectorImpl    : HHH000069: Duplicate generator name generator
2026-06-19 10:29:22.610  WARN 20840 --- [main] o.h.b.i.InFlightMetadataCollectorImpl    : HHH000069: Duplicate generator name generator
2026-06-19 10:29:22.641  WARN 20840 --- [main] o.h.b.i.InFlightMetadataCollectorImpl    : HHH000069: Duplicate generator name generator
2026-06-19 10:29:22.648  WARN 20840 --- [main] o.h.b.i.InFlightMetadataCollectorImpl    : HHH000069: Duplicate generator name generator
2026-06-19 10:29:22.664  WARN 20840 --- [main] o.h.b.i.InFlightMetadataCollectorImpl    : HHH000069: Duplicate generator name generator
2026-06-19 10:29:22.739  WARN 20840 --- [main] o.h.b.i.InFlightMetadataCollectorImpl    : HHH000069: Duplicate generator name generator
2026-06-19 10:29:22.759  WARN 20840 --- [main] o.h.b.i.InFlightMetadataCollectorImpl    : HHH000069: Duplicate generator name generator
2026-06-19 10:29:22.801  WARN 20840 --- [main] o.h.b.i.InFlightMetadataCollectorImpl    : HHH000069: Duplicate generator name generator
2026-06-19 10:29:22.878  WARN 20840 --- [main] o.h.b.i.InFlightMetadataCollectorImpl    : HHH000069: Duplicate generator name generator
2026-06-19 10:29:22.927  WARN 20840 --- [main] o.h.b.i.InFlightMetadataCollectorImpl    : HHH000069: Duplicate generator name generator
2026-06-19 10:29:22.949  WARN 20840 --- [main] o.h.b.i.InFlightMetadataCollectorImpl    : HHH000069: Duplicate generator name generator
2026-06-19 10:29:22.969  WARN 20840 --- [main] o.h.b.i.InFlightMetadataCollectorImpl    : HHH000069: Duplicate generator name generator
2026-06-19 10:29:22.987  WARN 20840 --- [main] o.h.b.i.InFlightMetadataCollectorImpl    : HHH000069: Duplicate generator name generator
2026-06-19 10:29:22.996  WARN 20840 --- [main] o.h.b.i.InFlightMetadataCollectorImpl    : HHH000069: Duplicate generator name generator
2026-06-19 10:29:23.063  WARN 20840 --- [main] o.h.b.i.InFlightMetadataCollectorImpl    : HHH000069: Duplicate generator name generator
2026-06-19 10:29:23.180  WARN 20840 --- [main] o.h.b.i.InFlightMetadataCollectorImpl    : HHH000069: Duplicate generator name generator
2026-06-19 10:29:23.240  WARN 20840 --- [main] o.h.b.i.InFlightMetadataCollectorImpl    : HHH000069: Duplicate generator name generator
2026-06-19 10:29:23.258  WARN 20840 --- [main] o.h.b.i.InFlightMetadataCollectorImpl    : HHH000069: Duplicate generator name generator
2026-06-19 10:29:23.461  WARN 20840 --- [main] org.hibernate.id.GUIDGenerator           : HHH000065: DEPRECATED : use [org.hibernate.id.UUIDGenerator] instead with custom [org.hibernate.id.UUIDGenerationStrategy] implementation
2026-06-19 10:29:30.539  INFO 20840 --- [main] com.zaxxer.hikari.HikariDataSource       : HikariPool-2 - Starting...
2026-06-19 10:29:30.570  INFO 20840 --- [main] com.zaxxer.hikari.HikariDataSource       : HikariPool-2 - Start completed.
2026-06-19 10:29:30.658  WARN 20840 --- [main] o.h.b.i.InFlightMetadataCollectorImpl    : HHH000069: Duplicate generator name generator
2026-06-19 10:29:30.695  WARN 20840 --- [main] o.h.b.i.InFlightMetadataCollectorImpl    : HHH000069: Duplicate generator name generator
2026-06-19 10:29:32.772  INFO 20840 --- [main] com.zaxxer.hikari.HikariDataSource       : HikariPool-3 - Starting...
2026-06-19 10:29:33.417  INFO 20840 --- [main] com.zaxxer.hikari.HikariDataSource       : HikariPool-3 - Start completed.
2026-06-19 10:29:35.089  INFO 20840 --- [main] com.zaxxer.hikari.HikariDataSource       : HikariPool-4 - Starting...
2026-06-19 10:29:35.627  INFO 20840 --- [main] com.zaxxer.hikari.HikariDataSource       : HikariPool-4 - Start completed.
2026-06-19 10:29:45.922  WARN 20840 --- [main] JpaBaseConfiguration$JpaWebConfiguration : spring.jpa.open-in-view is enabled by default. Therefore, database queries may be performed during view rendering. Explicitly configure spring.jpa.open-in-view to disable this warning
2026-06-19 10:29:47.179  INFO 20840 --- [main] com.sigep.SigepApplication               : Started SigepApplication in 43.313 seconds (JVM running for 43.691)
2026-06-19 10:31:34.448  INFO 20840 --- [http-nio-8080-exec-1] o.a.c.c.C.[Tomcat].[localhost].[/]       : Initializing Spring DispatcherServlet 'dispatcherServlet'
2026-06-19 10:53:15.847  INFO 20808 --- [main] com.sigep.SigepApplication               : Starting SigepApplication using Java 17.0.12 on LAPTOP-S0HR1QU8 with PID 20808 (C:\Users\ASUS\PROJET SIGEP\backend\sigep\target\classes started by ASUS in C:\Users\ASUS\PROJET SIGEP\backend\sigep)
2026-06-19 10:53:15.851  INFO 20808 --- [main] com.sigep.SigepApplication               : The following 1 profile is active: "dev"
2026-06-19 10:53:27.068  INFO 20808 --- [main] o.apache.catalina.core.StandardService   : Starting service [Tomcat]
2026-06-19 10:53:27.069  INFO 20808 --- [main] org.apache.catalina.core.StandardEngine  : Starting Servlet engine: [Apache Tomcat/9.0.63]
2026-06-19 10:53:27.488  INFO 20808 --- [main] o.a.c.c.C.[Tomcat].[localhost].[/]       : Initializing Spring embedded WebApplicationContext
2026-06-19 10:53:33.608  INFO 20808 --- [main] com.zaxxer.hikari.HikariDataSource       : HikariPool-1 - Starting...
2026-06-19 10:53:34.703  INFO 20808 --- [main] com.zaxxer.hikari.HikariDataSource       : HikariPool-1 - Start completed.
2026-06-19 10:53:35.666  WARN 20808 --- [main] o.h.b.i.InFlightMetadataCollectorImpl    : HHH000069: Duplicate generator name generator
2026-06-19 10:53:35.695  WARN 20808 --- [main] o.h.b.i.InFlightMetadataCollectorImpl    : HHH000069: Duplicate generator name generator
2026-06-19 10:53:35.898  WARN 20808 --- [main] o.h.b.i.InFlightMetadataCollectorImpl    : HHH000069: Duplicate generator name generator
2026-06-19 10:53:35.905  WARN 20808 --- [main] o.h.b.i.InFlightMetadataCollectorImpl    : HHH000069: Duplicate generator name generator
2026-06-19 10:53:35.923  WARN 20808 --- [main] o.h.b.i.InFlightMetadataCollectorImpl    : HHH000069: Duplicate generator name generator
2026-06-19 10:53:35.926  WARN 20808 --- [main] o.h.b.i.InFlightMetadataCollectorImpl    : HHH000069: Duplicate generator name generator
2026-06-19 10:53:35.928  WARN 20808 --- [main] o.h.b.i.InFlightMetadataCollectorImpl    : HHH000069: Duplicate generator name generator
2026-06-19 10:53:35.973  WARN 20808 --- [main] o.h.b.i.InFlightMetadataCollectorImpl    : HHH000069: Duplicate generator name generator
2026-06-19 10:53:35.975  WARN 20808 --- [main] o.h.b.i.InFlightMetadataCollectorImpl    : HHH000069: Duplicate generator name generator
2026-06-19 10:53:35.998  WARN 20808 --- [main] o.h.b.i.InFlightMetadataCollectorImpl    : HHH000069: Duplicate generator name generator
2026-06-19 10:53:36.053  WARN 20808 --- [main] o.h.b.i.InFlightMetadataCollectorImpl    : HHH000069: Duplicate generator name generator
2026-06-19 10:53:36.115  WARN 20808 --- [main] o.h.b.i.InFlightMetadataCollectorImpl    : HHH000069: Duplicate generator name generator
2026-06-19 10:53:36.130  WARN 20808 --- [main] o.h.b.i.InFlightMetadataCollectorImpl    : HHH000069: Duplicate generator name generator
2026-06-19 10:53:36.139  WARN 20808 --- [main] o.h.b.i.InFlightMetadataCollectorImpl    : HHH000069: Duplicate generator name generator
2026-06-19 10:53:36.163  WARN 20808 --- [main] o.h.b.i.InFlightMetadataCollectorImpl    : HHH000069: Duplicate generator name generator
2026-06-19 10:53:36.168  WARN 20808 --- [main] o.h.b.i.InFlightMetadataCollectorImpl    : HHH000069: Duplicate generator name generator
2026-06-19 10:53:36.211  WARN 20808 --- [main] o.h.b.i.InFlightMetadataCollectorImpl    : HHH000069: Duplicate generator name generator
2026-06-19 10:53:36.228  WARN 20808 --- [main] o.h.b.i.InFlightMetadataCollectorImpl    : HHH000069: Duplicate generator name generator
2026-06-19 10:53:36.339  WARN 20808 --- [main] o.h.b.i.InFlightMetadataCollectorImpl    : HHH000069: Duplicate generator name generator
2026-06-19 10:53:36.346  WARN 20808 --- [main] o.h.b.i.InFlightMetadataCollectorImpl    : HHH000069: Duplicate generator name generator
2026-06-19 10:53:36.574  WARN 20808 --- [main] org.hibernate.id.GUIDGenerator           : HHH000065: DEPRECATED : use [org.hibernate.id.UUIDGenerator] instead with custom [org.hibernate.id.UUIDGenerationStrategy] implementation
2026-06-19 10:53:43.228  INFO 20808 --- [main] com.zaxxer.hikari.HikariDataSource       : HikariPool-2 - Starting...
2026-06-19 10:53:43.292  INFO 20808 --- [main] com.zaxxer.hikari.HikariDataSource       : HikariPool-2 - Start completed.
2026-06-19 10:53:43.356  WARN 20808 --- [main] o.h.b.i.InFlightMetadataCollectorImpl    : HHH000069: Duplicate generator name generator
2026-06-19 10:53:43.387  WARN 20808 --- [main] o.h.b.i.InFlightMetadataCollectorImpl    : HHH000069: Duplicate generator name generator
2026-06-19 10:53:45.305  INFO 20808 --- [main] com.zaxxer.hikari.HikariDataSource       : HikariPool-3 - Starting...
2026-06-19 10:53:45.829  INFO 20808 --- [main] com.zaxxer.hikari.HikariDataSource       : HikariPool-3 - Start completed.
2026-06-19 10:53:47.352  INFO 20808 --- [main] com.zaxxer.hikari.HikariDataSource       : HikariPool-4 - Starting...
2026-06-19 10:53:47.906  INFO 20808 --- [main] com.zaxxer.hikari.HikariDataSource       : HikariPool-4 - Start completed.
2026-06-19 10:53:56.164  WARN 20808 --- [main] JpaBaseConfiguration$JpaWebConfiguration : spring.jpa.open-in-view is enabled by default. Therefore, database queries may be performed during view rendering. Explicitly configure spring.jpa.open-in-view to disable this warning
2026-06-19 10:53:57.622  INFO 20808 --- [main] com.sigep.SigepApplication               : Started SigepApplication in 42.17 seconds (JVM running for 42.536)
2026-06-19 11:16:06.396  INFO 16484 --- [main] com.sigep.SigepApplication               : Starting SigepApplication using Java 17.0.12 on LAPTOP-S0HR1QU8 with PID 16484 (C:\Users\ASUS\PROJET SIGEP\backend\sigep\target\classes started by ASUS in C:\Users\ASUS\PROJET SIGEP\backend\sigep)
2026-06-19 11:16:06.401  INFO 16484 --- [main] com.sigep.SigepApplication               : The following 1 profile is active: "dev"
2026-06-19 11:16:11.118  INFO 16484 --- [main] o.apache.catalina.core.StandardService   : Starting service [Tomcat]
2026-06-19 11:16:11.121  INFO 16484 --- [main] org.apache.catalina.core.StandardEngine  : Starting Servlet engine: [Apache Tomcat/9.0.63]
2026-06-19 11:16:11.401  INFO 16484 --- [main] o.a.c.c.C.[Tomcat].[localhost].[/]       : Initializing Spring embedded WebApplicationContext
2026-06-19 11:16:13.741  INFO 16484 --- [main] com.zaxxer.hikari.HikariDataSource       : HikariPool-1 - Starting...
2026-06-19 11:16:14.280  INFO 16484 --- [main] com.zaxxer.hikari.HikariDataSource       : HikariPool-1 - Start completed.
2026-06-19 11:16:14.686  WARN 16484 --- [main] o.h.b.i.InFlightMetadataCollectorImpl    : HHH000069: Duplicate generator name generator
2026-06-19 11:16:14.701  WARN 16484 --- [main] o.h.b.i.InFlightMetadataCollectorImpl    : HHH000069: Duplicate generator name generator
2026-06-19 11:16:14.820  WARN 16484 --- [main] o.h.b.i.InFlightMetadataCollectorImpl    : HHH000069: Duplicate generator name generator
2026-06-19 11:16:14.828  WARN 16484 --- [main] o.h.b.i.InFlightMetadataCollectorImpl    : HHH000069: Duplicate generator name generator
2026-06-19 11:16:14.845  WARN 16484 --- [main] o.h.b.i.InFlightMetadataCollectorImpl    : HHH000069: Duplicate generator name generator
2026-06-19 11:16:14.849  WARN 16484 --- [main] o.h.b.i.InFlightMetadataCollectorImpl    : HHH000069: Duplicate generator name generator
2026-06-19 11:16:14.851  WARN 16484 --- [main] o.h.b.i.InFlightMetadataCollectorImpl    : HHH000069: Duplicate generator name generator
2026-06-19 11:16:14.873  WARN 16484 --- [main] o.h.b.i.InFlightMetadataCollectorImpl    : HHH000069: Duplicate generator name generator
2026-06-19 11:16:14.875  WARN 16484 --- [main] o.h.b.i.InFlightMetadataCollectorImpl    : HHH000069: Duplicate generator name generator
2026-06-19 11:16:14.894  WARN 16484 --- [main] o.h.b.i.InFlightMetadataCollectorImpl    : HHH000069: Duplicate generator name generator
2026-06-19 11:16:14.916  WARN 16484 --- [main] o.h.b.i.InFlightMetadataCollectorImpl    : HHH000069: Duplicate generator name generator
2026-06-19 11:16:14.942  WARN 16484 --- [main] o.h.b.i.InFlightMetadataCollectorImpl    : HHH000069: Duplicate generator name generator
2026-06-19 11:16:14.954  WARN 16484 --- [main] o.h.b.i.InFlightMetadataCollectorImpl    : HHH000069: Duplicate generator name generator
2026-06-19 11:16:14.966  WARN 16484 --- [main] o.h.b.i.InFlightMetadataCollectorImpl    : HHH000069: Duplicate generator name generator
2026-06-19 11:16:14.978  WARN 16484 --- [main] o.h.b.i.InFlightMetadataCollectorImpl    : HHH000069: Duplicate generator name generator
2026-06-19 11:16:14.982  WARN 16484 --- [main] o.h.b.i.InFlightMetadataCollectorImpl    : HHH000069: Duplicate generator name generator
2026-06-19 11:16:15.020  WARN 16484 --- [main] o.h.b.i.InFlightMetadataCollectorImpl    : HHH000069: Duplicate generator name generator
2026-06-19 11:16:15.038  WARN 16484 --- [main] o.h.b.i.InFlightMetadataCollectorImpl    : HHH000069: Duplicate generator name generator
2026-06-19 11:16:15.088  WARN 16484 --- [main] o.h.b.i.InFlightMetadataCollectorImpl    : HHH000069: Duplicate generator name generator
2026-06-19 11:16:15.096  WARN 16484 --- [main] o.h.b.i.InFlightMetadataCollectorImpl    : HHH000069: Duplicate generator name generator
2026-06-19 11:16:15.197  WARN 16484 --- [main] org.hibernate.id.GUIDGenerator           : HHH000065: DEPRECATED : use [org.hibernate.id.UUIDGenerator] instead with custom [org.hibernate.id.UUIDGenerationStrategy] implementation
2026-06-19 11:16:18.433  INFO 16484 --- [main] com.zaxxer.hikari.HikariDataSource       : HikariPool-2 - Starting...
2026-06-19 11:16:18.450  INFO 16484 --- [main] com.zaxxer.hikari.HikariDataSource       : HikariPool-2 - Start completed.
2026-06-19 11:16:18.498  WARN 16484 --- [main] o.h.b.i.InFlightMetadataCollectorImpl    : HHH000069: Duplicate generator name generator
2026-06-19 11:16:18.514  WARN 16484 --- [main] o.h.b.i.InFlightMetadataCollectorImpl    : HHH000069: Duplicate generator name generator
2026-06-19 11:16:19.416  INFO 16484 --- [main] com.zaxxer.hikari.HikariDataSource       : HikariPool-3 - Starting...
2026-06-19 11:16:19.512  INFO 16484 --- [main] com.zaxxer.hikari.HikariDataSource       : HikariPool-3 - Start completed.
2026-06-19 11:16:20.085  INFO 16484 --- [main] com.zaxxer.hikari.HikariDataSource       : HikariPool-4 - Starting...
2026-06-19 11:16:20.200  INFO 16484 --- [main] com.zaxxer.hikari.HikariDataSource       : HikariPool-4 - Start completed.
2026-06-19 11:16:24.254  WARN 16484 --- [main] JpaBaseConfiguration$JpaWebConfiguration : spring.jpa.open-in-view is enabled by default. Therefore, database queries may be performed during view rendering. Explicitly configure spring.jpa.open-in-view to disable this warning
2026-06-19 11:16:24.942  INFO 16484 --- [main] com.sigep.SigepApplication               : Started SigepApplication in 18.953 seconds (JVM running for 19.291)
2026-06-19 11:30:08.577  INFO 16484 --- [http-nio-8080-exec-1] o.a.c.c.C.[Tomcat].[localhost].[/]       : Initializing Spring DispatcherServlet 'dispatcherServlet'
2026-06-19 12:11:31.643  INFO 15088 --- [main] com.sigep.SigepApplication               : Starting SigepApplication using Java 17.0.12 on LAPTOP-S0HR1QU8 with PID 15088 (C:\Users\ASUS\PROJET SIGEP\backend\sigep\target\classes started by ASUS in C:\Users\ASUS\PROJET SIGEP\backend\sigep)
2026-06-19 12:11:31.650  INFO 15088 --- [main] com.sigep.SigepApplication               : The following 1 profile is active: "dev"
2026-06-19 12:11:37.224  INFO 15088 --- [main] o.apache.catalina.core.StandardService   : Starting service [Tomcat]
2026-06-19 12:11:37.227  INFO 15088 --- [main] org.apache.catalina.core.StandardEngine  : Starting Servlet engine: [Apache Tomcat/9.0.63]
2026-06-19 12:11:38.490  INFO 15088 --- [main] o.a.c.c.C.[Tomcat].[localhost].[/]       : Initializing Spring embedded WebApplicationContext
2026-06-19 12:11:40.567  INFO 15088 --- [main] com.zaxxer.hikari.HikariDataSource       : HikariPool-1 - Starting...
2026-06-19 12:11:41.108  INFO 15088 --- [main] com.zaxxer.hikari.HikariDataSource       : HikariPool-1 - Start completed.
2026-06-19 12:11:41.465  WARN 15088 --- [main] o.h.b.i.InFlightMetadataCollectorImpl    : HHH000069: Duplicate generator name generator
2026-06-19 12:11:41.479  WARN 15088 --- [main] o.h.b.i.InFlightMetadataCollectorImpl    : HHH000069: Duplicate generator name generator
2026-06-19 12:11:41.557  WARN 15088 --- [main] o.h.b.i.InFlightMetadataCollectorImpl    : HHH000069: Duplicate generator name generator
2026-06-19 12:11:41.562  WARN 15088 --- [main] o.h.b.i.InFlightMetadataCollectorImpl    : HHH000069: Duplicate generator name generator
2026-06-19 12:11:41.577  WARN 15088 --- [main] o.h.b.i.InFlightMetadataCollectorImpl    : HHH000069: Duplicate generator name generator
2026-06-19 12:11:41.580  WARN 15088 --- [main] o.h.b.i.InFlightMetadataCollectorImpl    : HHH000069: Duplicate generator name generator
2026-06-19 12:11:41.584  WARN 15088 --- [main] o.h.b.i.InFlightMetadataCollectorImpl    : HHH000069: Duplicate generator name generator
2026-06-19 12:11:41.611  WARN 15088 --- [main] o.h.b.i.InFlightMetadataCollectorImpl    : HHH000069: Duplicate generator name generator
2026-06-19 12:11:41.613  WARN 15088 --- [main] o.h.b.i.InFlightMetadataCollectorImpl    : HHH000069: Duplicate generator name generator
2026-06-19 12:11:41.639  WARN 15088 --- [main] o.h.b.i.InFlightMetadataCollectorImpl    : HHH000069: Duplicate generator name generator
2026-06-19 12:11:41.666  WARN 15088 --- [main] o.h.b.i.InFlightMetadataCollectorImpl    : HHH000069: Duplicate generator name generator
2026-06-19 12:11:41.685  WARN 15088 --- [main] o.h.b.i.InFlightMetadataCollectorImpl    : HHH000069: Duplicate generator name generator
2026-06-19 12:11:41.698  WARN 15088 --- [main] o.h.b.i.InFlightMetadataCollectorImpl    : HHH000069: Duplicate generator name generator
2026-06-19 12:11:41.705  WARN 15088 --- [main] o.h.b.i.InFlightMetadataCollectorImpl    : HHH000069: Duplicate generator name generator
2026-06-19 12:11:41.719  WARN 15088 --- [main] o.h.b.i.InFlightMetadataCollectorImpl    : HHH000069: Duplicate generator name generator
2026-06-19 12:11:41.722  WARN 15088 --- [main] o.h.b.i.InFlightMetadataCollectorImpl    : HHH000069: Duplicate generator name generator
2026-06-19 12:11:41.761  WARN 15088 --- [main] o.h.b.i.InFlightMetadataCollectorImpl    : HHH000069: Duplicate generator name generator
2026-06-19 12:11:41.777  WARN 15088 --- [main] o.h.b.i.InFlightMetadataCollectorImpl    : HHH000069: Duplicate generator name generator
2026-06-19 12:11:41.808  WARN 15088 --- [main] o.h.b.i.InFlightMetadataCollectorImpl    : HHH000069: Duplicate generator name generator
2026-06-19 12:11:41.813  WARN 15088 --- [main] o.h.b.i.InFlightMetadataCollectorImpl    : HHH000069: Duplicate generator name generator
2026-06-19 12:11:41.912  WARN 15088 --- [main] org.hibernate.id.GUIDGenerator           : HHH000065: DEPRECATED : use [org.hibernate.id.UUIDGenerator] instead with custom [org.hibernate.id.UUIDGenerationStrategy] implementation
2026-06-19 12:11:44.403  INFO 15088 --- [main] com.zaxxer.hikari.HikariDataSource       : HikariPool-2 - Starting...
2026-06-19 12:11:44.420  INFO 15088 --- [main] com.zaxxer.hikari.HikariDataSource       : HikariPool-2 - Start completed.
2026-06-19 12:11:44.475  WARN 15088 --- [main] o.h.b.i.InFlightMetadataCollectorImpl    : HHH000069: Duplicate generator name generator
2026-06-19 12:11:44.496  WARN 15088 --- [main] o.h.b.i.InFlightMetadataCollectorImpl    : HHH000069: Duplicate generator name generator
2026-06-19 12:11:45.343  INFO 15088 --- [main] com.zaxxer.hikari.HikariDataSource       : HikariPool-3 - Starting...
2026-06-19 12:11:45.552  INFO 15088 --- [main] com.zaxxer.hikari.HikariDataSource       : HikariPool-3 - Start completed.
2026-06-19 12:11:46.086  INFO 15088 --- [main] com.zaxxer.hikari.HikariDataSource       : HikariPool-4 - Starting...
2026-06-19 12:11:46.209  INFO 15088 --- [main] com.zaxxer.hikari.HikariDataSource       : HikariPool-4 - Start completed.
2026-06-19 12:11:50.243  WARN 15088 --- [main] JpaBaseConfiguration$JpaWebConfiguration : spring.jpa.open-in-view is enabled by default. Therefore, database queries may be performed during view rendering. Explicitly configure spring.jpa.open-in-view to disable this warning
2026-06-19 12:11:51.178  INFO 15088 --- [main] com.sigep.SigepApplication               : Started SigepApplication in 19.961 seconds (JVM running for 20.292)
2026-06-19 12:27:21.063  INFO 15088 --- [http-nio-8080-exec-2] o.a.c.c.C.[Tomcat].[localhost].[/]       : Initializing Spring DispatcherServlet 'dispatcherServlet'
2026-06-19 12:32:31.633  INFO 13100 --- [main] com.sigep.SigepApplication               : Starting SigepApplication using Java 17.0.12 on LAPTOP-S0HR1QU8 with PID 13100 (C:\Users\ASUS\PROJET SIGEP\backend\sigep\target\classes started by ASUS in C:\Users\ASUS\PROJET SIGEP\backend\sigep)
2026-06-19 12:32:31.637  INFO 13100 --- [main] com.sigep.SigepApplication               : The following 1 profile is active: "dev"
2026-06-19 12:32:43.049  INFO 13100 --- [main] o.apache.catalina.core.StandardService   : Starting service [Tomcat]
2026-06-19 12:32:43.050  INFO 13100 --- [main] org.apache.catalina.core.StandardEngine  : Starting Servlet engine: [Apache Tomcat/9.0.63]
2026-06-19 12:32:43.381  INFO 13100 --- [main] o.a.c.c.C.[Tomcat].[localhost].[/]       : Initializing Spring embedded WebApplicationContext
2026-06-19 12:32:46.877  INFO 13100 --- [main] com.zaxxer.hikari.HikariDataSource       : HikariPool-1 - Starting...
2026-06-19 12:32:48.168  INFO 13100 --- [main] com.zaxxer.hikari.HikariDataSource       : HikariPool-1 - Start completed.
2026-06-19 12:32:49.000  WARN 13100 --- [main] o.h.b.i.InFlightMetadataCollectorImpl    : HHH000069: Duplicate generator name generator
2026-06-19 12:32:49.037  WARN 13100 --- [main] o.h.b.i.InFlightMetadataCollectorImpl    : HHH000069: Duplicate generator name generator
2026-06-19 12:32:49.226  WARN 13100 --- [main] o.h.b.i.InFlightMetadataCollectorImpl    : HHH000069: Duplicate generator name generator
2026-06-19 12:32:49.236  WARN 13100 --- [main] o.h.b.i.InFlightMetadataCollectorImpl    : HHH000069: Duplicate generator name generator
2026-06-19 12:32:49.287  WARN 13100 --- [main] o.h.b.i.InFlightMetadataCollectorImpl    : HHH000069: Duplicate generator name generator
2026-06-19 12:32:49.295  WARN 13100 --- [main] o.h.b.i.InFlightMetadataCollectorImpl    : HHH000069: Duplicate generator name generator
2026-06-19 12:32:49.299  WARN 13100 --- [main] o.h.b.i.InFlightMetadataCollectorImpl    : HHH000069: Duplicate generator name generator
2026-06-19 12:32:49.379  WARN 13100 --- [main] o.h.b.i.InFlightMetadataCollectorImpl    : HHH000069: Duplicate generator name generator
2026-06-19 12:32:49.383  WARN 13100 --- [main] o.h.b.i.InFlightMetadataCollectorImpl    : HHH000069: Duplicate generator name generator
2026-06-19 12:32:49.411  WARN 13100 --- [main] o.h.b.i.InFlightMetadataCollectorImpl    : HHH000069: Duplicate generator name generator
2026-06-19 12:32:49.452  WARN 13100 --- [main] o.h.b.i.InFlightMetadataCollectorImpl    : HHH000069: Duplicate generator name generator
2026-06-19 12:32:49.489  WARN 13100 --- [main] o.h.b.i.InFlightMetadataCollectorImpl    : HHH000069: Duplicate generator name generator
2026-06-19 12:32:49.511  WARN 13100 --- [main] o.h.b.i.InFlightMetadataCollectorImpl    : HHH000069: Duplicate generator name generator
2026-06-19 12:32:49.525  WARN 13100 --- [main] o.h.b.i.InFlightMetadataCollectorImpl    : HHH000069: Duplicate generator name generator
2026-06-19 12:32:49.541  WARN 13100 --- [main] o.h.b.i.InFlightMetadataCollectorImpl    : HHH000069: Duplicate generator name generator
2026-06-19 12:32:49.544  WARN 13100 --- [main] o.h.b.i.InFlightMetadataCollectorImpl    : HHH000069: Duplicate generator name generator
2026-06-19 12:32:49.612  WARN 13100 --- [main] o.h.b.i.InFlightMetadataCollectorImpl    : HHH000069: Duplicate generator name generator
2026-06-19 12:32:49.627  WARN 13100 --- [main] o.h.b.i.InFlightMetadataCollectorImpl    : HHH000069: Duplicate generator name generator
2026-06-19 12:32:49.686  WARN 13100 --- [main] o.h.b.i.InFlightMetadataCollectorImpl    : HHH000069: Duplicate generator name generator
2026-06-19 12:32:49.694  WARN 13100 --- [main] o.h.b.i.InFlightMetadataCollectorImpl    : HHH000069: Duplicate generator name generator
2026-06-19 12:32:49.868  WARN 13100 --- [main] org.hibernate.id.GUIDGenerator           : HHH000065: DEPRECATED : use [org.hibernate.id.UUIDGenerator] instead with custom [org.hibernate.id.UUIDGenerationStrategy] implementation
2026-06-19 12:32:55.847  INFO 13100 --- [main] com.zaxxer.hikari.HikariDataSource       : HikariPool-2 - Starting...
2026-06-19 12:32:55.893  INFO 13100 --- [main] com.zaxxer.hikari.HikariDataSource       : HikariPool-2 - Start completed.
2026-06-19 12:32:56.035  WARN 13100 --- [main] o.h.b.i.InFlightMetadataCollectorImpl    : HHH000069: Duplicate generator name generator
2026-06-19 12:32:56.074  WARN 13100 --- [main] o.h.b.i.InFlightMetadataCollectorImpl    : HHH000069: Duplicate generator name generator
2026-06-19 12:32:58.325  INFO 13100 --- [main] com.zaxxer.hikari.HikariDataSource       : HikariPool-3 - Starting...
2026-06-19 12:32:59.349  INFO 13100 --- [main] com.zaxxer.hikari.HikariDataSource       : HikariPool-3 - Start completed.
2026-06-19 12:33:00.803  INFO 13100 --- [main] com.zaxxer.hikari.HikariDataSource       : HikariPool-4 - Starting...
2026-06-19 12:33:01.599  INFO 13100 --- [main] com.zaxxer.hikari.HikariDataSource       : HikariPool-4 - Start completed.
2026-06-19 12:33:11.141  WARN 13100 --- [main] JpaBaseConfiguration$JpaWebConfiguration : spring.jpa.open-in-view is enabled by default. Therefore, database queries may be performed during view rendering. Explicitly configure spring.jpa.open-in-view to disable this warning
2026-06-19 12:33:12.479  INFO 13100 --- [main] com.sigep.SigepApplication               : Started SigepApplication in 41.257 seconds (JVM running for 41.676)
2026-06-19 12:33:54.791  INFO 13100 --- [http-nio-8080-exec-1] o.a.c.c.C.[Tomcat].[localhost].[/]       : Initializing Spring DispatcherServlet 'dispatcherServlet'
2026-06-19 13:14:11.317  INFO 17012 --- [main] com.sigep.SigepApplication               : Starting SigepApplication using Java 17.0.12 on LAPTOP-S0HR1QU8 with PID 17012 (C:\Users\ASUS\PROJET SIGEP\backend\sigep\target\classes started by ASUS in C:\Users\ASUS\PROJET SIGEP\backend\sigep)
2026-06-19 13:14:11.322  INFO 17012 --- [main] com.sigep.SigepApplication               : The following 1 profile is active: "dev"
2026-06-19 13:14:24.758  INFO 17012 --- [main] o.apache.catalina.core.StandardService   : Starting service [Tomcat]
2026-06-19 13:14:24.758  INFO 17012 --- [main] org.apache.catalina.core.StandardEngine  : Starting Servlet engine: [Apache Tomcat/9.0.63]
2026-06-19 13:14:25.116  INFO 17012 --- [main] o.a.c.c.C.[Tomcat].[localhost].[/]       : Initializing Spring embedded WebApplicationContext
2026-06-19 13:14:29.553  INFO 17012 --- [main] com.zaxxer.hikari.HikariDataSource       : HikariPool-1 - Starting...
2026-06-19 13:14:31.471  INFO 17012 --- [main] com.zaxxer.hikari.HikariDataSource       : HikariPool-1 - Start completed.
2026-06-19 13:14:32.463  WARN 17012 --- [main] o.h.b.i.InFlightMetadataCollectorImpl    : HHH000069: Duplicate generator name generator
2026-06-19 13:14:32.499  WARN 17012 --- [main] o.h.b.i.InFlightMetadataCollectorImpl    : HHH000069: Duplicate generator name generator
2026-06-19 13:14:33.047  WARN 17012 --- [main] o.h.b.i.InFlightMetadataCollectorImpl    : HHH000069: Duplicate generator name generator
2026-06-19 13:14:33.056  WARN 17012 --- [main] o.h.b.i.InFlightMetadataCollectorImpl    : HHH000069: Duplicate generator name generator
2026-06-19 13:14:33.113  WARN 17012 --- [main] o.h.b.i.InFlightMetadataCollectorImpl    : HHH000069: Duplicate generator name generator
2026-06-19 13:14:33.122  WARN 17012 --- [main] o.h.b.i.InFlightMetadataCollectorImpl    : HHH000069: Duplicate generator name generator
2026-06-19 13:14:33.128  WARN 17012 --- [main] o.h.b.i.InFlightMetadataCollectorImpl    : HHH000069: Duplicate generator name generator
2026-06-19 13:14:33.190  WARN 17012 --- [main] o.h.b.i.InFlightMetadataCollectorImpl    : HHH000069: Duplicate generator name generator
2026-06-19 13:14:33.192  WARN 17012 --- [main] o.h.b.i.InFlightMetadataCollectorImpl    : HHH000069: Duplicate generator name generator
2026-06-19 13:14:33.228  WARN 17012 --- [main] o.h.b.i.InFlightMetadataCollectorImpl    : HHH000069: Duplicate generator name generator
2026-06-19 13:14:33.265  WARN 17012 --- [main] o.h.b.i.InFlightMetadataCollectorImpl    : HHH000069: Duplicate generator name generator
2026-06-19 13:14:33.294  WARN 17012 --- [main] o.h.b.i.InFlightMetadataCollectorImpl    : HHH000069: Duplicate generator name generator
2026-06-19 13:14:33.307  WARN 17012 --- [main] o.h.b.i.InFlightMetadataCollectorImpl    : HHH000069: Duplicate generator name generator
2026-06-19 13:14:33.319  WARN 17012 --- [main] o.h.b.i.InFlightMetadataCollectorImpl    : HHH000069: Duplicate generator name generator
2026-06-19 13:14:33.334  WARN 17012 --- [main] o.h.b.i.InFlightMetadataCollectorImpl    : HHH000069: Duplicate generator name generator
2026-06-19 13:14:33.339  WARN 17012 --- [main] o.h.b.i.InFlightMetadataCollectorImpl    : HHH000069: Duplicate generator name generator
2026-06-19 13:14:33.387  WARN 17012 --- [main] o.h.b.i.InFlightMetadataCollectorImpl    : HHH000069: Duplicate generator name generator
2026-06-19 13:14:33.409  WARN 17012 --- [main] o.h.b.i.InFlightMetadataCollectorImpl    : HHH000069: Duplicate generator name generator
2026-06-19 13:14:33.524  WARN 17012 --- [main] o.h.b.i.InFlightMetadataCollectorImpl    : HHH000069: Duplicate generator name generator
2026-06-19 13:14:33.528  WARN 17012 --- [main] o.h.b.i.InFlightMetadataCollectorImpl    : HHH000069: Duplicate generator name generator
2026-06-19 13:14:33.728  WARN 17012 --- [main] org.hibernate.id.GUIDGenerator           : HHH000065: DEPRECATED : use [org.hibernate.id.UUIDGenerator] instead with custom [org.hibernate.id.UUIDGenerationStrategy] implementation
2026-06-19 13:14:40.228  INFO 17012 --- [main] com.zaxxer.hikari.HikariDataSource       : HikariPool-2 - Starting...
2026-06-19 13:14:40.257  INFO 17012 --- [main] com.zaxxer.hikari.HikariDataSource       : HikariPool-2 - Start completed.
2026-06-19 13:14:40.398  WARN 17012 --- [main] o.h.b.i.InFlightMetadataCollectorImpl    : HHH000069: Duplicate generator name generator
2026-06-19 13:14:40.426  WARN 17012 --- [main] o.h.b.i.InFlightMetadataCollectorImpl    : HHH000069: Duplicate generator name generator
2026-06-19 13:14:42.886  INFO 17012 --- [main] com.zaxxer.hikari.HikariDataSource       : HikariPool-3 - Starting...
2026-06-19 13:14:43.364  INFO 17012 --- [main] com.zaxxer.hikari.HikariDataSource       : HikariPool-3 - Start completed.
2026-06-19 13:14:45.041  INFO 17012 --- [main] com.zaxxer.hikari.HikariDataSource       : HikariPool-4 - Starting...
2026-06-19 13:14:45.645  INFO 17012 --- [main] com.zaxxer.hikari.HikariDataSource       : HikariPool-4 - Start completed.
2026-06-19 13:14:56.462  WARN 17012 --- [main] JpaBaseConfiguration$JpaWebConfiguration : spring.jpa.open-in-view is enabled by default. Therefore, database queries may be performed during view rendering. Explicitly configure spring.jpa.open-in-view to disable this warning
2026-06-19 13:14:57.836  INFO 17012 --- [main] com.sigep.SigepApplication               : Started SigepApplication in 47.002 seconds (JVM running for 47.431)
2026-06-19 13:26:56.888  INFO 17012 --- [http-nio-8080-exec-1] o.a.c.c.C.[Tomcat].[localhost].[/]       : Initializing Spring DispatcherServlet 'dispatcherServlet'
2026-06-19 13:31:02.420  INFO 3656 --- [main] com.sigep.SigepApplication               : Starting SigepApplication using Java 17.0.12 on LAPTOP-S0HR1QU8 with PID 3656 (C:\Users\ASUS\PROJET SIGEP\backend\sigep\target\classes started by ASUS in C:\Users\ASUS\PROJET SIGEP\backend\sigep)
2026-06-19 13:31:02.425  INFO 3656 --- [main] com.sigep.SigepApplication               : The following 1 profile is active: "dev"
2026-06-19 13:31:07.831  INFO 3656 --- [main] o.apache.catalina.core.StandardService   : Starting service [Tomcat]
2026-06-19 13:31:07.832  INFO 3656 --- [main] org.apache.catalina.core.StandardEngine  : Starting Servlet engine: [Apache Tomcat/9.0.63]
2026-06-19 13:31:08.180  INFO 3656 --- [main] o.a.c.c.C.[Tomcat].[localhost].[/]       : Initializing Spring embedded WebApplicationContext
2026-06-19 13:31:10.535  INFO 3656 --- [main] com.zaxxer.hikari.HikariDataSource       : HikariPool-1 - Starting...
2026-06-19 13:31:11.871  INFO 3656 --- [main] com.zaxxer.hikari.HikariDataSource       : HikariPool-1 - Start completed.
2026-06-19 13:31:12.263  WARN 3656 --- [main] o.h.b.i.InFlightMetadataCollectorImpl    : HHH000069: Duplicate generator name generator
2026-06-19 13:31:12.276  WARN 3656 --- [main] o.h.b.i.InFlightMetadataCollectorImpl    : HHH000069: Duplicate generator name generator
2026-06-19 13:31:12.351  WARN 3656 --- [main] o.h.b.i.InFlightMetadataCollectorImpl    : HHH000069: Duplicate generator name generator
2026-06-19 13:31:12.357  WARN 3656 --- [main] o.h.b.i.InFlightMetadataCollectorImpl    : HHH000069: Duplicate generator name generator
2026-06-19 13:31:12.394  WARN 3656 --- [main] o.h.b.i.InFlightMetadataCollectorImpl    : HHH000069: Duplicate generator name generator
2026-06-19 13:31:12.431  WARN 3656 --- [main] o.h.b.i.InFlightMetadataCollectorImpl    : HHH000069: Duplicate generator name generator
2026-06-19 13:31:12.507  WARN 3656 --- [main] o.h.b.i.InFlightMetadataCollectorImpl    : HHH000069: Duplicate generator name generator
2026-06-19 13:31:12.662  WARN 3656 --- [main] o.h.b.i.InFlightMetadataCollectorImpl    : HHH000069: Duplicate generator name generator
2026-06-19 13:31:12.686  WARN 3656 --- [main] o.h.b.i.InFlightMetadataCollectorImpl    : HHH000069: Duplicate generator name generator
2026-06-19 13:31:12.777  WARN 3656 --- [main] o.h.b.i.InFlightMetadataCollectorImpl    : HHH000069: Duplicate generator name generator
2026-06-19 13:31:12.911  WARN 3656 --- [main] o.h.b.i.InFlightMetadataCollectorImpl    : HHH000069: Duplicate generator name generator
2026-06-19 13:31:12.958  WARN 3656 --- [main] o.h.b.i.InFlightMetadataCollectorImpl    : HHH000069: Duplicate generator name generator
2026-06-19 13:31:13.020  WARN 3656 --- [main] o.h.b.i.InFlightMetadataCollectorImpl    : HHH000069: Duplicate generator name generator
2026-06-19 13:31:13.049  WARN 3656 --- [main] o.h.b.i.InFlightMetadataCollectorImpl    : HHH000069: Duplicate generator name generator
2026-06-19 13:31:13.145  WARN 3656 --- [main] o.h.b.i.InFlightMetadataCollectorImpl    : HHH000069: Duplicate generator name generator
2026-06-19 13:31:13.150  WARN 3656 --- [main] o.h.b.i.InFlightMetadataCollectorImpl    : HHH000069: Duplicate generator name generator
2026-06-19 13:31:13.203  WARN 3656 --- [main] o.h.b.i.InFlightMetadataCollectorImpl    : HHH000069: Duplicate generator name generator
2026-06-19 13:31:13.224  WARN 3656 --- [main] o.h.b.i.InFlightMetadataCollectorImpl    : HHH000069: Duplicate generator name generator
2026-06-19 13:31:13.290  WARN 3656 --- [main] o.h.b.i.InFlightMetadataCollectorImpl    : HHH000069: Duplicate generator name generator
2026-06-19 13:31:13.296  WARN 3656 --- [main] o.h.b.i.InFlightMetadataCollectorImpl    : HHH000069: Duplicate generator name generator
2026-06-19 13:31:13.435  WARN 3656 --- [main] org.hibernate.id.GUIDGenerator           : HHH000065: DEPRECATED : use [org.hibernate.id.UUIDGenerator] instead with custom [org.hibernate.id.UUIDGenerationStrategy] implementation
2026-06-19 13:31:17.644  INFO 3656 --- [main] com.zaxxer.hikari.HikariDataSource       : HikariPool-2 - Starting...
2026-06-19 13:31:17.666  INFO 3656 --- [main] com.zaxxer.hikari.HikariDataSource       : HikariPool-2 - Start completed.
2026-06-19 13:31:17.716  WARN 3656 --- [main] o.h.b.i.InFlightMetadataCollectorImpl    : HHH000069: Duplicate generator name generator
2026-06-19 13:31:17.727  WARN 3656 --- [main] o.h.b.i.InFlightMetadataCollectorImpl    : HHH000069: Duplicate generator name generator
2026-06-19 13:31:18.943  INFO 3656 --- [main] com.zaxxer.hikari.HikariDataSource       : HikariPool-3 - Starting...
2026-06-19 13:31:19.419  INFO 3656 --- [main] com.zaxxer.hikari.HikariDataSource       : HikariPool-3 - Start completed.
2026-06-19 13:31:20.260  INFO 3656 --- [main] com.zaxxer.hikari.HikariDataSource       : HikariPool-4 - Starting...
2026-06-19 13:31:20.725  INFO 3656 --- [main] com.zaxxer.hikari.HikariDataSource       : HikariPool-4 - Start completed.
2026-06-19 13:31:29.637  WARN 3656 --- [main] JpaBaseConfiguration$JpaWebConfiguration : spring.jpa.open-in-view is enabled by default. Therefore, database queries may be performed during view rendering. Explicitly configure spring.jpa.open-in-view to disable this warning
2026-06-19 13:31:30.989  INFO 3656 --- [main] com.sigep.SigepApplication               : Started SigepApplication in 28.988 seconds (JVM running for 29.389)
2026-06-19 13:32:10.075  INFO 3656 --- [http-nio-8080-exec-1] o.a.c.c.C.[Tomcat].[localhost].[/]       : Initializing Spring DispatcherServlet 'dispatcherServlet'
2026-06-19 22:08:18.555  INFO 17152 --- [main] com.sigep.SigepApplication               : Starting SigepApplication using Java 17.0.12 on LAPTOP-S0HR1QU8 with PID 17152 (C:\Users\ASUS\PROJET SIGEP\backend\sigep\target\classes started by ASUS in C:\Users\ASUS\PROJET SIGEP\backend\sigep)
2026-06-19 22:08:18.565  INFO 17152 --- [main] com.sigep.SigepApplication               : The following 1 profile is active: "dev"
2026-06-19 22:08:39.284  INFO 17152 --- [main] o.apache.catalina.core.StandardService   : Starting service [Tomcat]
2026-06-19 22:08:39.286  INFO 17152 --- [main] org.apache.catalina.core.StandardEngine  : Starting Servlet engine: [Apache Tomcat/9.0.63]
2026-06-19 22:08:39.984  INFO 17152 --- [main] o.a.c.c.C.[Tomcat].[localhost].[/]       : Initializing Spring embedded WebApplicationContext
2026-06-19 22:08:46.274  INFO 17152 --- [main] com.zaxxer.hikari.HikariDataSource       : HikariPool-1 - Starting...
2026-06-19 22:08:48.535  INFO 17152 --- [main] com.zaxxer.hikari.HikariDataSource       : HikariPool-1 - Start completed.
2026-06-19 22:08:49.651  WARN 17152 --- [main] o.h.b.i.InFlightMetadataCollectorImpl    : HHH000069: Duplicate generator name generator
2026-06-19 22:08:49.706  WARN 17152 --- [main] o.h.b.i.InFlightMetadataCollectorImpl    : HHH000069: Duplicate generator name generator
2026-06-19 22:08:50.032  WARN 17152 --- [main] o.h.b.i.InFlightMetadataCollectorImpl    : HHH000069: Duplicate generator name generator
2026-06-19 22:08:50.043  WARN 17152 --- [main] o.h.b.i.InFlightMetadataCollectorImpl    : HHH000069: Duplicate generator name generator
2026-06-19 22:08:50.106  WARN 17152 --- [main] o.h.b.i.InFlightMetadataCollectorImpl    : HHH000069: Duplicate generator name generator
2026-06-19 22:08:50.122  WARN 17152 --- [main] o.h.b.i.InFlightMetadataCollectorImpl    : HHH000069: Duplicate generator name generator
2026-06-19 22:08:50.138  WARN 17152 --- [main] o.h.b.i.InFlightMetadataCollectorImpl    : HHH000069: Duplicate generator name generator
2026-06-19 22:08:50.226  WARN 17152 --- [main] o.h.b.i.InFlightMetadataCollectorImpl    : HHH000069: Duplicate generator name generator
2026-06-19 22:08:50.236  WARN 17152 --- [main] o.h.b.i.InFlightMetadataCollectorImpl    : HHH000069: Duplicate generator name generator
2026-06-19 22:08:50.289  WARN 17152 --- [main] o.h.b.i.InFlightMetadataCollectorImpl    : HHH000069: Duplicate generator name generator
2026-06-19 22:08:50.376  WARN 17152 --- [main] o.h.b.i.InFlightMetadataCollectorImpl    : HHH000069: Duplicate generator name generator
2026-06-19 22:08:50.407  WARN 17152 --- [main] o.h.b.i.InFlightMetadataCollectorImpl    : HHH000069: Duplicate generator name generator
2026-06-19 22:08:50.455  WARN 17152 --- [main] o.h.b.i.InFlightMetadataCollectorImpl    : HHH000069: Duplicate generator name generator
2026-06-19 22:08:50.480  WARN 17152 --- [main] o.h.b.i.InFlightMetadataCollectorImpl    : HHH000069: Duplicate generator name generator
2026-06-19 22:08:50.503  WARN 17152 --- [main] o.h.b.i.InFlightMetadataCollectorImpl    : HHH000069: Duplicate generator name generator
2026-06-19 22:08:50.503  WARN 17152 --- [main] o.h.b.i.InFlightMetadataCollectorImpl    : HHH000069: Duplicate generator name generator
2026-06-19 22:08:50.605  WARN 17152 --- [main] o.h.b.i.InFlightMetadataCollectorImpl    : HHH000069: Duplicate generator name generator
2026-06-19 22:08:50.647  WARN 17152 --- [main] o.h.b.i.InFlightMetadataCollectorImpl    : HHH000069: Duplicate generator name generator
2026-06-19 22:08:50.787  WARN 17152 --- [main] o.h.b.i.InFlightMetadataCollectorImpl    : HHH000069: Duplicate generator name generator
2026-06-19 22:08:50.800  WARN 17152 --- [main] o.h.b.i.InFlightMetadataCollectorImpl    : HHH000069: Duplicate generator name generator
2026-06-19 22:08:51.057  WARN 17152 --- [main] org.hibernate.id.GUIDGenerator           : HHH000065: DEPRECATED : use [org.hibernate.id.UUIDGenerator] instead with custom [org.hibernate.id.UUIDGenerationStrategy] implementation
2026-06-19 22:09:04.958  INFO 17152 --- [main] com.zaxxer.hikari.HikariDataSource       : HikariPool-2 - Starting...
2026-06-19 22:09:05.017  INFO 17152 --- [main] com.zaxxer.hikari.HikariDataSource       : HikariPool-2 - Start completed.
2026-06-19 22:09:05.658  WARN 17152 --- [main] o.h.b.i.InFlightMetadataCollectorImpl    : HHH000069: Duplicate generator name generator
2026-06-19 22:09:05.785  WARN 17152 --- [main] o.h.b.i.InFlightMetadataCollectorImpl    : HHH000069: Duplicate generator name generator
2026-06-19 22:09:08.569  INFO 17152 --- [main] com.zaxxer.hikari.HikariDataSource       : HikariPool-3 - Starting...
2026-06-19 22:09:09.076  INFO 17152 --- [main] com.zaxxer.hikari.HikariDataSource       : HikariPool-3 - Start completed.
2026-06-19 22:09:10.734  INFO 17152 --- [main] com.zaxxer.hikari.HikariDataSource       : HikariPool-4 - Starting...
2026-06-19 22:09:11.274  INFO 17152 --- [main] com.zaxxer.hikari.HikariDataSource       : HikariPool-4 - Start completed.
2026-06-19 22:09:21.223  WARN 17152 --- [main] JpaBaseConfiguration$JpaWebConfiguration : spring.jpa.open-in-view is enabled by default. Therefore, database queries may be performed during view rendering. Explicitly configure spring.jpa.open-in-view to disable this warning
2026-06-19 22:09:22.769  INFO 17152 --- [main] com.sigep.SigepApplication               : Started SigepApplication in 65.108 seconds (JVM running for 65.922)
2026-06-19 22:51:55.180  INFO 17152 --- [http-nio-8080-exec-2] o.a.c.c.C.[Tomcat].[localhost].[/]       : Initializing Spring DispatcherServlet 'dispatcherServlet'
