2026-06-04 15:52:42.999  INFO 7116 --- [main] com.sigep.SigepApplication               : Starting SigepApplication using Java 17.0.12 on LAPTOP-S0HR1QU8 with PID 7116 (C:\Users\ASUS\PROJET SIGEP\backend\sigep\target\classes started by ASUS in C:\Users\ASUS\PROJET SIGEP\backend\sigep)
2026-06-04 15:52:43.011  INFO 7116 --- [main] com.sigep.SigepApplication               : The following 1 profile is active: "dev"
2026-06-04 15:52:47.766  INFO 7116 --- [main] o.apache.catalina.core.StandardService   : Starting service [Tomcat]
2026-06-04 15:52:47.766  INFO 7116 --- [main] org.apache.catalina.core.StandardEngine  : Starting Servlet engine: [Apache Tomcat/9.0.63]
2026-06-04 15:52:47.950  INFO 7116 --- [main] o.a.c.c.C.[Tomcat].[localhost].[/]       : Initializing Spring embedded WebApplicationContext
2026-06-04 15:52:49.930  INFO 7116 --- [main] com.zaxxer.hikari.HikariDataSource       : HikariPool-1 - Starting...
2026-06-04 15:52:50.574  INFO 7116 --- [main] com.zaxxer.hikari.HikariDataSource       : HikariPool-1 - Start completed.
2026-06-04 15:52:50.922  WARN 7116 --- [main] o.h.b.i.InFlightMetadataCollectorImpl    : HHH000069: Duplicate generator name generator
2026-06-04 15:52:50.933  WARN 7116 --- [main] o.h.b.i.InFlightMetadataCollectorImpl    : HHH000069: Duplicate generator name generator
2026-06-04 15:52:51.027  WARN 7116 --- [main] o.h.b.i.InFlightMetadataCollectorImpl    : HHH000069: Duplicate generator name generator
2026-06-04 15:52:51.031  WARN 7116 --- [main] o.h.b.i.InFlightMetadataCollectorImpl    : HHH000069: Duplicate generator name generator
2026-06-04 15:52:51.042  WARN 7116 --- [main] o.h.b.i.InFlightMetadataCollectorImpl    : HHH000069: Duplicate generator name generator
2026-06-04 15:52:51.044  WARN 7116 --- [main] o.h.b.i.InFlightMetadataCollectorImpl    : HHH000069: Duplicate generator name generator
2026-06-04 15:52:51.047  WARN 7116 --- [main] o.h.b.i.InFlightMetadataCollectorImpl    : HHH000069: Duplicate generator name generator
2026-06-04 15:52:51.065  WARN 7116 --- [main] o.h.b.i.InFlightMetadataCollectorImpl    : HHH000069: Duplicate generator name generator
2026-06-04 15:52:51.066  WARN 7116 --- [main] o.h.b.i.InFlightMetadataCollectorImpl    : HHH000069: Duplicate generator name generator
2026-06-04 15:52:51.079  WARN 7116 --- [main] o.h.b.i.InFlightMetadataCollectorImpl    : HHH000069: Duplicate generator name generator
2026-06-04 15:52:51.106  WARN 7116 --- [main] o.h.b.i.InFlightMetadataCollectorImpl    : HHH000069: Duplicate generator name generator
2026-06-04 15:52:51.117  WARN 7116 --- [main] o.h.b.i.InFlightMetadataCollectorImpl    : HHH000069: Duplicate generator name generator
2026-06-04 15:52:51.128  WARN 7116 --- [main] o.h.b.i.InFlightMetadataCollectorImpl    : HHH000069: Duplicate generator name generator
2026-06-04 15:52:51.140  WARN 7116 --- [main] o.h.b.i.InFlightMetadataCollectorImpl    : HHH000069: Duplicate generator name generator
2026-06-04 15:52:51.151  WARN 7116 --- [main] o.h.b.i.InFlightMetadataCollectorImpl    : HHH000069: Duplicate generator name generator
2026-06-04 15:52:51.155  WARN 7116 --- [main] o.h.b.i.InFlightMetadataCollectorImpl    : HHH000069: Duplicate generator name generator
2026-06-04 15:52:51.185  WARN 7116 --- [main] o.h.b.i.InFlightMetadataCollectorImpl    : HHH000069: Duplicate generator name generator
2026-06-04 15:52:51.201  WARN 7116 --- [main] o.h.b.i.InFlightMetadataCollectorImpl    : HHH000069: Duplicate generator name generator
2026-06-04 15:52:51.243  WARN 7116 --- [main] o.h.b.i.InFlightMetadataCollectorImpl    : HHH000069: Duplicate generator name generator
2026-06-04 15:52:51.250  WARN 7116 --- [main] o.h.b.i.InFlightMetadataCollectorImpl    : HHH000069: Duplicate generator name generator
2026-06-04 15:52:51.326  WARN 7116 --- [main] org.hibernate.id.GUIDGenerator           : HHH000065: DEPRECATED : use [org.hibernate.id.UUIDGenerator] instead with custom [org.hibernate.id.UUIDGenerationStrategy] implementation
2026-06-04 15:52:53.510  INFO 7116 --- [main] com.zaxxer.hikari.HikariDataSource       : HikariPool-2 - Starting...
2026-06-04 15:52:53.535  INFO 7116 --- [main] com.zaxxer.hikari.HikariDataSource       : HikariPool-2 - Start completed.
2026-06-04 15:52:54.096  INFO 7116 --- [main] com.zaxxer.hikari.HikariDataSource       : HikariPool-3 - Starting...
2026-06-04 15:52:54.323  INFO 7116 --- [main] com.zaxxer.hikari.HikariDataSource       : HikariPool-3 - Start completed.
2026-06-04 15:52:55.071  INFO 7116 --- [main] com.zaxxer.hikari.HikariDataSource       : HikariPool-4 - Starting...
2026-06-04 15:52:55.594  INFO 7116 --- [main] com.zaxxer.hikari.HikariDataSource       : HikariPool-4 - Start completed.
2026-06-04 15:52:59.641  WARN 7116 --- [main] JpaBaseConfiguration$JpaWebConfiguration : spring.jpa.open-in-view is enabled by default. Therefore, database queries may be performed during view rendering. Explicitly configure spring.jpa.open-in-view to disable this warning
2026-06-04 15:53:00.512  INFO 7116 --- [main] com.sigep.SigepApplication               : Started SigepApplication in 17.984 seconds (JVM running for 18.379)
2026-06-04 15:54:39.101  INFO 7116 --- [http-nio-8080-exec-3] o.a.c.c.C.[Tomcat].[localhost].[/]       : Initializing Spring DispatcherServlet 'dispatcherServlet'
2026-06-04 15:56:44.996  INFO 17760 --- [main] com.sigep.SigepApplication               : Starting SigepApplication using Java 17.0.12 on LAPTOP-S0HR1QU8 with PID 17760 (C:\Users\ASUS\PROJET SIGEP\backend\sigep\target\classes started by ASUS in C:\Users\ASUS\PROJET SIGEP\backend\sigep)
2026-06-04 15:56:45.000  INFO 17760 --- [main] com.sigep.SigepApplication               : The following 1 profile is active: "dev"
2026-06-04 15:56:48.973  INFO 17760 --- [main] o.apache.catalina.core.StandardService   : Starting service [Tomcat]
2026-06-04 15:56:48.976  INFO 17760 --- [main] org.apache.catalina.core.StandardEngine  : Starting Servlet engine: [Apache Tomcat/9.0.63]
2026-06-04 15:56:49.182  INFO 17760 --- [main] o.a.c.c.C.[Tomcat].[localhost].[/]       : Initializing Spring embedded WebApplicationContext
2026-06-04 15:56:50.839  INFO 17760 --- [main] com.zaxxer.hikari.HikariDataSource       : HikariPool-1 - Starting...
2026-06-04 15:56:51.240  INFO 17760 --- [main] com.zaxxer.hikari.HikariDataSource       : HikariPool-1 - Start completed.
2026-06-04 15:56:51.539  WARN 17760 --- [main] o.h.b.i.InFlightMetadataCollectorImpl    : HHH000069: Duplicate generator name generator
2026-06-04 15:56:51.554  WARN 17760 --- [main] o.h.b.i.InFlightMetadataCollectorImpl    : HHH000069: Duplicate generator name generator
2026-06-04 15:56:51.635  WARN 17760 --- [main] o.h.b.i.InFlightMetadataCollectorImpl    : HHH000069: Duplicate generator name generator
2026-06-04 15:56:51.640  WARN 17760 --- [main] o.h.b.i.InFlightMetadataCollectorImpl    : HHH000069: Duplicate generator name generator
2026-06-04 15:56:51.664  WARN 17760 --- [main] o.h.b.i.InFlightMetadataCollectorImpl    : HHH000069: Duplicate generator name generator
2026-06-04 15:56:51.668  WARN 17760 --- [main] o.h.b.i.InFlightMetadataCollectorImpl    : HHH000069: Duplicate generator name generator
2026-06-04 15:56:51.672  WARN 17760 --- [main] o.h.b.i.InFlightMetadataCollectorImpl    : HHH000069: Duplicate generator name generator
2026-06-04 15:56:51.697  WARN 17760 --- [main] o.h.b.i.InFlightMetadataCollectorImpl    : HHH000069: Duplicate generator name generator
2026-06-04 15:56:51.699  WARN 17760 --- [main] o.h.b.i.InFlightMetadataCollectorImpl    : HHH000069: Duplicate generator name generator
2026-06-04 15:56:51.725  WARN 17760 --- [main] o.h.b.i.InFlightMetadataCollectorImpl    : HHH000069: Duplicate generator name generator
2026-06-04 15:56:51.750  WARN 17760 --- [main] o.h.b.i.InFlightMetadataCollectorImpl    : HHH000069: Duplicate generator name generator
2026-06-04 15:56:51.767  WARN 17760 --- [main] o.h.b.i.InFlightMetadataCollectorImpl    : HHH000069: Duplicate generator name generator
2026-06-04 15:56:51.780  WARN 17760 --- [main] o.h.b.i.InFlightMetadataCollectorImpl    : HHH000069: Duplicate generator name generator
2026-06-04 15:56:51.787  WARN 17760 --- [main] o.h.b.i.InFlightMetadataCollectorImpl    : HHH000069: Duplicate generator name generator
2026-06-04 15:56:51.800  WARN 17760 --- [main] o.h.b.i.InFlightMetadataCollectorImpl    : HHH000069: Duplicate generator name generator
2026-06-04 15:56:51.803  WARN 17760 --- [main] o.h.b.i.InFlightMetadataCollectorImpl    : HHH000069: Duplicate generator name generator
2026-06-04 15:56:51.842  WARN 17760 --- [main] o.h.b.i.InFlightMetadataCollectorImpl    : HHH000069: Duplicate generator name generator
2026-06-04 15:56:51.866  WARN 17760 --- [main] o.h.b.i.InFlightMetadataCollectorImpl    : HHH000069: Duplicate generator name generator
2026-06-04 15:56:51.910  WARN 17760 --- [main] o.h.b.i.InFlightMetadataCollectorImpl    : HHH000069: Duplicate generator name generator
2026-06-04 15:56:51.917  WARN 17760 --- [main] o.h.b.i.InFlightMetadataCollectorImpl    : HHH000069: Duplicate generator name generator
2026-06-04 15:56:52.011  WARN 17760 --- [main] org.hibernate.id.GUIDGenerator           : HHH000065: DEPRECATED : use [org.hibernate.id.UUIDGenerator] instead with custom [org.hibernate.id.UUIDGenerationStrategy] implementation
2026-06-04 15:56:54.261  INFO 17760 --- [main] com.zaxxer.hikari.HikariDataSource       : HikariPool-2 - Starting...
2026-06-04 15:56:54.280  INFO 17760 --- [main] com.zaxxer.hikari.HikariDataSource       : HikariPool-2 - Start completed.
2026-06-04 15:56:54.808  INFO 17760 --- [main] com.zaxxer.hikari.HikariDataSource       : HikariPool-3 - Starting...
2026-06-04 15:56:54.913  INFO 17760 --- [main] com.zaxxer.hikari.HikariDataSource       : HikariPool-3 - Start completed.
2026-06-04 15:56:55.365  INFO 17760 --- [main] com.zaxxer.hikari.HikariDataSource       : HikariPool-4 - Starting...
2026-06-04 15:56:55.515  INFO 17760 --- [main] com.zaxxer.hikari.HikariDataSource       : HikariPool-4 - Start completed.
2026-06-04 15:56:59.179  WARN 17760 --- [main] JpaBaseConfiguration$JpaWebConfiguration : spring.jpa.open-in-view is enabled by default. Therefore, database queries may be performed during view rendering. Explicitly configure spring.jpa.open-in-view to disable this warning
2026-06-04 15:56:59.874  INFO 17760 --- [main] com.sigep.SigepApplication               : Started SigepApplication in 15.278 seconds (JVM running for 15.671)
2026-06-04 15:57:05.682  INFO 17760 --- [http-nio-8080-exec-1] o.a.c.c.C.[Tomcat].[localhost].[/]       : Initializing Spring DispatcherServlet 'dispatcherServlet'
2026-06-04 15:57:38.257  INFO 15136 --- [main] com.sigep.SigepApplication               : Starting SigepApplication using Java 17.0.12 on LAPTOP-S0HR1QU8 with PID 15136 (C:\Users\ASUS\PROJET SIGEP\backend\sigep\target\classes started by ASUS in C:\Users\ASUS\PROJET SIGEP\backend\sigep)
2026-06-04 15:57:38.262  INFO 15136 --- [main] com.sigep.SigepApplication               : The following 1 profile is active: "dev"
2026-06-04 15:57:41.973  INFO 15136 --- [main] o.apache.catalina.core.StandardService   : Starting service [Tomcat]
2026-06-04 15:57:41.978  INFO 15136 --- [main] org.apache.catalina.core.StandardEngine  : Starting Servlet engine: [Apache Tomcat/9.0.63]
2026-06-04 15:57:42.145  INFO 15136 --- [main] o.a.c.c.C.[Tomcat].[localhost].[/]       : Initializing Spring embedded WebApplicationContext
2026-06-04 15:57:43.849  INFO 15136 --- [main] com.zaxxer.hikari.HikariDataSource       : HikariPool-1 - Starting...
2026-06-04 15:57:44.268  INFO 15136 --- [main] com.zaxxer.hikari.HikariDataSource       : HikariPool-1 - Start completed.
2026-06-04 15:57:44.581  WARN 15136 --- [main] o.h.b.i.InFlightMetadataCollectorImpl    : HHH000069: Duplicate generator name generator
2026-06-04 15:57:44.594  WARN 15136 --- [main] o.h.b.i.InFlightMetadataCollectorImpl    : HHH000069: Duplicate generator name generator
2026-06-04 15:57:44.696  WARN 15136 --- [main] o.h.b.i.InFlightMetadataCollectorImpl    : HHH000069: Duplicate generator name generator
2026-06-04 15:57:44.702  WARN 15136 --- [main] o.h.b.i.InFlightMetadataCollectorImpl    : HHH000069: Duplicate generator name generator
2026-06-04 15:57:44.720  WARN 15136 --- [main] o.h.b.i.InFlightMetadataCollectorImpl    : HHH000069: Duplicate generator name generator
2026-06-04 15:57:44.724  WARN 15136 --- [main] o.h.b.i.InFlightMetadataCollectorImpl    : HHH000069: Duplicate generator name generator
2026-06-04 15:57:44.728  WARN 15136 --- [main] o.h.b.i.InFlightMetadataCollectorImpl    : HHH000069: Duplicate generator name generator
2026-06-04 15:57:44.757  WARN 15136 --- [main] o.h.b.i.InFlightMetadataCollectorImpl    : HHH000069: Duplicate generator name generator
2026-06-04 15:57:44.759  WARN 15136 --- [main] o.h.b.i.InFlightMetadataCollectorImpl    : HHH000069: Duplicate generator name generator
2026-06-04 15:57:44.783  WARN 15136 --- [main] o.h.b.i.InFlightMetadataCollectorImpl    : HHH000069: Duplicate generator name generator
2026-06-04 15:57:44.817  WARN 15136 --- [main] o.h.b.i.InFlightMetadataCollectorImpl    : HHH000069: Duplicate generator name generator
2026-06-04 15:57:44.840  WARN 15136 --- [main] o.h.b.i.InFlightMetadataCollectorImpl    : HHH000069: Duplicate generator name generator
2026-06-04 15:57:44.853  WARN 15136 --- [main] o.h.b.i.InFlightMetadataCollectorImpl    : HHH000069: Duplicate generator name generator
2026-06-04 15:57:44.865  WARN 15136 --- [main] o.h.b.i.InFlightMetadataCollectorImpl    : HHH000069: Duplicate generator name generator
2026-06-04 15:57:44.880  WARN 15136 --- [main] o.h.b.i.InFlightMetadataCollectorImpl    : HHH000069: Duplicate generator name generator
2026-06-04 15:57:44.885  WARN 15136 --- [main] o.h.b.i.InFlightMetadataCollectorImpl    : HHH000069: Duplicate generator name generator
2026-06-04 15:57:44.922  WARN 15136 --- [main] o.h.b.i.InFlightMetadataCollectorImpl    : HHH000069: Duplicate generator name generator
2026-06-04 15:57:44.939  WARN 15136 --- [main] o.h.b.i.InFlightMetadataCollectorImpl    : HHH000069: Duplicate generator name generator
2026-06-04 15:57:44.962  WARN 15136 --- [main] o.h.b.i.InFlightMetadataCollectorImpl    : HHH000069: Duplicate generator name generator
2026-06-04 15:57:44.967  WARN 15136 --- [main] o.h.b.i.InFlightMetadataCollectorImpl    : HHH000069: Duplicate generator name generator
2026-06-04 15:57:45.071  WARN 15136 --- [main] org.hibernate.id.GUIDGenerator           : HHH000065: DEPRECATED : use [org.hibernate.id.UUIDGenerator] instead with custom [org.hibernate.id.UUIDGenerationStrategy] implementation
2026-06-04 15:57:47.379  INFO 15136 --- [main] com.zaxxer.hikari.HikariDataSource       : HikariPool-2 - Starting...
2026-06-04 15:57:47.410  INFO 15136 --- [main] com.zaxxer.hikari.HikariDataSource       : HikariPool-2 - Start completed.
2026-06-04 15:57:47.973  INFO 15136 --- [main] com.zaxxer.hikari.HikariDataSource       : HikariPool-3 - Starting...
2026-06-04 15:57:48.072  INFO 15136 --- [main] com.zaxxer.hikari.HikariDataSource       : HikariPool-3 - Start completed.
2026-06-04 15:57:48.465  INFO 15136 --- [main] com.zaxxer.hikari.HikariDataSource       : HikariPool-4 - Starting...
2026-06-04 15:57:48.593  INFO 15136 --- [main] com.zaxxer.hikari.HikariDataSource       : HikariPool-4 - Start completed.
2026-06-04 15:57:52.264  WARN 15136 --- [main] JpaBaseConfiguration$JpaWebConfiguration : spring.jpa.open-in-view is enabled by default. Therefore, database queries may be performed during view rendering. Explicitly configure spring.jpa.open-in-view to disable this warning
2026-06-04 15:57:52.917  INFO 15136 --- [main] com.sigep.SigepApplication               : Started SigepApplication in 15.055 seconds (JVM running for 15.371)
