2026-06-23 10:19:10.018  INFO 2896 --- [main] com.sigep.SigepApplication               : Starting SigepApplication using Java 17.0.12 on LAPTOP-S0HR1QU8 with PID 2896 (C:\Users\ASUS\PROJET SIGEP\backend\sigep\target\classes started by ASUS in C:\Users\ASUS\PROJET SIGEP\backend\sigep)
2026-06-23 10:19:10.038  INFO 2896 --- [main] com.sigep.SigepApplication               : The following 1 profile is active: "dev"
2026-06-23 10:19:19.532  INFO 2896 --- [main] o.apache.catalina.core.StandardService   : Starting service [Tomcat]
2026-06-23 10:19:19.533  INFO 2896 --- [main] org.apache.catalina.core.StandardEngine  : Starting Servlet engine: [Apache Tomcat/9.0.63]
2026-06-23 10:19:19.749  INFO 2896 --- [main] o.a.c.c.C.[Tomcat].[localhost].[/]       : Initializing Spring embedded WebApplicationContext
2026-06-23 10:19:22.995  INFO 2896 --- [main] com.zaxxer.hikari.HikariDataSource       : HikariPool-1 - Starting...
2026-06-23 10:19:24.573  INFO 2896 --- [main] com.zaxxer.hikari.HikariDataSource       : HikariPool-1 - Start completed.
2026-06-23 10:19:25.264  WARN 2896 --- [main] o.h.b.i.InFlightMetadataCollectorImpl    : HHH000069: Duplicate generator name generator
2026-06-23 10:19:25.280  WARN 2896 --- [main] o.h.b.i.InFlightMetadataCollectorImpl    : HHH000069: Duplicate generator name generator
2026-06-23 10:19:25.378  WARN 2896 --- [main] o.h.b.i.InFlightMetadataCollectorImpl    : HHH000069: Duplicate generator name generator
2026-06-23 10:19:25.383  WARN 2896 --- [main] o.h.b.i.InFlightMetadataCollectorImpl    : HHH000069: Duplicate generator name generator
2026-06-23 10:19:25.405  WARN 2896 --- [main] o.h.b.i.InFlightMetadataCollectorImpl    : HHH000069: Duplicate generator name generator
2026-06-23 10:19:25.407  WARN 2896 --- [main] o.h.b.i.InFlightMetadataCollectorImpl    : HHH000069: Duplicate generator name generator
2026-06-23 10:19:25.414  WARN 2896 --- [main] o.h.b.i.InFlightMetadataCollectorImpl    : HHH000069: Duplicate generator name generator
2026-06-23 10:19:25.451  WARN 2896 --- [main] o.h.b.i.InFlightMetadataCollectorImpl    : HHH000069: Duplicate generator name generator
2026-06-23 10:19:25.452  WARN 2896 --- [main] o.h.b.i.InFlightMetadataCollectorImpl    : HHH000069: Duplicate generator name generator
2026-06-23 10:19:25.479  WARN 2896 --- [main] o.h.b.i.InFlightMetadataCollectorImpl    : HHH000069: Duplicate generator name generator
2026-06-23 10:19:25.503  WARN 2896 --- [main] o.h.b.i.InFlightMetadataCollectorImpl    : HHH000069: Duplicate generator name generator
2026-06-23 10:19:25.519  WARN 2896 --- [main] o.h.b.i.InFlightMetadataCollectorImpl    : HHH000069: Duplicate generator name generator
2026-06-23 10:19:25.538  WARN 2896 --- [main] o.h.b.i.InFlightMetadataCollectorImpl    : HHH000069: Duplicate generator name generator
2026-06-23 10:19:25.552  WARN 2896 --- [main] o.h.b.i.InFlightMetadataCollectorImpl    : HHH000069: Duplicate generator name generator
2026-06-23 10:19:25.558  WARN 2896 --- [main] o.h.b.i.InFlightMetadataCollectorImpl    : HHH000069: Duplicate generator name generator
2026-06-23 10:19:25.563  WARN 2896 --- [main] o.h.b.i.InFlightMetadataCollectorImpl    : HHH000069: Duplicate generator name generator
2026-06-23 10:19:25.602  WARN 2896 --- [main] o.h.b.i.InFlightMetadataCollectorImpl    : HHH000069: Duplicate generator name generator
2026-06-23 10:19:25.608  WARN 2896 --- [main] o.h.b.i.InFlightMetadataCollectorImpl    : HHH000069: Duplicate generator name generator
2026-06-23 10:19:25.636  WARN 2896 --- [main] o.h.b.i.InFlightMetadataCollectorImpl    : HHH000069: Duplicate generator name generator
2026-06-23 10:19:25.641  WARN 2896 --- [main] o.h.b.i.InFlightMetadataCollectorImpl    : HHH000069: Duplicate generator name generator
2026-06-23 10:19:25.743  WARN 2896 --- [main] org.hibernate.id.GUIDGenerator           : HHH000065: DEPRECATED : use [org.hibernate.id.UUIDGenerator] instead with custom [org.hibernate.id.UUIDGenerationStrategy] implementation
2026-06-23 10:19:28.916  INFO 2896 --- [main] com.zaxxer.hikari.HikariDataSource       : HikariPool-2 - Starting...
2026-06-23 10:19:28.940  INFO 2896 --- [main] com.zaxxer.hikari.HikariDataSource       : HikariPool-2 - Start completed.
2026-06-23 10:19:29.010  WARN 2896 --- [main] o.h.b.i.InFlightMetadataCollectorImpl    : HHH000069: Duplicate generator name generator
2026-06-23 10:19:29.028  WARN 2896 --- [main] o.h.b.i.InFlightMetadataCollectorImpl    : HHH000069: Duplicate generator name generator
2026-06-23 10:19:30.009  INFO 2896 --- [main] com.zaxxer.hikari.HikariDataSource       : HikariPool-3 - Starting...
2026-06-23 10:19:30.634  INFO 2896 --- [main] com.zaxxer.hikari.HikariDataSource       : HikariPool-3 - Start completed.
2026-06-23 10:19:31.509  INFO 2896 --- [main] com.zaxxer.hikari.HikariDataSource       : HikariPool-4 - Starting...
2026-06-23 10:19:32.114  INFO 2896 --- [main] com.zaxxer.hikari.HikariDataSource       : HikariPool-4 - Start completed.
2026-06-23 10:19:38.992  WARN 2896 --- [main] JpaBaseConfiguration$JpaWebConfiguration : spring.jpa.open-in-view is enabled by default. Therefore, database queries may be performed during view rendering. Explicitly configure spring.jpa.open-in-view to disable this warning
2026-06-23 10:19:39.771  INFO 2896 --- [main] com.sigep.SigepApplication               : Started SigepApplication in 30.481 seconds (JVM running for 31.381)
2026-06-23 10:37:12.108  INFO 2896 --- [http-nio-8080-exec-3] o.a.c.c.C.[Tomcat].[localhost].[/]       : Initializing Spring DispatcherServlet 'dispatcherServlet'
2026-06-23 10:49:33.536 ERROR 2896 --- [http-nio-8080-exec-3] o.a.c.c.C.[.[.[/].[dispatcherServlet]    : Servlet.service() for servlet [dispatcherServlet] in context with path [] threw exception [Request processing failed; nested exception is java.lang.NullPointerException: Cannot invoke "com.sigep.gim.entity.CodeAcces.getIdUser()" because "entity" is null] with root cause

java.lang.NullPointerException: Cannot invoke "com.sigep.gim.entity.CodeAcces.getIdUser()" because "entity" is null
	at com.sigep.gim.mapper.GimMapper.codeAccesDtoToCodeAccesDto(GimMapper.java:68) ~[classes/:na]
	at com.sigep.gim.service.GimCodeAccesServiceImpl.getByUserName(GimCodeAccesServiceImpl.java:121) ~[classes/:na]
	at com.sigep.gim.service.GimCodeAccesServiceImpl$$FastClassBySpringCGLIB$$864dc823.invoke(<generated>) ~[classes/:na]
	at org.springframework.cglib.proxy.MethodProxy.invoke(MethodProxy.java:218) ~[spring-core-5.3.20.jar:5.3.20]
	at org.springframework.aop.framework.CglibAopProxy$CglibMethodInvocation.invokeJoinpoint(CglibAopProxy.java:793) ~[spring-aop-5.3.20.jar:5.3.20]
	at org.springframework.aop.framework.ReflectiveMethodInvocation.proceed(ReflectiveMethodInvocation.java:163) ~[spring-aop-5.3.20.jar:5.3.20]
	at org.springframework.aop.framework.CglibAopProxy$CglibMethodInvocation.proceed(CglibAopProxy.java:763) ~[spring-aop-5.3.20.jar:5.3.20]
	at org.springframework.transaction.interceptor.TransactionInterceptor$1.proceedWithInvocation(TransactionInterceptor.java:123) ~[spring-tx-5.3.20.jar:5.3.20]
	at org.springframework.transaction.interceptor.TransactionAspectSupport.invokeWithinTransaction(TransactionAspectSupport.java:388) ~[spring-tx-5.3.20.jar:5.3.20]
	at org.springframework.transaction.interceptor.TransactionInterceptor.invoke(TransactionInterceptor.java:119) ~[spring-tx-5.3.20.jar:5.3.20]
	at org.springframework.aop.framework.ReflectiveMethodInvocation.proceed(ReflectiveMethodInvocation.java:186) ~[spring-aop-5.3.20.jar:5.3.20]
	at org.springframework.aop.framework.CglibAopProxy$CglibMethodInvocation.proceed(CglibAopProxy.java:763) ~[spring-aop-5.3.20.jar:5.3.20]
	at org.springframework.aop.framework.CglibAopProxy$DynamicAdvisedInterceptor.intercept(CglibAopProxy.java:708) ~[spring-aop-5.3.20.jar:5.3.20]
	at com.sigep.gim.service.GimCodeAccesServiceImpl$$EnhancerBySpringCGLIB$$e977aa71.getByUserName(<generated>) ~[classes/:na]
	at com.sigep.gim.controller.GimCodeAccesController.getByUserName(GimCodeAccesController.java:69) ~[classes/:na]
	at java.base/jdk.internal.reflect.NativeMethodAccessorImpl.invoke0(Native Method) ~[na:na]
	at java.base/jdk.internal.reflect.NativeMethodAccessorImpl.invoke(NativeMethodAccessorImpl.java:77) ~[na:na]
	at java.base/jdk.internal.reflect.DelegatingMethodAccessorImpl.invoke(DelegatingMethodAccessorImpl.java:43) ~[na:na]
	at java.base/java.lang.reflect.Method.invoke(Method.java:568) ~[na:na]
	at org.springframework.web.method.support.InvocableHandlerMethod.doInvoke(InvocableHandlerMethod.java:205) ~[spring-web-5.3.20.jar:5.3.20]
	at org.springframework.web.method.support.InvocableHandlerMethod.invokeForRequest(InvocableHandlerMethod.java:150) ~[spring-web-5.3.20.jar:5.3.20]
	at org.springframework.web.servlet.mvc.method.annotation.ServletInvocableHandlerMethod.invokeAndHandle(ServletInvocableHandlerMethod.java:117) ~[spring-webmvc-5.3.20.jar:5.3.20]
	at org.springframework.web.servlet.mvc.method.annotation.RequestMappingHandlerAdapter.invokeHandlerMethod(RequestMappingHandlerAdapter.java:895) ~[spring-webmvc-5.3.20.jar:5.3.20]
	at org.springframework.web.servlet.mvc.method.annotation.RequestMappingHandlerAdapter.handleInternal(RequestMappingHandlerAdapter.java:808) ~[spring-webmvc-5.3.20.jar:5.3.20]
	at org.springframework.web.servlet.mvc.method.AbstractHandlerMethodAdapter.handle(AbstractHandlerMethodAdapter.java:87) ~[spring-webmvc-5.3.20.jar:5.3.20]
	at org.springframework.web.servlet.DispatcherServlet.doDispatch(DispatcherServlet.java:1067) ~[spring-webmvc-5.3.20.jar:5.3.20]
	at org.springframework.web.servlet.DispatcherServlet.doService(DispatcherServlet.java:963) ~[spring-webmvc-5.3.20.jar:5.3.20]
	at org.springframework.web.servlet.FrameworkServlet.processRequest(FrameworkServlet.java:1006) ~[spring-webmvc-5.3.20.jar:5.3.20]
	at org.springframework.web.servlet.FrameworkServlet.doGet(FrameworkServlet.java:898) ~[spring-webmvc-5.3.20.jar:5.3.20]
	at javax.servlet.http.HttpServlet.service(HttpServlet.java:655) ~[tomcat-embed-core-9.0.63.jar:4.0.FR]
	at org.springframework.web.servlet.FrameworkServlet.service(FrameworkServlet.java:883) ~[spring-webmvc-5.3.20.jar:5.3.20]
	at javax.servlet.http.HttpServlet.service(HttpServlet.java:764) ~[tomcat-embed-core-9.0.63.jar:4.0.FR]
	at org.apache.catalina.core.ApplicationFilterChain.internalDoFilter(ApplicationFilterChain.java:227) ~[tomcat-embed-core-9.0.63.jar:9.0.63]
	at org.apache.catalina.core.ApplicationFilterChain.doFilter(ApplicationFilterChain.java:162) ~[tomcat-embed-core-9.0.63.jar:9.0.63]
	at org.apache.tomcat.websocket.server.WsFilter.doFilter(WsFilter.java:53) ~[tomcat-embed-websocket-9.0.63.jar:9.0.63]
	at org.apache.catalina.core.ApplicationFilterChain.internalDoFilter(ApplicationFilterChain.java:189) ~[tomcat-embed-core-9.0.63.jar:9.0.63]
	at org.apache.catalina.core.ApplicationFilterChain.doFilter(ApplicationFilterChain.java:162) ~[tomcat-embed-core-9.0.63.jar:9.0.63]
	at org.springframework.web.filter.RequestContextFilter.doFilterInternal(RequestContextFilter.java:100) ~[spring-web-5.3.20.jar:5.3.20]
	at org.springframework.web.filter.OncePerRequestFilter.doFilter(OncePerRequestFilter.java:117) ~[spring-web-5.3.20.jar:5.3.20]
	at org.apache.catalina.core.ApplicationFilterChain.internalDoFilter(ApplicationFilterChain.java:189) ~[tomcat-embed-core-9.0.63.jar:9.0.63]
	at org.apache.catalina.core.ApplicationFilterChain.doFilter(ApplicationFilterChain.java:162) ~[tomcat-embed-core-9.0.63.jar:9.0.63]
	at org.springframework.web.filter.FormContentFilter.doFilterInternal(FormContentFilter.java:93) ~[spring-web-5.3.20.jar:5.3.20]
	at org.springframework.web.filter.OncePerRequestFilter.doFilter(OncePerRequestFilter.java:117) ~[spring-web-5.3.20.jar:5.3.20]
	at org.apache.catalina.core.ApplicationFilterChain.internalDoFilter(ApplicationFilterChain.java:189) ~[tomcat-embed-core-9.0.63.jar:9.0.63]
	at org.apache.catalina.core.ApplicationFilterChain.doFilter(ApplicationFilterChain.java:162) ~[tomcat-embed-core-9.0.63.jar:9.0.63]
	at org.springframework.web.filter.CharacterEncodingFilter.doFilterInternal(CharacterEncodingFilter.java:201) ~[spring-web-5.3.20.jar:5.3.20]
	at org.springframework.web.filter.OncePerRequestFilter.doFilter(OncePerRequestFilter.java:117) ~[spring-web-5.3.20.jar:5.3.20]
	at org.apache.catalina.core.ApplicationFilterChain.internalDoFilter(ApplicationFilterChain.java:189) ~[tomcat-embed-core-9.0.63.jar:9.0.63]
	at org.apache.catalina.core.ApplicationFilterChain.doFilter(ApplicationFilterChain.java:162) ~[tomcat-embed-core-9.0.63.jar:9.0.63]
	at org.apache.catalina.core.StandardWrapperValve.invoke(StandardWrapperValve.java:197) ~[tomcat-embed-core-9.0.63.jar:9.0.63]
	at org.apache.catalina.core.StandardContextValve.invoke(StandardContextValve.java:97) ~[tomcat-embed-core-9.0.63.jar:9.0.63]
	at org.apache.catalina.authenticator.AuthenticatorBase.invoke(AuthenticatorBase.java:541) ~[tomcat-embed-core-9.0.63.jar:9.0.63]
	at org.apache.catalina.core.StandardHostValve.invoke(StandardHostValve.java:135) ~[tomcat-embed-core-9.0.63.jar:9.0.63]
	at org.apache.catalina.valves.ErrorReportValve.invoke(ErrorReportValve.java:92) ~[tomcat-embed-core-9.0.63.jar:9.0.63]
	at org.apache.catalina.core.StandardEngineValve.invoke(StandardEngineValve.java:78) ~[tomcat-embed-core-9.0.63.jar:9.0.63]
	at org.apache.catalina.connector.CoyoteAdapter.service(CoyoteAdapter.java:360) ~[tomcat-embed-core-9.0.63.jar:9.0.63]
	at org.apache.coyote.http11.Http11Processor.service(Http11Processor.java:399) ~[tomcat-embed-core-9.0.63.jar:9.0.63]
	at org.apache.coyote.AbstractProcessorLight.process(AbstractProcessorLight.java:65) ~[tomcat-embed-core-9.0.63.jar:9.0.63]
	at org.apache.coyote.AbstractProtocol$ConnectionHandler.process(AbstractProtocol.java:890) ~[tomcat-embed-core-9.0.63.jar:9.0.63]
	at org.apache.tomcat.util.net.NioEndpoint$SocketProcessor.doRun(NioEndpoint.java:1743) ~[tomcat-embed-core-9.0.63.jar:9.0.63]
	at org.apache.tomcat.util.net.SocketProcessorBase.run(SocketProcessorBase.java:49) ~[tomcat-embed-core-9.0.63.jar:9.0.63]
	at org.apache.tomcat.util.threads.ThreadPoolExecutor.runWorker(ThreadPoolExecutor.java:1191) ~[tomcat-embed-core-9.0.63.jar:9.0.63]
	at org.apache.tomcat.util.threads.ThreadPoolExecutor$Worker.run(ThreadPoolExecutor.java:659) ~[tomcat-embed-core-9.0.63.jar:9.0.63]
	at org.apache.tomcat.util.threads.TaskThread$WrappingRunnable.run(TaskThread.java:61) ~[tomcat-embed-core-9.0.63.jar:9.0.63]
	at java.base/java.lang.Thread.run(Thread.java:842) ~[na:na]

2026-06-23 10:49:47.849  WARN 2896 --- [http-nio-8080-exec-5] o.h.e.loading.internal.LoadContexts      : HHH000100: Fail-safe cleanup (collections) : org.hibernate.engine.loading.internal.CollectionLoadContext@ba14064<rs=HikariProxyResultSet@1220134072 wrapping SQLServerResultSet:79>
2026-06-23 10:49:47.858  WARN 2896 --- [http-nio-8080-exec-5] o.h.e.l.internal.CollectionLoadContext   : HHH000160: On CollectionLoadContext#cleanup, localLoadingCollectionKeys contained [1] entries
2026-06-23 10:49:47.871 ERROR 2896 --- [http-nio-8080-exec-5] o.a.c.c.C.[.[.[/].[dispatcherServlet]    : Servlet.service() for servlet [dispatcherServlet] in context with path [] threw exception [Request processing failed; nested exception is org.hibernate.PropertyAccessException: Null value was assigned to a property [class com.sigep.gbc.entity.AccesLigneBudgetaire.idBudgett] of primitive type setter of com.sigep.gbc.entity.AccesLigneBudgetaire.idBudgett] with root cause

java.lang.IllegalArgumentException: Can not set int field com.sigep.gbc.entity.AccesLigneBudgetaire.idBudgett to null value
	at java.base/jdk.internal.reflect.UnsafeFieldAccessorImpl.throwSetIllegalArgumentException(UnsafeFieldAccessorImpl.java:167) ~[na:na]
	at java.base/jdk.internal.reflect.UnsafeFieldAccessorImpl.throwSetIllegalArgumentException(UnsafeFieldAccessorImpl.java:171) ~[na:na]
	at java.base/jdk.internal.reflect.UnsafeIntegerFieldAccessorImpl.set(UnsafeIntegerFieldAccessorImpl.java:80) ~[na:na]
	at java.base/java.lang.reflect.Field.set(Field.java:799) ~[na:na]
	at org.hibernate.property.access.spi.SetterFieldImpl.set(SetterFieldImpl.java:52) ~[hibernate-core-5.6.9.Final.jar:5.6.9.Final]
	at org.hibernate.tuple.entity.AbstractEntityTuplizer.setPropertyValues(AbstractEntityTuplizer.java:681) ~[hibernate-core-5.6.9.Final.jar:5.6.9.Final]
	at org.hibernate.tuple.entity.PojoEntityTuplizer.setPropertyValues(PojoEntityTuplizer.java:144) ~[hibernate-core-5.6.9.Final.jar:5.6.9.Final]
	at org.hibernate.persister.entity.AbstractEntityPersister.setPropertyValues(AbstractEntityPersister.java:5252) ~[hibernate-core-5.6.9.Final.jar:5.6.9.Final]
	at org.hibernate.engine.internal.TwoPhaseLoad.initializeEntityFromEntityEntryLoadedState(TwoPhaseLoad.java:253) ~[hibernate-core-5.6.9.Final.jar:5.6.9.Final]
	at org.hibernate.engine.internal.TwoPhaseLoad.initializeEntity(TwoPhaseLoad.java:156) ~[hibernate-core-5.6.9.Final.jar:5.6.9.Final]
	at org.hibernate.engine.internal.TwoPhaseLoad.initializeEntity(TwoPhaseLoad.java:126) ~[hibernate-core-5.6.9.Final.jar:5.6.9.Final]
	at org.hibernate.loader.plan.exec.process.internal.AbstractRowReader.performTwoPhaseLoad(AbstractRowReader.java:221) ~[hibernate-core-5.6.9.Final.jar:5.6.9.Final]
	at org.hibernate.loader.plan.exec.process.internal.AbstractRowReader.finishUp(AbstractRowReader.java:187) ~[hibernate-core-5.6.9.Final.jar:5.6.9.Final]
	at org.hibernate.loader.plan.exec.process.internal.ResultSetProcessorImpl.extractResults(ResultSetProcessorImpl.java:96) ~[hibernate-core-5.6.9.Final.jar:5.6.9.Final]
	at org.hibernate.loader.plan.exec.internal.AbstractLoadPlanBasedLoader.executeLoad(AbstractLoadPlanBasedLoader.java:105) ~[hibernate-core-5.6.9.Final.jar:5.6.9.Final]
	at org.hibernate.loader.collection.plan.AbstractLoadPlanBasedCollectionInitializer.initialize(AbstractLoadPlanBasedCollectionInitializer.java:87) ~[hibernate-core-5.6.9.Final.jar:5.6.9.Final]
	at org.hibernate.persister.collection.AbstractCollectionPersister.initialize(AbstractCollectionPersister.java:705) ~[hibernate-core-5.6.9.Final.jar:5.6.9.Final]
	at org.hibernate.event.internal.DefaultInitializeCollectionEventListener.onInitializeCollection(DefaultInitializeCollectionEventListener.java:76) ~[hibernate-core-5.6.9.Final.jar:5.6.9.Final]
	at org.hibernate.event.service.internal.EventListenerGroupImpl.fireEventOnEachListener(EventListenerGroupImpl.java:107) ~[hibernate-core-5.6.9.Final.jar:5.6.9.Final]
	at org.hibernate.internal.SessionImpl.initializeCollection(SessionImpl.java:2208) ~[hibernate-core-5.6.9.Final.jar:5.6.9.Final]
	at org.hibernate.collection.internal.AbstractPersistentCollection$4.doWork(AbstractPersistentCollection.java:595) ~[hibernate-core-5.6.9.Final.jar:5.6.9.Final]
	at org.hibernate.collection.internal.AbstractPersistentCollection.withTemporarySessionIfNeeded(AbstractPersistentCollection.java:264) ~[hibernate-core-5.6.9.Final.jar:5.6.9.Final]
	at org.hibernate.collection.internal.AbstractPersistentCollection.initialize(AbstractPersistentCollection.java:591) ~[hibernate-core-5.6.9.Final.jar:5.6.9.Final]
	at org.hibernate.collection.internal.AbstractPersistentCollection.read(AbstractPersistentCollection.java:149) ~[hibernate-core-5.6.9.Final.jar:5.6.9.Final]
	at org.hibernate.collection.internal.PersistentBag.iterator(PersistentBag.java:387) ~[hibernate-core-5.6.9.Final.jar:5.6.9.Final]
	at com.sigep.gbc.mapper.GbcMapper.gToGResponseDto(GbcMapper.java:344) ~[classes/:na]
	at com.sigep.gbc.service.GestionServiceImpl.getLastByEtat(GestionServiceImpl.java:82) ~[classes/:na]
	at com.sigep.gbc.service.GestionServiceImpl$$FastClassBySpringCGLIB$$cb9d98ca.invoke(<generated>) ~[classes/:na]
	at org.springframework.cglib.proxy.MethodProxy.invoke(MethodProxy.java:218) ~[spring-core-5.3.20.jar:5.3.20]
	at org.springframework.aop.framework.CglibAopProxy.invokeMethod(CglibAopProxy.java:386) ~[spring-aop-5.3.20.jar:5.3.20]
	at org.springframework.aop.framework.CglibAopProxy.access$000(CglibAopProxy.java:85) ~[spring-aop-5.3.20.jar:5.3.20]
	at org.springframework.aop.framework.CglibAopProxy$DynamicAdvisedInterceptor.intercept(CglibAopProxy.java:704) ~[spring-aop-5.3.20.jar:5.3.20]
	at com.sigep.gbc.service.GestionServiceImpl$$EnhancerBySpringCGLIB$$2c3f3cc6.getLastByEtat(<generated>) ~[classes/:na]
	at com.sigep.gbc.controller.GestionController.getLastByEtat(GestionController.java:68) ~[classes/:na]
	at java.base/jdk.internal.reflect.NativeMethodAccessorImpl.invoke0(Native Method) ~[na:na]
	at java.base/jdk.internal.reflect.NativeMethodAccessorImpl.invoke(NativeMethodAccessorImpl.java:77) ~[na:na]
	at java.base/jdk.internal.reflect.DelegatingMethodAccessorImpl.invoke(DelegatingMethodAccessorImpl.java:43) ~[na:na]
	at java.base/java.lang.reflect.Method.invoke(Method.java:568) ~[na:na]
	at org.springframework.web.method.support.InvocableHandlerMethod.doInvoke(InvocableHandlerMethod.java:205) ~[spring-web-5.3.20.jar:5.3.20]
	at org.springframework.web.method.support.InvocableHandlerMethod.invokeForRequest(InvocableHandlerMethod.java:150) ~[spring-web-5.3.20.jar:5.3.20]
	at org.springframework.web.servlet.mvc.method.annotation.ServletInvocableHandlerMethod.invokeAndHandle(ServletInvocableHandlerMethod.java:117) ~[spring-webmvc-5.3.20.jar:5.3.20]
	at org.springframework.web.servlet.mvc.method.annotation.RequestMappingHandlerAdapter.invokeHandlerMethod(RequestMappingHandlerAdapter.java:895) ~[spring-webmvc-5.3.20.jar:5.3.20]
	at org.springframework.web.servlet.mvc.method.annotation.RequestMappingHandlerAdapter.handleInternal(RequestMappingHandlerAdapter.java:808) ~[spring-webmvc-5.3.20.jar:5.3.20]
	at org.springframework.web.servlet.mvc.method.AbstractHandlerMethodAdapter.handle(AbstractHandlerMethodAdapter.java:87) ~[spring-webmvc-5.3.20.jar:5.3.20]
	at org.springframework.web.servlet.DispatcherServlet.doDispatch(DispatcherServlet.java:1067) ~[spring-webmvc-5.3.20.jar:5.3.20]
	at org.springframework.web.servlet.DispatcherServlet.doService(DispatcherServlet.java:963) ~[spring-webmvc-5.3.20.jar:5.3.20]
	at org.springframework.web.servlet.FrameworkServlet.processRequest(FrameworkServlet.java:1006) ~[spring-webmvc-5.3.20.jar:5.3.20]
	at org.springframework.web.servlet.FrameworkServlet.doGet(FrameworkServlet.java:898) ~[spring-webmvc-5.3.20.jar:5.3.20]
	at javax.servlet.http.HttpServlet.service(HttpServlet.java:655) ~[tomcat-embed-core-9.0.63.jar:4.0.FR]
	at org.springframework.web.servlet.FrameworkServlet.service(FrameworkServlet.java:883) ~[spring-webmvc-5.3.20.jar:5.3.20]
	at javax.servlet.http.HttpServlet.service(HttpServlet.java:764) ~[tomcat-embed-core-9.0.63.jar:4.0.FR]
	at org.apache.catalina.core.ApplicationFilterChain.internalDoFilter(ApplicationFilterChain.java:227) ~[tomcat-embed-core-9.0.63.jar:9.0.63]
	at org.apache.catalina.core.ApplicationFilterChain.doFilter(ApplicationFilterChain.java:162) ~[tomcat-embed-core-9.0.63.jar:9.0.63]
	at org.apache.tomcat.websocket.server.WsFilter.doFilter(WsFilter.java:53) ~[tomcat-embed-websocket-9.0.63.jar:9.0.63]
	at org.apache.catalina.core.ApplicationFilterChain.internalDoFilter(ApplicationFilterChain.java:189) ~[tomcat-embed-core-9.0.63.jar:9.0.63]
	at org.apache.catalina.core.ApplicationFilterChain.doFilter(ApplicationFilterChain.java:162) ~[tomcat-embed-core-9.0.63.jar:9.0.63]
	at org.springframework.web.filter.RequestContextFilter.doFilterInternal(RequestContextFilter.java:100) ~[spring-web-5.3.20.jar:5.3.20]
	at org.springframework.web.filter.OncePerRequestFilter.doFilter(OncePerRequestFilter.java:117) ~[spring-web-5.3.20.jar:5.3.20]
	at org.apache.catalina.core.ApplicationFilterChain.internalDoFilter(ApplicationFilterChain.java:189) ~[tomcat-embed-core-9.0.63.jar:9.0.63]
	at org.apache.catalina.core.ApplicationFilterChain.doFilter(ApplicationFilterChain.java:162) ~[tomcat-embed-core-9.0.63.jar:9.0.63]
	at org.springframework.web.filter.FormContentFilter.doFilterInternal(FormContentFilter.java:93) ~[spring-web-5.3.20.jar:5.3.20]
	at org.springframework.web.filter.OncePerRequestFilter.doFilter(OncePerRequestFilter.java:117) ~[spring-web-5.3.20.jar:5.3.20]
	at org.apache.catalina.core.ApplicationFilterChain.internalDoFilter(ApplicationFilterChain.java:189) ~[tomcat-embed-core-9.0.63.jar:9.0.63]
	at org.apache.catalina.core.ApplicationFilterChain.doFilter(ApplicationFilterChain.java:162) ~[tomcat-embed-core-9.0.63.jar:9.0.63]
	at org.springframework.web.filter.CharacterEncodingFilter.doFilterInternal(CharacterEncodingFilter.java:201) ~[spring-web-5.3.20.jar:5.3.20]
	at org.springframework.web.filter.OncePerRequestFilter.doFilter(OncePerRequestFilter.java:117) ~[spring-web-5.3.20.jar:5.3.20]
	at org.apache.catalina.core.ApplicationFilterChain.internalDoFilter(ApplicationFilterChain.java:189) ~[tomcat-embed-core-9.0.63.jar:9.0.63]
	at org.apache.catalina.core.ApplicationFilterChain.doFilter(ApplicationFilterChain.java:162) ~[tomcat-embed-core-9.0.63.jar:9.0.63]
	at org.apache.catalina.core.StandardWrapperValve.invoke(StandardWrapperValve.java:197) ~[tomcat-embed-core-9.0.63.jar:9.0.63]
	at org.apache.catalina.core.StandardContextValve.invoke(StandardContextValve.java:97) ~[tomcat-embed-core-9.0.63.jar:9.0.63]
	at org.apache.catalina.authenticator.AuthenticatorBase.invoke(AuthenticatorBase.java:541) ~[tomcat-embed-core-9.0.63.jar:9.0.63]
	at org.apache.catalina.core.StandardHostValve.invoke(StandardHostValve.java:135) ~[tomcat-embed-core-9.0.63.jar:9.0.63]
	at org.apache.catalina.valves.ErrorReportValve.invoke(ErrorReportValve.java:92) ~[tomcat-embed-core-9.0.63.jar:9.0.63]
	at org.apache.catalina.core.StandardEngineValve.invoke(StandardEngineValve.java:78) ~[tomcat-embed-core-9.0.63.jar:9.0.63]
	at org.apache.catalina.connector.CoyoteAdapter.service(CoyoteAdapter.java:360) ~[tomcat-embed-core-9.0.63.jar:9.0.63]
	at org.apache.coyote.http11.Http11Processor.service(Http11Processor.java:399) ~[tomcat-embed-core-9.0.63.jar:9.0.63]
	at org.apache.coyote.AbstractProcessorLight.process(AbstractProcessorLight.java:65) ~[tomcat-embed-core-9.0.63.jar:9.0.63]
	at org.apache.coyote.AbstractProtocol$ConnectionHandler.process(AbstractProtocol.java:890) ~[tomcat-embed-core-9.0.63.jar:9.0.63]
	at org.apache.tomcat.util.net.NioEndpoint$SocketProcessor.doRun(NioEndpoint.java:1743) ~[tomcat-embed-core-9.0.63.jar:9.0.63]
	at org.apache.tomcat.util.net.SocketProcessorBase.run(SocketProcessorBase.java:49) ~[tomcat-embed-core-9.0.63.jar:9.0.63]
	at org.apache.tomcat.util.threads.ThreadPoolExecutor.runWorker(ThreadPoolExecutor.java:1191) ~[tomcat-embed-core-9.0.63.jar:9.0.63]
	at org.apache.tomcat.util.threads.ThreadPoolExecutor$Worker.run(ThreadPoolExecutor.java:659) ~[tomcat-embed-core-9.0.63.jar:9.0.63]
	at org.apache.tomcat.util.threads.TaskThread$WrappingRunnable.run(TaskThread.java:61) ~[tomcat-embed-core-9.0.63.jar:9.0.63]
	at java.base/java.lang.Thread.run(Thread.java:842) ~[na:na]

2026-06-23 10:49:52.330  WARN 2896 --- [http-nio-8080-exec-8] o.h.e.loading.internal.LoadContexts      : HHH000100: Fail-safe cleanup (collections) : org.hibernate.engine.loading.internal.CollectionLoadContext@17d68a8<rs=HikariProxyResultSet@1367154588 wrapping SQLServerResultSet:84>
2026-06-23 10:49:52.338  WARN 2896 --- [http-nio-8080-exec-8] o.h.e.l.internal.CollectionLoadContext   : HHH000160: On CollectionLoadContext#cleanup, localLoadingCollectionKeys contained [1] entries
2026-06-23 10:49:52.340 ERROR 2896 --- [http-nio-8080-exec-8] o.a.c.c.C.[.[.[/].[dispatcherServlet]    : Servlet.service() for servlet [dispatcherServlet] in context with path [] threw exception [Request processing failed; nested exception is org.hibernate.PropertyAccessException: Null value was assigned to a property [class com.sigep.gbc.entity.AccesLigneBudgetaire.idBudgett] of primitive type setter of com.sigep.gbc.entity.AccesLigneBudgetaire.idBudgett] with root cause

java.lang.IllegalArgumentException: Can not set int field com.sigep.gbc.entity.AccesLigneBudgetaire.idBudgett to null value
	at java.base/jdk.internal.reflect.UnsafeFieldAccessorImpl.throwSetIllegalArgumentException(UnsafeFieldAccessorImpl.java:167) ~[na:na]
	at java.base/jdk.internal.reflect.UnsafeFieldAccessorImpl.throwSetIllegalArgumentException(UnsafeFieldAccessorImpl.java:171) ~[na:na]
	at java.base/jdk.internal.reflect.UnsafeIntegerFieldAccessorImpl.set(UnsafeIntegerFieldAccessorImpl.java:80) ~[na:na]
	at java.base/java.lang.reflect.Field.set(Field.java:799) ~[na:na]
	at org.hibernate.property.access.spi.SetterFieldImpl.set(SetterFieldImpl.java:52) ~[hibernate-core-5.6.9.Final.jar:5.6.9.Final]
	at org.hibernate.tuple.entity.AbstractEntityTuplizer.setPropertyValues(AbstractEntityTuplizer.java:681) ~[hibernate-core-5.6.9.Final.jar:5.6.9.Final]
	at org.hibernate.tuple.entity.PojoEntityTuplizer.setPropertyValues(PojoEntityTuplizer.java:144) ~[hibernate-core-5.6.9.Final.jar:5.6.9.Final]
	at org.hibernate.persister.entity.AbstractEntityPersister.setPropertyValues(AbstractEntityPersister.java:5252) ~[hibernate-core-5.6.9.Final.jar:5.6.9.Final]
	at org.hibernate.engine.internal.TwoPhaseLoad.initializeEntityFromEntityEntryLoadedState(TwoPhaseLoad.java:253) ~[hibernate-core-5.6.9.Final.jar:5.6.9.Final]
	at org.hibernate.engine.internal.TwoPhaseLoad.initializeEntity(TwoPhaseLoad.java:156) ~[hibernate-core-5.6.9.Final.jar:5.6.9.Final]
	at org.hibernate.engine.internal.TwoPhaseLoad.initializeEntity(TwoPhaseLoad.java:126) ~[hibernate-core-5.6.9.Final.jar:5.6.9.Final]
	at org.hibernate.loader.plan.exec.process.internal.AbstractRowReader.performTwoPhaseLoad(AbstractRowReader.java:221) ~[hibernate-core-5.6.9.Final.jar:5.6.9.Final]
	at org.hibernate.loader.plan.exec.process.internal.AbstractRowReader.finishUp(AbstractRowReader.java:187) ~[hibernate-core-5.6.9.Final.jar:5.6.9.Final]
	at org.hibernate.loader.plan.exec.process.internal.ResultSetProcessorImpl.extractResults(ResultSetProcessorImpl.java:96) ~[hibernate-core-5.6.9.Final.jar:5.6.9.Final]
	at org.hibernate.loader.plan.exec.internal.AbstractLoadPlanBasedLoader.executeLoad(AbstractLoadPlanBasedLoader.java:105) ~[hibernate-core-5.6.9.Final.jar:5.6.9.Final]
	at org.hibernate.loader.collection.plan.AbstractLoadPlanBasedCollectionInitializer.initialize(AbstractLoadPlanBasedCollectionInitializer.java:87) ~[hibernate-core-5.6.9.Final.jar:5.6.9.Final]
	at org.hibernate.persister.collection.AbstractCollectionPersister.initialize(AbstractCollectionPersister.java:705) ~[hibernate-core-5.6.9.Final.jar:5.6.9.Final]
	at org.hibernate.event.internal.DefaultInitializeCollectionEventListener.onInitializeCollection(DefaultInitializeCollectionEventListener.java:76) ~[hibernate-core-5.6.9.Final.jar:5.6.9.Final]
	at org.hibernate.event.service.internal.EventListenerGroupImpl.fireEventOnEachListener(EventListenerGroupImpl.java:107) ~[hibernate-core-5.6.9.Final.jar:5.6.9.Final]
	at org.hibernate.internal.SessionImpl.initializeCollection(SessionImpl.java:2208) ~[hibernate-core-5.6.9.Final.jar:5.6.9.Final]
	at org.hibernate.collection.internal.AbstractPersistentCollection$4.doWork(AbstractPersistentCollection.java:595) ~[hibernate-core-5.6.9.Final.jar:5.6.9.Final]
	at org.hibernate.collection.internal.AbstractPersistentCollection.withTemporarySessionIfNeeded(AbstractPersistentCollection.java:264) ~[hibernate-core-5.6.9.Final.jar:5.6.9.Final]
	at org.hibernate.collection.internal.AbstractPersistentCollection.initialize(AbstractPersistentCollection.java:591) ~[hibernate-core-5.6.9.Final.jar:5.6.9.Final]
	at org.hibernate.collection.internal.AbstractPersistentCollection.read(AbstractPersistentCollection.java:149) ~[hibernate-core-5.6.9.Final.jar:5.6.9.Final]
	at org.hibernate.collection.internal.PersistentBag.iterator(PersistentBag.java:387) ~[hibernate-core-5.6.9.Final.jar:5.6.9.Final]
	at com.sigep.gbc.mapper.GbcMapper.gToGResponseDto(GbcMapper.java:344) ~[classes/:na]
	at com.sigep.gbc.service.GestionServiceImpl.lambda$2(GestionServiceImpl.java:89) ~[classes/:na]
	at java.base/java.util.stream.ReferencePipeline$3$1.accept(ReferencePipeline.java:197) ~[na:na]
	at java.base/java.util.ArrayList$ArrayListSpliterator.forEachRemaining(ArrayList.java:1625) ~[na:na]
	at java.base/java.util.stream.AbstractPipeline.copyInto(AbstractPipeline.java:509) ~[na:na]
	at java.base/java.util.stream.AbstractPipeline.wrapAndCopyInto(AbstractPipeline.java:499) ~[na:na]
	at java.base/java.util.stream.ReduceOps$ReduceOp.evaluateSequential(ReduceOps.java:921) ~[na:na]
	at java.base/java.util.stream.AbstractPipeline.evaluate(AbstractPipeline.java:234) ~[na:na]
	at java.base/java.util.stream.ReferencePipeline.collect(ReferencePipeline.java:682) ~[na:na]
	at com.sigep.gbc.service.GestionServiceImpl.getAllByEtatOrderByCouranteDesc(GestionServiceImpl.java:90) ~[classes/:na]
	at com.sigep.gbc.service.GestionServiceImpl$$FastClassBySpringCGLIB$$cb9d98ca.invoke(<generated>) ~[classes/:na]
	at org.springframework.cglib.proxy.MethodProxy.invoke(MethodProxy.java:218) ~[spring-core-5.3.20.jar:5.3.20]
	at org.springframework.aop.framework.CglibAopProxy.invokeMethod(CglibAopProxy.java:386) ~[spring-aop-5.3.20.jar:5.3.20]
	at org.springframework.aop.framework.CglibAopProxy.access$000(CglibAopProxy.java:85) ~[spring-aop-5.3.20.jar:5.3.20]
	at org.springframework.aop.framework.CglibAopProxy$DynamicAdvisedInterceptor.intercept(CglibAopProxy.java:704) ~[spring-aop-5.3.20.jar:5.3.20]
	at com.sigep.gbc.service.GestionServiceImpl$$EnhancerBySpringCGLIB$$2c3f3cc6.getAllByEtatOrderByCouranteDesc(<generated>) ~[classes/:na]
	at com.sigep.gbc.controller.GestionController.getAllByEtatOrderByCouranteDesc(GestionController.java:74) ~[classes/:na]
	at java.base/jdk.internal.reflect.NativeMethodAccessorImpl.invoke0(Native Method) ~[na:na]
	at java.base/jdk.internal.reflect.NativeMethodAccessorImpl.invoke(NativeMethodAccessorImpl.java:77) ~[na:na]
	at java.base/jdk.internal.reflect.DelegatingMethodAccessorImpl.invoke(DelegatingMethodAccessorImpl.java:43) ~[na:na]
	at java.base/java.lang.reflect.Method.invoke(Method.java:568) ~[na:na]
	at org.springframework.web.method.support.InvocableHandlerMethod.doInvoke(InvocableHandlerMethod.java:205) ~[spring-web-5.3.20.jar:5.3.20]
	at org.springframework.web.method.support.InvocableHandlerMethod.invokeForRequest(InvocableHandlerMethod.java:150) ~[spring-web-5.3.20.jar:5.3.20]
	at org.springframework.web.servlet.mvc.method.annotation.ServletInvocableHandlerMethod.invokeAndHandle(ServletInvocableHandlerMethod.java:117) ~[spring-webmvc-5.3.20.jar:5.3.20]
	at org.springframework.web.servlet.mvc.method.annotation.RequestMappingHandlerAdapter.invokeHandlerMethod(RequestMappingHandlerAdapter.java:895) ~[spring-webmvc-5.3.20.jar:5.3.20]
	at org.springframework.web.servlet.mvc.method.annotation.RequestMappingHandlerAdapter.handleInternal(RequestMappingHandlerAdapter.java:808) ~[spring-webmvc-5.3.20.jar:5.3.20]
	at org.springframework.web.servlet.mvc.method.AbstractHandlerMethodAdapter.handle(AbstractHandlerMethodAdapter.java:87) ~[spring-webmvc-5.3.20.jar:5.3.20]
	at org.springframework.web.servlet.DispatcherServlet.doDispatch(DispatcherServlet.java:1067) ~[spring-webmvc-5.3.20.jar:5.3.20]
	at org.springframework.web.servlet.DispatcherServlet.doService(DispatcherServlet.java:963) ~[spring-webmvc-5.3.20.jar:5.3.20]
	at org.springframework.web.servlet.FrameworkServlet.processRequest(FrameworkServlet.java:1006) ~[spring-webmvc-5.3.20.jar:5.3.20]
	at org.springframework.web.servlet.FrameworkServlet.doGet(FrameworkServlet.java:898) ~[spring-webmvc-5.3.20.jar:5.3.20]
	at javax.servlet.http.HttpServlet.service(HttpServlet.java:655) ~[tomcat-embed-core-9.0.63.jar:4.0.FR]
	at org.springframework.web.servlet.FrameworkServlet.service(FrameworkServlet.java:883) ~[spring-webmvc-5.3.20.jar:5.3.20]
	at javax.servlet.http.HttpServlet.service(HttpServlet.java:764) ~[tomcat-embed-core-9.0.63.jar:4.0.FR]
	at org.apache.catalina.core.ApplicationFilterChain.internalDoFilter(ApplicationFilterChain.java:227) ~[tomcat-embed-core-9.0.63.jar:9.0.63]
	at org.apache.catalina.core.ApplicationFilterChain.doFilter(ApplicationFilterChain.java:162) ~[tomcat-embed-core-9.0.63.jar:9.0.63]
	at org.apache.tomcat.websocket.server.WsFilter.doFilter(WsFilter.java:53) ~[tomcat-embed-websocket-9.0.63.jar:9.0.63]
	at org.apache.catalina.core.ApplicationFilterChain.internalDoFilter(ApplicationFilterChain.java:189) ~[tomcat-embed-core-9.0.63.jar:9.0.63]
	at org.apache.catalina.core.ApplicationFilterChain.doFilter(ApplicationFilterChain.java:162) ~[tomcat-embed-core-9.0.63.jar:9.0.63]
	at org.springframework.web.filter.RequestContextFilter.doFilterInternal(RequestContextFilter.java:100) ~[spring-web-5.3.20.jar:5.3.20]
	at org.springframework.web.filter.OncePerRequestFilter.doFilter(OncePerRequestFilter.java:117) ~[spring-web-5.3.20.jar:5.3.20]
	at org.apache.catalina.core.ApplicationFilterChain.internalDoFilter(ApplicationFilterChain.java:189) ~[tomcat-embed-core-9.0.63.jar:9.0.63]
	at org.apache.catalina.core.ApplicationFilterChain.doFilter(ApplicationFilterChain.java:162) ~[tomcat-embed-core-9.0.63.jar:9.0.63]
	at org.springframework.web.filter.FormContentFilter.doFilterInternal(FormContentFilter.java:93) ~[spring-web-5.3.20.jar:5.3.20]
	at org.springframework.web.filter.OncePerRequestFilter.doFilter(OncePerRequestFilter.java:117) ~[spring-web-5.3.20.jar:5.3.20]
	at org.apache.catalina.core.ApplicationFilterChain.internalDoFilter(ApplicationFilterChain.java:189) ~[tomcat-embed-core-9.0.63.jar:9.0.63]
	at org.apache.catalina.core.ApplicationFilterChain.doFilter(ApplicationFilterChain.java:162) ~[tomcat-embed-core-9.0.63.jar:9.0.63]
	at org.springframework.web.filter.CharacterEncodingFilter.doFilterInternal(CharacterEncodingFilter.java:201) ~[spring-web-5.3.20.jar:5.3.20]
	at org.springframework.web.filter.OncePerRequestFilter.doFilter(OncePerRequestFilter.java:117) ~[spring-web-5.3.20.jar:5.3.20]
	at org.apache.catalina.core.ApplicationFilterChain.internalDoFilter(ApplicationFilterChain.java:189) ~[tomcat-embed-core-9.0.63.jar:9.0.63]
	at org.apache.catalina.core.ApplicationFilterChain.doFilter(ApplicationFilterChain.java:162) ~[tomcat-embed-core-9.0.63.jar:9.0.63]
	at org.apache.catalina.core.StandardWrapperValve.invoke(StandardWrapperValve.java:197) ~[tomcat-embed-core-9.0.63.jar:9.0.63]
	at org.apache.catalina.core.StandardContextValve.invoke(StandardContextValve.java:97) ~[tomcat-embed-core-9.0.63.jar:9.0.63]
	at org.apache.catalina.authenticator.AuthenticatorBase.invoke(AuthenticatorBase.java:541) ~[tomcat-embed-core-9.0.63.jar:9.0.63]
	at org.apache.catalina.core.StandardHostValve.invoke(StandardHostValve.java:135) ~[tomcat-embed-core-9.0.63.jar:9.0.63]
	at org.apache.catalina.valves.ErrorReportValve.invoke(ErrorReportValve.java:92) ~[tomcat-embed-core-9.0.63.jar:9.0.63]
	at org.apache.catalina.core.StandardEngineValve.invoke(StandardEngineValve.java:78) ~[tomcat-embed-core-9.0.63.jar:9.0.63]
	at org.apache.catalina.connector.CoyoteAdapter.service(CoyoteAdapter.java:360) ~[tomcat-embed-core-9.0.63.jar:9.0.63]
	at org.apache.coyote.http11.Http11Processor.service(Http11Processor.java:399) ~[tomcat-embed-core-9.0.63.jar:9.0.63]
	at org.apache.coyote.AbstractProcessorLight.process(AbstractProcessorLight.java:65) ~[tomcat-embed-core-9.0.63.jar:9.0.63]
	at org.apache.coyote.AbstractProtocol$ConnectionHandler.process(AbstractProtocol.java:890) ~[tomcat-embed-core-9.0.63.jar:9.0.63]
	at org.apache.tomcat.util.net.NioEndpoint$SocketProcessor.doRun(NioEndpoint.java:1743) ~[tomcat-embed-core-9.0.63.jar:9.0.63]
	at org.apache.tomcat.util.net.SocketProcessorBase.run(SocketProcessorBase.java:49) ~[tomcat-embed-core-9.0.63.jar:9.0.63]
	at org.apache.tomcat.util.threads.ThreadPoolExecutor.runWorker(ThreadPoolExecutor.java:1191) ~[tomcat-embed-core-9.0.63.jar:9.0.63]
	at org.apache.tomcat.util.threads.ThreadPoolExecutor$Worker.run(ThreadPoolExecutor.java:659) ~[tomcat-embed-core-9.0.63.jar:9.0.63]
	at org.apache.tomcat.util.threads.TaskThread$WrappingRunnable.run(TaskThread.java:61) ~[tomcat-embed-core-9.0.63.jar:9.0.63]
	at java.base/java.lang.Thread.run(Thread.java:842) ~[na:na]

2026-06-23 18:01:06.661  INFO 11192 --- [main] com.sigep.SigepApplication               : Starting SigepApplication using Java 17.0.12 on LAPTOP-S0HR1QU8 with PID 11192 (C:\Users\ASUS\PROJET SIGEP\backend\sigep\target\classes started by ASUS in C:\Users\ASUS\PROJET SIGEP\backend\sigep)
2026-06-23 18:01:06.669  INFO 11192 --- [main] com.sigep.SigepApplication               : The following 1 profile is active: "dev"
2026-06-23 18:01:20.884  INFO 11192 --- [main] o.apache.catalina.core.StandardService   : Starting service [Tomcat]
2026-06-23 18:01:20.884  INFO 11192 --- [main] org.apache.catalina.core.StandardEngine  : Starting Servlet engine: [Apache Tomcat/9.0.63]
2026-06-23 18:01:21.280  INFO 11192 --- [main] o.a.c.c.C.[Tomcat].[localhost].[/]       : Initializing Spring embedded WebApplicationContext
2026-06-23 18:01:25.853  INFO 11192 --- [main] com.zaxxer.hikari.HikariDataSource       : HikariPool-1 - Starting...
2026-06-23 18:01:27.631  INFO 11192 --- [main] com.zaxxer.hikari.HikariDataSource       : HikariPool-1 - Start completed.
2026-06-23 18:01:28.686  WARN 11192 --- [main] o.h.b.i.InFlightMetadataCollectorImpl    : HHH000069: Duplicate generator name generator
2026-06-23 18:01:28.750  WARN 11192 --- [main] o.h.b.i.InFlightMetadataCollectorImpl    : HHH000069: Duplicate generator name generator
2026-06-23 18:01:29.256  WARN 11192 --- [main] o.h.b.i.InFlightMetadataCollectorImpl    : HHH000069: Duplicate generator name generator
2026-06-23 18:01:29.261  WARN 11192 --- [main] o.h.b.i.InFlightMetadataCollectorImpl    : HHH000069: Duplicate generator name generator
2026-06-23 18:01:29.277  WARN 11192 --- [main] o.h.b.i.InFlightMetadataCollectorImpl    : HHH000069: Duplicate generator name generator
2026-06-23 18:01:29.277  WARN 11192 --- [main] o.h.b.i.InFlightMetadataCollectorImpl    : HHH000069: Duplicate generator name generator
2026-06-23 18:01:29.277  WARN 11192 --- [main] o.h.b.i.InFlightMetadataCollectorImpl    : HHH000069: Duplicate generator name generator
2026-06-23 18:01:29.325  WARN 11192 --- [main] o.h.b.i.InFlightMetadataCollectorImpl    : HHH000069: Duplicate generator name generator
2026-06-23 18:01:29.340  WARN 11192 --- [main] o.h.b.i.InFlightMetadataCollectorImpl    : HHH000069: Duplicate generator name generator
2026-06-23 18:01:29.404  WARN 11192 --- [main] o.h.b.i.InFlightMetadataCollectorImpl    : HHH000069: Duplicate generator name generator
2026-06-23 18:01:29.525  WARN 11192 --- [main] o.h.b.i.InFlightMetadataCollectorImpl    : HHH000069: Duplicate generator name generator
2026-06-23 18:01:29.564  WARN 11192 --- [main] o.h.b.i.InFlightMetadataCollectorImpl    : HHH000069: Duplicate generator name generator
2026-06-23 18:01:29.579  WARN 11192 --- [main] o.h.b.i.InFlightMetadataCollectorImpl    : HHH000069: Duplicate generator name generator
2026-06-23 18:01:29.595  WARN 11192 --- [main] o.h.b.i.InFlightMetadataCollectorImpl    : HHH000069: Duplicate generator name generator
2026-06-23 18:01:29.611  WARN 11192 --- [main] o.h.b.i.InFlightMetadataCollectorImpl    : HHH000069: Duplicate generator name generator
2026-06-23 18:01:29.611  WARN 11192 --- [main] o.h.b.i.InFlightMetadataCollectorImpl    : HHH000069: Duplicate generator name generator
2026-06-23 18:01:29.675  WARN 11192 --- [main] o.h.b.i.InFlightMetadataCollectorImpl    : HHH000069: Duplicate generator name generator
2026-06-23 18:01:29.697  WARN 11192 --- [main] o.h.b.i.InFlightMetadataCollectorImpl    : HHH000069: Duplicate generator name generator
2026-06-23 18:01:29.771  WARN 11192 --- [main] o.h.b.i.InFlightMetadataCollectorImpl    : HHH000069: Duplicate generator name generator
2026-06-23 18:01:29.787  WARN 11192 --- [main] o.h.b.i.InFlightMetadataCollectorImpl    : HHH000069: Duplicate generator name generator
2026-06-23 18:01:29.978  WARN 11192 --- [main] org.hibernate.id.GUIDGenerator           : HHH000065: DEPRECATED : use [org.hibernate.id.UUIDGenerator] instead with custom [org.hibernate.id.UUIDGenerationStrategy] implementation
2026-06-23 18:01:39.661  INFO 11192 --- [main] com.zaxxer.hikari.HikariDataSource       : HikariPool-2 - Starting...
2026-06-23 18:01:39.680  INFO 11192 --- [main] com.zaxxer.hikari.HikariDataSource       : HikariPool-2 - Start completed.
2026-06-23 18:01:39.757  WARN 11192 --- [main] o.h.b.i.InFlightMetadataCollectorImpl    : HHH000069: Duplicate generator name generator
2026-06-23 18:01:39.774  WARN 11192 --- [main] o.h.b.i.InFlightMetadataCollectorImpl    : HHH000069: Duplicate generator name generator
2026-06-23 18:01:41.696  INFO 11192 --- [main] com.zaxxer.hikari.HikariDataSource       : HikariPool-3 - Starting...
2026-06-23 18:01:41.856  INFO 11192 --- [main] com.zaxxer.hikari.HikariDataSource       : HikariPool-3 - Start completed.
2026-06-23 18:01:43.183  INFO 11192 --- [main] com.zaxxer.hikari.HikariDataSource       : HikariPool-4 - Starting...
2026-06-23 18:01:43.728  INFO 11192 --- [main] com.zaxxer.hikari.HikariDataSource       : HikariPool-4 - Start completed.
2026-06-23 18:01:55.198  WARN 11192 --- [main] JpaBaseConfiguration$JpaWebConfiguration : spring.jpa.open-in-view is enabled by default. Therefore, database queries may be performed during view rendering. Explicitly configure spring.jpa.open-in-view to disable this warning
2026-06-23 18:01:56.214  INFO 11192 --- [main] com.sigep.SigepApplication               : Started SigepApplication in 50.327 seconds (JVM running for 51.295)
2026-06-23 18:04:38.834  INFO 11192 --- [http-nio-8080-exec-1] o.a.c.c.C.[Tomcat].[localhost].[/]       : Initializing Spring DispatcherServlet 'dispatcherServlet'
