2026-06-12 12:00:39.002  INFO 25456 --- [main] com.sigep.SigepApplication               : Starting SigepApplication using Java 17.0.12 on LAPTOP-S0HR1QU8 with PID 25456 (C:\Users\ASUS\PROJET SIGEP\backend\sigep\target\classes started by ASUS in C:\Users\ASUS\PROJET SIGEP\backend\sigep)
2026-06-12 12:00:39.014  INFO 25456 --- [main] com.sigep.SigepApplication               : The following 1 profile is active: "dev"
2026-06-12 12:00:46.795  INFO 25456 --- [main] o.apache.catalina.core.StandardService   : Starting service [Tomcat]
2026-06-12 12:00:46.797  INFO 25456 --- [main] org.apache.catalina.core.StandardEngine  : Starting Servlet engine: [Apache Tomcat/9.0.63]
2026-06-12 12:00:47.008  INFO 25456 --- [main] o.a.c.c.C.[Tomcat].[localhost].[/]       : Initializing Spring embedded WebApplicationContext
2026-06-12 12:00:49.124  INFO 25456 --- [main] com.zaxxer.hikari.HikariDataSource       : HikariPool-1 - Starting...
2026-06-12 12:00:50.496  INFO 25456 --- [main] com.zaxxer.hikari.HikariDataSource       : HikariPool-1 - Start completed.
2026-06-12 12:00:50.932  WARN 25456 --- [main] o.h.b.i.InFlightMetadataCollectorImpl    : HHH000069: Duplicate generator name generator
2026-06-12 12:00:50.942  WARN 25456 --- [main] o.h.b.i.InFlightMetadataCollectorImpl    : HHH000069: Duplicate generator name generator
2026-06-12 12:00:51.037  WARN 25456 --- [main] o.h.b.i.InFlightMetadataCollectorImpl    : HHH000069: Duplicate generator name generator
2026-06-12 12:00:51.042  WARN 25456 --- [main] o.h.b.i.InFlightMetadataCollectorImpl    : HHH000069: Duplicate generator name generator
2026-06-12 12:00:51.064  WARN 25456 --- [main] o.h.b.i.InFlightMetadataCollectorImpl    : HHH000069: Duplicate generator name generator
2026-06-12 12:00:51.066  WARN 25456 --- [main] o.h.b.i.InFlightMetadataCollectorImpl    : HHH000069: Duplicate generator name generator
2026-06-12 12:00:51.071  WARN 25456 --- [main] o.h.b.i.InFlightMetadataCollectorImpl    : HHH000069: Duplicate generator name generator
2026-06-12 12:00:51.102  WARN 25456 --- [main] o.h.b.i.InFlightMetadataCollectorImpl    : HHH000069: Duplicate generator name generator
2026-06-12 12:00:51.105  WARN 25456 --- [main] o.h.b.i.InFlightMetadataCollectorImpl    : HHH000069: Duplicate generator name generator
2026-06-12 12:00:51.136  WARN 25456 --- [main] o.h.b.i.InFlightMetadataCollectorImpl    : HHH000069: Duplicate generator name generator
2026-06-12 12:00:51.174  WARN 25456 --- [main] o.h.b.i.InFlightMetadataCollectorImpl    : HHH000069: Duplicate generator name generator
2026-06-12 12:00:51.197  WARN 25456 --- [main] o.h.b.i.InFlightMetadataCollectorImpl    : HHH000069: Duplicate generator name generator
2026-06-12 12:00:51.211  WARN 25456 --- [main] o.h.b.i.InFlightMetadataCollectorImpl    : HHH000069: Duplicate generator name generator
2026-06-12 12:00:51.223  WARN 25456 --- [main] o.h.b.i.InFlightMetadataCollectorImpl    : HHH000069: Duplicate generator name generator
2026-06-12 12:00:51.246  WARN 25456 --- [main] o.h.b.i.InFlightMetadataCollectorImpl    : HHH000069: Duplicate generator name generator
2026-06-12 12:00:51.250  WARN 25456 --- [main] o.h.b.i.InFlightMetadataCollectorImpl    : HHH000069: Duplicate generator name generator
2026-06-12 12:00:51.289  WARN 25456 --- [main] o.h.b.i.InFlightMetadataCollectorImpl    : HHH000069: Duplicate generator name generator
2026-06-12 12:00:51.307  WARN 25456 --- [main] o.h.b.i.InFlightMetadataCollectorImpl    : HHH000069: Duplicate generator name generator
2026-06-12 12:00:51.346  WARN 25456 --- [main] o.h.b.i.InFlightMetadataCollectorImpl    : HHH000069: Duplicate generator name generator
2026-06-12 12:00:51.351  WARN 25456 --- [main] o.h.b.i.InFlightMetadataCollectorImpl    : HHH000069: Duplicate generator name generator
2026-06-12 12:00:51.441  WARN 25456 --- [main] org.hibernate.id.GUIDGenerator           : HHH000065: DEPRECATED : use [org.hibernate.id.UUIDGenerator] instead with custom [org.hibernate.id.UUIDGenerationStrategy] implementation
2026-06-12 12:00:53.954  INFO 25456 --- [main] com.zaxxer.hikari.HikariDataSource       : HikariPool-2 - Starting...
2026-06-12 12:00:53.971  INFO 25456 --- [main] com.zaxxer.hikari.HikariDataSource       : HikariPool-2 - Start completed.
2026-06-12 12:00:54.031  WARN 25456 --- [main] o.h.b.i.InFlightMetadataCollectorImpl    : HHH000069: Duplicate generator name generator
2026-06-12 12:00:54.048  WARN 25456 --- [main] o.h.b.i.InFlightMetadataCollectorImpl    : HHH000069: Duplicate generator name generator
2026-06-12 12:00:54.906  INFO 25456 --- [main] com.zaxxer.hikari.HikariDataSource       : HikariPool-3 - Starting...
2026-06-12 12:00:55.483  INFO 25456 --- [main] com.zaxxer.hikari.HikariDataSource       : HikariPool-3 - Start completed.
2026-06-12 12:00:56.194  INFO 25456 --- [main] com.zaxxer.hikari.HikariDataSource       : HikariPool-4 - Starting...
2026-06-12 12:00:56.771  INFO 25456 --- [main] com.zaxxer.hikari.HikariDataSource       : HikariPool-4 - Start completed.
2026-06-12 12:01:01.004  WARN 25456 --- [main] JpaBaseConfiguration$JpaWebConfiguration : spring.jpa.open-in-view is enabled by default. Therefore, database queries may be performed during view rendering. Explicitly configure spring.jpa.open-in-view to disable this warning
2026-06-12 12:01:02.100  INFO 25456 --- [main] com.sigep.SigepApplication               : Started SigepApplication in 23.761 seconds (JVM running for 24.361)
2026-06-12 12:03:30.899  INFO 25456 --- [http-nio-8080-exec-1] o.a.c.c.C.[Tomcat].[localhost].[/]       : Initializing Spring DispatcherServlet 'dispatcherServlet'
2026-06-12 15:38:31.868  INFO 19996 --- [main] com.sigep.SigepApplication               : Starting SigepApplication using Java 17.0.12 on LAPTOP-S0HR1QU8 with PID 19996 (C:\Users\ASUS\PROJET SIGEP\backend\sigep\target\classes started by ASUS in C:\Users\ASUS\PROJET SIGEP\backend\sigep)
2026-06-12 15:38:31.884  INFO 19996 --- [main] com.sigep.SigepApplication               : The following 1 profile is active: "dev"
2026-06-12 15:38:48.759  INFO 19996 --- [main] o.apache.catalina.core.StandardService   : Starting service [Tomcat]
2026-06-12 15:38:48.760  INFO 19996 --- [main] org.apache.catalina.core.StandardEngine  : Starting Servlet engine: [Apache Tomcat/9.0.63]
2026-06-12 15:38:49.199  INFO 19996 --- [main] o.a.c.c.C.[Tomcat].[localhost].[/]       : Initializing Spring embedded WebApplicationContext
2026-06-12 15:38:55.136  INFO 19996 --- [main] com.zaxxer.hikari.HikariDataSource       : HikariPool-1 - Starting...
2026-06-12 15:38:57.758  INFO 19996 --- [main] com.zaxxer.hikari.HikariDataSource       : HikariPool-1 - Start completed.
2026-06-12 15:38:58.403  WARN 19996 --- [main] o.h.b.i.InFlightMetadataCollectorImpl    : HHH000069: Duplicate generator name generator
2026-06-12 15:38:58.431  WARN 19996 --- [main] o.h.b.i.InFlightMetadataCollectorImpl    : HHH000069: Duplicate generator name generator
2026-06-12 15:38:58.591  WARN 19996 --- [main] o.h.b.i.InFlightMetadataCollectorImpl    : HHH000069: Duplicate generator name generator
2026-06-12 15:38:58.603  WARN 19996 --- [main] o.h.b.i.InFlightMetadataCollectorImpl    : HHH000069: Duplicate generator name generator
2026-06-12 15:38:58.638  WARN 19996 --- [main] o.h.b.i.InFlightMetadataCollectorImpl    : HHH000069: Duplicate generator name generator
2026-06-12 15:38:58.652  WARN 19996 --- [main] o.h.b.i.InFlightMetadataCollectorImpl    : HHH000069: Duplicate generator name generator
2026-06-12 15:38:58.658  WARN 19996 --- [main] o.h.b.i.InFlightMetadataCollectorImpl    : HHH000069: Duplicate generator name generator
2026-06-12 15:38:58.724  WARN 19996 --- [main] o.h.b.i.InFlightMetadataCollectorImpl    : HHH000069: Duplicate generator name generator
2026-06-12 15:38:58.730  WARN 19996 --- [main] o.h.b.i.InFlightMetadataCollectorImpl    : HHH000069: Duplicate generator name generator
2026-06-12 15:38:58.775  WARN 19996 --- [main] o.h.b.i.InFlightMetadataCollectorImpl    : HHH000069: Duplicate generator name generator
2026-06-12 15:38:58.832  WARN 19996 --- [main] o.h.b.i.InFlightMetadataCollectorImpl    : HHH000069: Duplicate generator name generator
2026-06-12 15:38:58.865  WARN 19996 --- [main] o.h.b.i.InFlightMetadataCollectorImpl    : HHH000069: Duplicate generator name generator
2026-06-12 15:38:58.889  WARN 19996 --- [main] o.h.b.i.InFlightMetadataCollectorImpl    : HHH000069: Duplicate generator name generator
2026-06-12 15:38:58.913  WARN 19996 --- [main] o.h.b.i.InFlightMetadataCollectorImpl    : HHH000069: Duplicate generator name generator
2026-06-12 15:38:58.948  WARN 19996 --- [main] o.h.b.i.InFlightMetadataCollectorImpl    : HHH000069: Duplicate generator name generator
2026-06-12 15:38:58.957  WARN 19996 --- [main] o.h.b.i.InFlightMetadataCollectorImpl    : HHH000069: Duplicate generator name generator
2026-06-12 15:38:59.073  WARN 19996 --- [main] o.h.b.i.InFlightMetadataCollectorImpl    : HHH000069: Duplicate generator name generator
2026-06-12 15:38:59.113  WARN 19996 --- [main] o.h.b.i.InFlightMetadataCollectorImpl    : HHH000069: Duplicate generator name generator
2026-06-12 15:38:59.231  WARN 19996 --- [main] o.h.b.i.InFlightMetadataCollectorImpl    : HHH000069: Duplicate generator name generator
2026-06-12 15:38:59.247  WARN 19996 --- [main] o.h.b.i.InFlightMetadataCollectorImpl    : HHH000069: Duplicate generator name generator
2026-06-12 15:38:59.391  WARN 19996 --- [main] org.hibernate.id.GUIDGenerator           : HHH000065: DEPRECATED : use [org.hibernate.id.UUIDGenerator] instead with custom [org.hibernate.id.UUIDGenerationStrategy] implementation
2026-06-12 15:39:09.517  INFO 19996 --- [main] com.zaxxer.hikari.HikariDataSource       : HikariPool-2 - Starting...
2026-06-12 15:39:09.805  INFO 19996 --- [main] com.zaxxer.hikari.HikariDataSource       : HikariPool-2 - Start completed.
2026-06-12 15:39:09.986  WARN 19996 --- [main] o.h.b.i.InFlightMetadataCollectorImpl    : HHH000069: Duplicate generator name generator
2026-06-12 15:39:09.995  WARN 19996 --- [main] o.h.b.i.InFlightMetadataCollectorImpl    : HHH000069: Duplicate generator name generator
2026-06-12 15:39:13.282  INFO 19996 --- [main] com.zaxxer.hikari.HikariDataSource       : HikariPool-3 - Starting...
2026-06-12 15:39:17.476  INFO 19996 --- [main] com.zaxxer.hikari.HikariDataSource       : HikariPool-3 - Start completed.
2026-06-12 15:39:33.898  INFO 19996 --- [main] com.zaxxer.hikari.HikariDataSource       : HikariPool-4 - Starting...
2026-06-12 15:39:39.075  INFO 19996 --- [main] com.zaxxer.hikari.HikariDataSource       : HikariPool-4 - Start completed.
2026-06-12 15:40:30.621  WARN 19996 --- [main] JpaBaseConfiguration$JpaWebConfiguration : spring.jpa.open-in-view is enabled by default. Therefore, database queries may be performed during view rendering. Explicitly configure spring.jpa.open-in-view to disable this warning
2026-06-12 15:40:39.361  INFO 19996 --- [main] com.sigep.SigepApplication               : Started SigepApplication in 128.763 seconds (JVM running for 130.077)
2026-06-12 15:41:43.201  INFO 19996 --- [http-nio-8080-exec-2] o.a.c.c.C.[Tomcat].[localhost].[/]       : Initializing Spring DispatcherServlet 'dispatcherServlet'
2026-06-12 16:12:20.051  INFO 11764 --- [main] com.sigep.SigepApplication               : Starting SigepApplication using Java 17.0.12 on LAPTOP-S0HR1QU8 with PID 11764 (C:\Users\ASUS\PROJET SIGEP\backend\sigep\target\classes started by ASUS in C:\Users\ASUS\PROJET SIGEP\backend\sigep)
2026-06-12 16:12:20.055  INFO 11764 --- [main] com.sigep.SigepApplication               : The following 1 profile is active: "dev"
2026-06-12 16:12:25.281  INFO 11764 --- [main] o.apache.catalina.core.StandardService   : Starting service [Tomcat]
2026-06-12 16:12:25.282  INFO 11764 --- [main] org.apache.catalina.core.StandardEngine  : Starting Servlet engine: [Apache Tomcat/9.0.63]
2026-06-12 16:12:25.453  INFO 11764 --- [main] o.a.c.c.C.[Tomcat].[localhost].[/]       : Initializing Spring embedded WebApplicationContext
2026-06-12 16:12:27.380  INFO 11764 --- [main] com.zaxxer.hikari.HikariDataSource       : HikariPool-1 - Starting...
2026-06-12 16:12:28.891  INFO 11764 --- [main] com.zaxxer.hikari.HikariDataSource       : HikariPool-1 - Start completed.
2026-06-12 16:12:29.388  WARN 11764 --- [main] o.h.b.i.InFlightMetadataCollectorImpl    : HHH000069: Duplicate generator name generator
2026-06-12 16:12:29.407  WARN 11764 --- [main] o.h.b.i.InFlightMetadataCollectorImpl    : HHH000069: Duplicate generator name generator
2026-06-12 16:12:29.501  WARN 11764 --- [main] o.h.b.i.InFlightMetadataCollectorImpl    : HHH000069: Duplicate generator name generator
2026-06-12 16:12:29.507  WARN 11764 --- [main] o.h.b.i.InFlightMetadataCollectorImpl    : HHH000069: Duplicate generator name generator
2026-06-12 16:12:29.534  WARN 11764 --- [main] o.h.b.i.InFlightMetadataCollectorImpl    : HHH000069: Duplicate generator name generator
2026-06-12 16:12:29.538  WARN 11764 --- [main] o.h.b.i.InFlightMetadataCollectorImpl    : HHH000069: Duplicate generator name generator
2026-06-12 16:12:29.544  WARN 11764 --- [main] o.h.b.i.InFlightMetadataCollectorImpl    : HHH000069: Duplicate generator name generator
2026-06-12 16:12:29.583  WARN 11764 --- [main] o.h.b.i.InFlightMetadataCollectorImpl    : HHH000069: Duplicate generator name generator
2026-06-12 16:12:29.586  WARN 11764 --- [main] o.h.b.i.InFlightMetadataCollectorImpl    : HHH000069: Duplicate generator name generator
2026-06-12 16:12:29.615  WARN 11764 --- [main] o.h.b.i.InFlightMetadataCollectorImpl    : HHH000069: Duplicate generator name generator
2026-06-12 16:12:29.648  WARN 11764 --- [main] o.h.b.i.InFlightMetadataCollectorImpl    : HHH000069: Duplicate generator name generator
2026-06-12 16:12:29.670  WARN 11764 --- [main] o.h.b.i.InFlightMetadataCollectorImpl    : HHH000069: Duplicate generator name generator
2026-06-12 16:12:29.683  WARN 11764 --- [main] o.h.b.i.InFlightMetadataCollectorImpl    : HHH000069: Duplicate generator name generator
2026-06-12 16:12:29.695  WARN 11764 --- [main] o.h.b.i.InFlightMetadataCollectorImpl    : HHH000069: Duplicate generator name generator
2026-06-12 16:12:29.706  WARN 11764 --- [main] o.h.b.i.InFlightMetadataCollectorImpl    : HHH000069: Duplicate generator name generator
2026-06-12 16:12:29.712  WARN 11764 --- [main] o.h.b.i.InFlightMetadataCollectorImpl    : HHH000069: Duplicate generator name generator
2026-06-12 16:12:29.759  WARN 11764 --- [main] o.h.b.i.InFlightMetadataCollectorImpl    : HHH000069: Duplicate generator name generator
2026-06-12 16:12:29.777  WARN 11764 --- [main] o.h.b.i.InFlightMetadataCollectorImpl    : HHH000069: Duplicate generator name generator
2026-06-12 16:12:29.835  WARN 11764 --- [main] o.h.b.i.InFlightMetadataCollectorImpl    : HHH000069: Duplicate generator name generator
2026-06-12 16:12:29.841  WARN 11764 --- [main] o.h.b.i.InFlightMetadataCollectorImpl    : HHH000069: Duplicate generator name generator
2026-06-12 16:12:29.981  WARN 11764 --- [main] org.hibernate.id.GUIDGenerator           : HHH000065: DEPRECATED : use [org.hibernate.id.UUIDGenerator] instead with custom [org.hibernate.id.UUIDGenerationStrategy] implementation
2026-06-12 16:12:36.136  INFO 11764 --- [main] com.zaxxer.hikari.HikariDataSource       : HikariPool-2 - Starting...
2026-06-12 16:12:36.154  INFO 11764 --- [main] com.zaxxer.hikari.HikariDataSource       : HikariPool-2 - Start completed.
2026-06-12 16:12:36.197  WARN 11764 --- [main] o.h.b.i.InFlightMetadataCollectorImpl    : HHH000069: Duplicate generator name generator
2026-06-12 16:12:36.210  WARN 11764 --- [main] o.h.b.i.InFlightMetadataCollectorImpl    : HHH000069: Duplicate generator name generator
2026-06-12 16:12:37.056  INFO 11764 --- [main] com.zaxxer.hikari.HikariDataSource       : HikariPool-3 - Starting...
2026-06-12 16:12:37.574  INFO 11764 --- [main] com.zaxxer.hikari.HikariDataSource       : HikariPool-3 - Start completed.
2026-06-12 16:12:38.257  INFO 11764 --- [main] com.zaxxer.hikari.HikariDataSource       : HikariPool-4 - Starting...
2026-06-12 16:12:38.806  INFO 11764 --- [main] com.zaxxer.hikari.HikariDataSource       : HikariPool-4 - Start completed.
2026-06-12 16:12:43.211  WARN 11764 --- [main] JpaBaseConfiguration$JpaWebConfiguration : spring.jpa.open-in-view is enabled by default. Therefore, database queries may be performed during view rendering. Explicitly configure spring.jpa.open-in-view to disable this warning
2026-06-12 16:12:44.054  INFO 11764 --- [main] com.sigep.SigepApplication               : Started SigepApplication in 24.484 seconds (JVM running for 24.938)
2026-06-12 16:12:58.901  INFO 11764 --- [http-nio-8080-exec-1] o.a.c.c.C.[Tomcat].[localhost].[/]       : Initializing Spring DispatcherServlet 'dispatcherServlet'
2026-06-12 16:17:57.561  INFO 24524 --- [main] com.sigep.SigepApplication               : Starting SigepApplication using Java 17.0.12 on LAPTOP-S0HR1QU8 with PID 24524 (C:\Users\ASUS\PROJET SIGEP\backend\sigep\target\classes started by ASUS in C:\Users\ASUS\PROJET SIGEP\backend\sigep)
2026-06-12 16:17:57.565  INFO 24524 --- [main] com.sigep.SigepApplication               : The following 1 profile is active: "dev"
2026-06-12 16:18:03.005  INFO 24524 --- [main] o.apache.catalina.core.StandardService   : Starting service [Tomcat]
2026-06-12 16:18:03.006  INFO 24524 --- [main] org.apache.catalina.core.StandardEngine  : Starting Servlet engine: [Apache Tomcat/9.0.63]
2026-06-12 16:18:03.244  INFO 24524 --- [main] o.a.c.c.C.[Tomcat].[localhost].[/]       : Initializing Spring embedded WebApplicationContext
2026-06-12 16:18:05.961  INFO 24524 --- [main] com.zaxxer.hikari.HikariDataSource       : HikariPool-1 - Starting...
2026-06-12 16:18:07.124  INFO 24524 --- [main] com.zaxxer.hikari.HikariDataSource       : HikariPool-1 - Start completed.
2026-06-12 16:18:07.524  WARN 24524 --- [main] o.h.b.i.InFlightMetadataCollectorImpl    : HHH000069: Duplicate generator name generator
2026-06-12 16:18:07.540  WARN 24524 --- [main] o.h.b.i.InFlightMetadataCollectorImpl    : HHH000069: Duplicate generator name generator
2026-06-12 16:18:07.650  WARN 24524 --- [main] o.h.b.i.InFlightMetadataCollectorImpl    : HHH000069: Duplicate generator name generator
2026-06-12 16:18:07.656  WARN 24524 --- [main] o.h.b.i.InFlightMetadataCollectorImpl    : HHH000069: Duplicate generator name generator
2026-06-12 16:18:07.677  WARN 24524 --- [main] o.h.b.i.InFlightMetadataCollectorImpl    : HHH000069: Duplicate generator name generator
2026-06-12 16:18:07.680  WARN 24524 --- [main] o.h.b.i.InFlightMetadataCollectorImpl    : HHH000069: Duplicate generator name generator
2026-06-12 16:18:07.684  WARN 24524 --- [main] o.h.b.i.InFlightMetadataCollectorImpl    : HHH000069: Duplicate generator name generator
2026-06-12 16:18:07.729  WARN 24524 --- [main] o.h.b.i.InFlightMetadataCollectorImpl    : HHH000069: Duplicate generator name generator
2026-06-12 16:18:07.732  WARN 24524 --- [main] o.h.b.i.InFlightMetadataCollectorImpl    : HHH000069: Duplicate generator name generator
2026-06-12 16:18:07.757  WARN 24524 --- [main] o.h.b.i.InFlightMetadataCollectorImpl    : HHH000069: Duplicate generator name generator
2026-06-12 16:18:07.795  WARN 24524 --- [main] o.h.b.i.InFlightMetadataCollectorImpl    : HHH000069: Duplicate generator name generator
2026-06-12 16:18:07.824  WARN 24524 --- [main] o.h.b.i.InFlightMetadataCollectorImpl    : HHH000069: Duplicate generator name generator
2026-06-12 16:18:07.837  WARN 24524 --- [main] o.h.b.i.InFlightMetadataCollectorImpl    : HHH000069: Duplicate generator name generator
2026-06-12 16:18:07.844  WARN 24524 --- [main] o.h.b.i.InFlightMetadataCollectorImpl    : HHH000069: Duplicate generator name generator
2026-06-12 16:18:07.853  WARN 24524 --- [main] o.h.b.i.InFlightMetadataCollectorImpl    : HHH000069: Duplicate generator name generator
2026-06-12 16:18:07.858  WARN 24524 --- [main] o.h.b.i.InFlightMetadataCollectorImpl    : HHH000069: Duplicate generator name generator
2026-06-12 16:18:07.909  WARN 24524 --- [main] o.h.b.i.InFlightMetadataCollectorImpl    : HHH000069: Duplicate generator name generator
2026-06-12 16:18:07.932  WARN 24524 --- [main] o.h.b.i.InFlightMetadataCollectorImpl    : HHH000069: Duplicate generator name generator
2026-06-12 16:18:07.986  WARN 24524 --- [main] o.h.b.i.InFlightMetadataCollectorImpl    : HHH000069: Duplicate generator name generator
2026-06-12 16:18:07.995  WARN 24524 --- [main] o.h.b.i.InFlightMetadataCollectorImpl    : HHH000069: Duplicate generator name generator
2026-06-12 16:18:08.127  WARN 24524 --- [main] org.hibernate.id.GUIDGenerator           : HHH000065: DEPRECATED : use [org.hibernate.id.UUIDGenerator] instead with custom [org.hibernate.id.UUIDGenerationStrategy] implementation
2026-06-12 16:18:13.265  INFO 24524 --- [main] com.zaxxer.hikari.HikariDataSource       : HikariPool-2 - Starting...
2026-06-12 16:18:13.289  INFO 24524 --- [main] com.zaxxer.hikari.HikariDataSource       : HikariPool-2 - Start completed.
2026-06-12 16:18:13.334  WARN 24524 --- [main] o.h.b.i.InFlightMetadataCollectorImpl    : HHH000069: Duplicate generator name generator
2026-06-12 16:18:13.356  WARN 24524 --- [main] o.h.b.i.InFlightMetadataCollectorImpl    : HHH000069: Duplicate generator name generator
2026-06-12 16:18:14.943  INFO 24524 --- [main] com.zaxxer.hikari.HikariDataSource       : HikariPool-3 - Starting...
2026-06-12 16:18:15.077  INFO 24524 --- [main] com.zaxxer.hikari.HikariDataSource       : HikariPool-3 - Start completed.
2026-06-12 16:18:15.871  INFO 24524 --- [main] com.zaxxer.hikari.HikariDataSource       : HikariPool-4 - Starting...
2026-06-12 16:18:16.057  INFO 24524 --- [main] com.zaxxer.hikari.HikariDataSource       : HikariPool-4 - Start completed.
2026-06-12 16:18:20.335  WARN 24524 --- [main] JpaBaseConfiguration$JpaWebConfiguration : spring.jpa.open-in-view is enabled by default. Therefore, database queries may be performed during view rendering. Explicitly configure spring.jpa.open-in-view to disable this warning
2026-06-12 16:18:20.917  INFO 24524 --- [main] com.sigep.SigepApplication               : Started SigepApplication in 23.794 seconds (JVM running for 24.233)
2026-06-12 16:18:54.167  INFO 24524 --- [http-nio-8080-exec-1] o.a.c.c.C.[Tomcat].[localhost].[/]       : Initializing Spring DispatcherServlet 'dispatcherServlet'
2026-06-12 16:28:26.418  INFO 12412 --- [main] com.sigep.SigepApplication               : Starting SigepApplication using Java 17.0.12 on LAPTOP-S0HR1QU8 with PID 12412 (C:\Users\ASUS\PROJET SIGEP\backend\sigep\target\classes started by ASUS in C:\Users\ASUS\PROJET SIGEP\backend\sigep)
2026-06-12 16:28:26.423  INFO 12412 --- [main] com.sigep.SigepApplication               : The following 1 profile is active: "dev"
2026-06-12 16:28:34.236  INFO 12412 --- [main] o.apache.catalina.core.StandardService   : Starting service [Tomcat]
2026-06-12 16:28:34.238  INFO 12412 --- [main] org.apache.catalina.core.StandardEngine  : Starting Servlet engine: [Apache Tomcat/9.0.63]
2026-06-12 16:28:34.491  INFO 12412 --- [main] o.a.c.c.C.[Tomcat].[localhost].[/]       : Initializing Spring embedded WebApplicationContext
2026-06-12 16:28:36.977  INFO 12412 --- [main] com.zaxxer.hikari.HikariDataSource       : HikariPool-1 - Starting...
2026-06-12 16:28:38.416  INFO 12412 --- [main] com.zaxxer.hikari.HikariDataSource       : HikariPool-1 - Start completed.
2026-06-12 16:28:38.865  WARN 12412 --- [main] o.h.b.i.InFlightMetadataCollectorImpl    : HHH000069: Duplicate generator name generator
2026-06-12 16:28:38.878  WARN 12412 --- [main] o.h.b.i.InFlightMetadataCollectorImpl    : HHH000069: Duplicate generator name generator
2026-06-12 16:28:38.982  WARN 12412 --- [main] o.h.b.i.InFlightMetadataCollectorImpl    : HHH000069: Duplicate generator name generator
2026-06-12 16:28:38.991  WARN 12412 --- [main] o.h.b.i.InFlightMetadataCollectorImpl    : HHH000069: Duplicate generator name generator
2026-06-12 16:28:39.014  WARN 12412 --- [main] o.h.b.i.InFlightMetadataCollectorImpl    : HHH000069: Duplicate generator name generator
2026-06-12 16:28:39.023  WARN 12412 --- [main] o.h.b.i.InFlightMetadataCollectorImpl    : HHH000069: Duplicate generator name generator
2026-06-12 16:28:39.030  WARN 12412 --- [main] o.h.b.i.InFlightMetadataCollectorImpl    : HHH000069: Duplicate generator name generator
2026-06-12 16:28:39.093  WARN 12412 --- [main] o.h.b.i.InFlightMetadataCollectorImpl    : HHH000069: Duplicate generator name generator
2026-06-12 16:28:39.099  WARN 12412 --- [main] o.h.b.i.InFlightMetadataCollectorImpl    : HHH000069: Duplicate generator name generator
2026-06-12 16:28:39.142  WARN 12412 --- [main] o.h.b.i.InFlightMetadataCollectorImpl    : HHH000069: Duplicate generator name generator
2026-06-12 16:28:39.184  WARN 12412 --- [main] o.h.b.i.InFlightMetadataCollectorImpl    : HHH000069: Duplicate generator name generator
2026-06-12 16:28:39.211  WARN 12412 --- [main] o.h.b.i.InFlightMetadataCollectorImpl    : HHH000069: Duplicate generator name generator
2026-06-12 16:28:39.225  WARN 12412 --- [main] o.h.b.i.InFlightMetadataCollectorImpl    : HHH000069: Duplicate generator name generator
2026-06-12 16:28:39.242  WARN 12412 --- [main] o.h.b.i.InFlightMetadataCollectorImpl    : HHH000069: Duplicate generator name generator
2026-06-12 16:28:39.265  WARN 12412 --- [main] o.h.b.i.InFlightMetadataCollectorImpl    : HHH000069: Duplicate generator name generator
2026-06-12 16:28:39.272  WARN 12412 --- [main] o.h.b.i.InFlightMetadataCollectorImpl    : HHH000069: Duplicate generator name generator
2026-06-12 16:28:39.342  WARN 12412 --- [main] o.h.b.i.InFlightMetadataCollectorImpl    : HHH000069: Duplicate generator name generator
2026-06-12 16:28:39.370  WARN 12412 --- [main] o.h.b.i.InFlightMetadataCollectorImpl    : HHH000069: Duplicate generator name generator
2026-06-12 16:28:39.422  WARN 12412 --- [main] o.h.b.i.InFlightMetadataCollectorImpl    : HHH000069: Duplicate generator name generator
2026-06-12 16:28:39.430  WARN 12412 --- [main] o.h.b.i.InFlightMetadataCollectorImpl    : HHH000069: Duplicate generator name generator
2026-06-12 16:28:39.546  WARN 12412 --- [main] org.hibernate.id.GUIDGenerator           : HHH000065: DEPRECATED : use [org.hibernate.id.UUIDGenerator] instead with custom [org.hibernate.id.UUIDGenerationStrategy] implementation
2026-06-12 16:28:42.266  INFO 12412 --- [main] com.zaxxer.hikari.HikariDataSource       : HikariPool-2 - Starting...
2026-06-12 16:28:42.290  INFO 12412 --- [main] com.zaxxer.hikari.HikariDataSource       : HikariPool-2 - Start completed.
2026-06-12 16:28:42.345  WARN 12412 --- [main] o.h.b.i.InFlightMetadataCollectorImpl    : HHH000069: Duplicate generator name generator
2026-06-12 16:28:42.364  WARN 12412 --- [main] o.h.b.i.InFlightMetadataCollectorImpl    : HHH000069: Duplicate generator name generator
2026-06-12 16:28:43.487  INFO 12412 --- [main] com.zaxxer.hikari.HikariDataSource       : HikariPool-3 - Starting...
2026-06-12 16:28:44.733  INFO 12412 --- [main] com.zaxxer.hikari.HikariDataSource       : HikariPool-3 - Start completed.
2026-06-12 16:28:45.582  INFO 12412 --- [main] com.zaxxer.hikari.HikariDataSource       : HikariPool-4 - Starting...
2026-06-12 16:28:46.051  INFO 12412 --- [main] com.zaxxer.hikari.HikariDataSource       : HikariPool-4 - Start completed.
2026-06-12 16:28:52.156  WARN 12412 --- [main] JpaBaseConfiguration$JpaWebConfiguration : spring.jpa.open-in-view is enabled by default. Therefore, database queries may be performed during view rendering. Explicitly configure spring.jpa.open-in-view to disable this warning
2026-06-12 16:28:53.180  INFO 12412 --- [main] com.sigep.SigepApplication               : Started SigepApplication in 27.353 seconds (JVM running for 27.865)
2026-06-12 16:31:55.269  INFO 12412 --- [http-nio-8080-exec-6] o.a.c.c.C.[Tomcat].[localhost].[/]       : Initializing Spring DispatcherServlet 'dispatcherServlet'
2026-06-12 16:32:59.014  INFO 4824 --- [main] com.sigep.SigepApplication               : Starting SigepApplication using Java 17.0.12 on LAPTOP-S0HR1QU8 with PID 4824 (C:\Users\ASUS\PROJET SIGEP\backend\sigep\target\classes started by ASUS in C:\Users\ASUS\PROJET SIGEP\backend\sigep)
2026-06-12 16:32:59.018  INFO 4824 --- [main] com.sigep.SigepApplication               : The following 1 profile is active: "dev"
2026-06-12 16:33:04.792  INFO 4824 --- [main] o.apache.catalina.core.StandardService   : Starting service [Tomcat]
2026-06-12 16:33:04.795  INFO 4824 --- [main] org.apache.catalina.core.StandardEngine  : Starting Servlet engine: [Apache Tomcat/9.0.63]
2026-06-12 16:33:05.130  INFO 4824 --- [main] o.a.c.c.C.[Tomcat].[localhost].[/]       : Initializing Spring embedded WebApplicationContext
2026-06-12 16:33:07.781  INFO 4824 --- [main] com.zaxxer.hikari.HikariDataSource       : HikariPool-1 - Starting...
2026-06-12 16:33:08.421  INFO 4824 --- [main] com.zaxxer.hikari.HikariDataSource       : HikariPool-1 - Start completed.
2026-06-12 16:33:08.849  WARN 4824 --- [main] o.h.b.i.InFlightMetadataCollectorImpl    : HHH000069: Duplicate generator name generator
2026-06-12 16:33:08.866  WARN 4824 --- [main] o.h.b.i.InFlightMetadataCollectorImpl    : HHH000069: Duplicate generator name generator
2026-06-12 16:33:08.968  WARN 4824 --- [main] o.h.b.i.InFlightMetadataCollectorImpl    : HHH000069: Duplicate generator name generator
2026-06-12 16:33:08.974  WARN 4824 --- [main] o.h.b.i.InFlightMetadataCollectorImpl    : HHH000069: Duplicate generator name generator
2026-06-12 16:33:08.996  WARN 4824 --- [main] o.h.b.i.InFlightMetadataCollectorImpl    : HHH000069: Duplicate generator name generator
2026-06-12 16:33:09.000  WARN 4824 --- [main] o.h.b.i.InFlightMetadataCollectorImpl    : HHH000069: Duplicate generator name generator
2026-06-12 16:33:09.005  WARN 4824 --- [main] o.h.b.i.InFlightMetadataCollectorImpl    : HHH000069: Duplicate generator name generator
2026-06-12 16:33:09.054  WARN 4824 --- [main] o.h.b.i.InFlightMetadataCollectorImpl    : HHH000069: Duplicate generator name generator
2026-06-12 16:33:09.057  WARN 4824 --- [main] o.h.b.i.InFlightMetadataCollectorImpl    : HHH000069: Duplicate generator name generator
2026-06-12 16:33:09.091  WARN 4824 --- [main] o.h.b.i.InFlightMetadataCollectorImpl    : HHH000069: Duplicate generator name generator
2026-06-12 16:33:09.127  WARN 4824 --- [main] o.h.b.i.InFlightMetadataCollectorImpl    : HHH000069: Duplicate generator name generator
2026-06-12 16:33:09.155  WARN 4824 --- [main] o.h.b.i.InFlightMetadataCollectorImpl    : HHH000069: Duplicate generator name generator
2026-06-12 16:33:09.164  WARN 4824 --- [main] o.h.b.i.InFlightMetadataCollectorImpl    : HHH000069: Duplicate generator name generator
2026-06-12 16:33:09.172  WARN 4824 --- [main] o.h.b.i.InFlightMetadataCollectorImpl    : HHH000069: Duplicate generator name generator
2026-06-12 16:33:09.194  WARN 4824 --- [main] o.h.b.i.InFlightMetadataCollectorImpl    : HHH000069: Duplicate generator name generator
2026-06-12 16:33:09.199  WARN 4824 --- [main] o.h.b.i.InFlightMetadataCollectorImpl    : HHH000069: Duplicate generator name generator
2026-06-12 16:33:09.249  WARN 4824 --- [main] o.h.b.i.InFlightMetadataCollectorImpl    : HHH000069: Duplicate generator name generator
2026-06-12 16:33:09.274  WARN 4824 --- [main] o.h.b.i.InFlightMetadataCollectorImpl    : HHH000069: Duplicate generator name generator
2026-06-12 16:33:09.333  WARN 4824 --- [main] o.h.b.i.InFlightMetadataCollectorImpl    : HHH000069: Duplicate generator name generator
2026-06-12 16:33:09.341  WARN 4824 --- [main] o.h.b.i.InFlightMetadataCollectorImpl    : HHH000069: Duplicate generator name generator
2026-06-12 16:33:09.466  WARN 4824 --- [main] org.hibernate.id.GUIDGenerator           : HHH000065: DEPRECATED : use [org.hibernate.id.UUIDGenerator] instead with custom [org.hibernate.id.UUIDGenerationStrategy] implementation
2026-06-12 16:33:12.577  INFO 4824 --- [main] com.zaxxer.hikari.HikariDataSource       : HikariPool-2 - Starting...
2026-06-12 16:33:12.598  INFO 4824 --- [main] com.zaxxer.hikari.HikariDataSource       : HikariPool-2 - Start completed.
2026-06-12 16:33:12.666  WARN 4824 --- [main] o.h.b.i.InFlightMetadataCollectorImpl    : HHH000069: Duplicate generator name generator
2026-06-12 16:33:12.684  WARN 4824 --- [main] o.h.b.i.InFlightMetadataCollectorImpl    : HHH000069: Duplicate generator name generator
2026-06-12 16:33:13.753  INFO 4824 --- [main] com.zaxxer.hikari.HikariDataSource       : HikariPool-3 - Starting...
2026-06-12 16:33:15.645  INFO 4824 --- [main] com.zaxxer.hikari.HikariDataSource       : HikariPool-3 - Start completed.
2026-06-12 16:33:17.045  INFO 4824 --- [main] com.zaxxer.hikari.HikariDataSource       : HikariPool-4 - Starting...
2026-06-12 16:33:19.232  INFO 4824 --- [main] com.zaxxer.hikari.HikariDataSource       : HikariPool-4 - Start completed.
2026-06-12 16:33:25.853  WARN 4824 --- [main] JpaBaseConfiguration$JpaWebConfiguration : spring.jpa.open-in-view is enabled by default. Therefore, database queries may be performed during view rendering. Explicitly configure spring.jpa.open-in-view to disable this warning
2026-06-12 16:33:26.834  INFO 4824 --- [main] com.sigep.SigepApplication               : Started SigepApplication in 28.366 seconds (JVM running for 28.918)
2026-06-12 16:33:33.764  INFO 4824 --- [http-nio-8080-exec-6] o.a.c.c.C.[Tomcat].[localhost].[/]       : Initializing Spring DispatcherServlet 'dispatcherServlet'
2026-06-12 16:43:41.500  INFO 22316 --- [main] com.sigep.SigepApplication               : Starting SigepApplication using Java 17.0.12 on LAPTOP-S0HR1QU8 with PID 22316 (C:\Users\ASUS\PROJET SIGEP\backend\sigep\target\classes started by ASUS in C:\Users\ASUS\PROJET SIGEP\backend\sigep)
2026-06-12 16:43:41.504  INFO 22316 --- [main] com.sigep.SigepApplication               : The following 1 profile is active: "dev"
2026-06-12 16:43:48.155  INFO 22316 --- [main] o.apache.catalina.core.StandardService   : Starting service [Tomcat]
2026-06-12 16:43:48.156  INFO 22316 --- [main] org.apache.catalina.core.StandardEngine  : Starting Servlet engine: [Apache Tomcat/9.0.63]
2026-06-12 16:43:48.426  INFO 22316 --- [main] o.a.c.c.C.[Tomcat].[localhost].[/]       : Initializing Spring embedded WebApplicationContext
2026-06-12 16:43:50.620  INFO 22316 --- [main] com.zaxxer.hikari.HikariDataSource       : HikariPool-1 - Starting...
2026-06-12 16:43:51.816  INFO 22316 --- [main] com.zaxxer.hikari.HikariDataSource       : HikariPool-1 - Start completed.
2026-06-12 16:43:52.213  WARN 22316 --- [main] o.h.b.i.InFlightMetadataCollectorImpl    : HHH000069: Duplicate generator name generator
2026-06-12 16:43:52.227  WARN 22316 --- [main] o.h.b.i.InFlightMetadataCollectorImpl    : HHH000069: Duplicate generator name generator
2026-06-12 16:43:52.325  WARN 22316 --- [main] o.h.b.i.InFlightMetadataCollectorImpl    : HHH000069: Duplicate generator name generator
2026-06-12 16:43:52.331  WARN 22316 --- [main] o.h.b.i.InFlightMetadataCollectorImpl    : HHH000069: Duplicate generator name generator
2026-06-12 16:43:52.345  WARN 22316 --- [main] o.h.b.i.InFlightMetadataCollectorImpl    : HHH000069: Duplicate generator name generator
2026-06-12 16:43:52.350  WARN 22316 --- [main] o.h.b.i.InFlightMetadataCollectorImpl    : HHH000069: Duplicate generator name generator
2026-06-12 16:43:52.355  WARN 22316 --- [main] o.h.b.i.InFlightMetadataCollectorImpl    : HHH000069: Duplicate generator name generator
2026-06-12 16:43:52.389  WARN 22316 --- [main] o.h.b.i.InFlightMetadataCollectorImpl    : HHH000069: Duplicate generator name generator
2026-06-12 16:43:52.392  WARN 22316 --- [main] o.h.b.i.InFlightMetadataCollectorImpl    : HHH000069: Duplicate generator name generator
2026-06-12 16:43:52.423  WARN 22316 --- [main] o.h.b.i.InFlightMetadataCollectorImpl    : HHH000069: Duplicate generator name generator
2026-06-12 16:43:52.467  WARN 22316 --- [main] o.h.b.i.InFlightMetadataCollectorImpl    : HHH000069: Duplicate generator name generator
2026-06-12 16:43:52.494  WARN 22316 --- [main] o.h.b.i.InFlightMetadataCollectorImpl    : HHH000069: Duplicate generator name generator
2026-06-12 16:43:52.506  WARN 22316 --- [main] o.h.b.i.InFlightMetadataCollectorImpl    : HHH000069: Duplicate generator name generator
2026-06-12 16:43:52.519  WARN 22316 --- [main] o.h.b.i.InFlightMetadataCollectorImpl    : HHH000069: Duplicate generator name generator
2026-06-12 16:43:52.540  WARN 22316 --- [main] o.h.b.i.InFlightMetadataCollectorImpl    : HHH000069: Duplicate generator name generator
2026-06-12 16:43:52.543  WARN 22316 --- [main] o.h.b.i.InFlightMetadataCollectorImpl    : HHH000069: Duplicate generator name generator
2026-06-12 16:43:52.582  WARN 22316 --- [main] o.h.b.i.InFlightMetadataCollectorImpl    : HHH000069: Duplicate generator name generator
2026-06-12 16:43:52.605  WARN 22316 --- [main] o.h.b.i.InFlightMetadataCollectorImpl    : HHH000069: Duplicate generator name generator
2026-06-12 16:43:52.639  WARN 22316 --- [main] o.h.b.i.InFlightMetadataCollectorImpl    : HHH000069: Duplicate generator name generator
2026-06-12 16:43:52.648  WARN 22316 --- [main] o.h.b.i.InFlightMetadataCollectorImpl    : HHH000069: Duplicate generator name generator
2026-06-12 16:43:52.766  WARN 22316 --- [main] org.hibernate.id.GUIDGenerator           : HHH000065: DEPRECATED : use [org.hibernate.id.UUIDGenerator] instead with custom [org.hibernate.id.UUIDGenerationStrategy] implementation
2026-06-12 16:43:55.662  INFO 22316 --- [main] com.zaxxer.hikari.HikariDataSource       : HikariPool-2 - Starting...
2026-06-12 16:43:55.686  INFO 22316 --- [main] com.zaxxer.hikari.HikariDataSource       : HikariPool-2 - Start completed.
2026-06-12 16:43:55.726  WARN 22316 --- [main] o.h.b.i.InFlightMetadataCollectorImpl    : HHH000069: Duplicate generator name generator
2026-06-12 16:43:55.737  WARN 22316 --- [main] o.h.b.i.InFlightMetadataCollectorImpl    : HHH000069: Duplicate generator name generator
2026-06-12 16:43:56.724  INFO 22316 --- [main] com.zaxxer.hikari.HikariDataSource       : HikariPool-3 - Starting...
2026-06-12 16:43:57.401  INFO 22316 --- [main] com.zaxxer.hikari.HikariDataSource       : HikariPool-3 - Start completed.
2026-06-12 16:43:58.151  INFO 22316 --- [main] com.zaxxer.hikari.HikariDataSource       : HikariPool-4 - Starting...
2026-06-12 16:43:58.618  INFO 22316 --- [main] com.zaxxer.hikari.HikariDataSource       : HikariPool-4 - Start completed.
2026-06-12 16:44:02.692 ERROR 22316 --- [main] o.h.hql.internal.ast.ErrorTracker        :  Unable to locate appropriate constructor on class [com.sigep.gim.dto.CodeBudgetaireStatistiqueDto]. Expected arguments are: int, java.lang.String, long, long, long, long, long
[cause=org.hibernate.PropertyNotFoundException: no appropriate constructor in class: com.sigep.gim.dto.CodeBudgetaireStatistiqueDto]
2026-06-12 16:44:02.706 ERROR 22316 --- [main] o.h.hql.internal.ast.ErrorTracker        :  Unable to locate appropriate constructor on class [com.sigep.gim.dto.CodeBudgetaireStatistiqueDto]. Expected arguments are: int, java.lang.String, long, long, long, long, long
[cause=org.hibernate.PropertyNotFoundException: no appropriate constructor in class: com.sigep.gim.dto.CodeBudgetaireStatistiqueDto]

org.hibernate.hql.internal.ast.DetailedSemanticException: Unable to locate appropriate constructor on class [com.sigep.gim.dto.CodeBudgetaireStatistiqueDto]. Expected arguments are: int, java.lang.String, long, long, long, long, long
	at org.hibernate.hql.internal.ast.tree.ConstructorNode.resolveConstructor(ConstructorNode.java:182) ~[hibernate-core-5.6.9.Final.jar:5.6.9.Final]
	at org.hibernate.hql.internal.ast.tree.ConstructorNode.prepare(ConstructorNode.java:144) ~[hibernate-core-5.6.9.Final.jar:5.6.9.Final]
	at org.hibernate.hql.internal.ast.HqlSqlWalker.processConstructor(HqlSqlWalker.java:1271) ~[hibernate-core-5.6.9.Final.jar:5.6.9.Final]
	at org.hibernate.hql.internal.antlr.HqlSqlBaseWalker.selectExpr(HqlSqlBaseWalker.java:2409) ~[hibernate-core-5.6.9.Final.jar:5.6.9.Final]
	at org.hibernate.hql.internal.antlr.HqlSqlBaseWalker.selectExprList(HqlSqlBaseWalker.java:2275) ~[hibernate-core-5.6.9.Final.jar:5.6.9.Final]
	at org.hibernate.hql.internal.antlr.HqlSqlBaseWalker.selectClause(HqlSqlBaseWalker.java:1534) ~[hibernate-core-5.6.9.Final.jar:5.6.9.Final]
	at org.hibernate.hql.internal.antlr.HqlSqlBaseWalker.query(HqlSqlBaseWalker.java:611) ~[hibernate-core-5.6.9.Final.jar:5.6.9.Final]
	at org.hibernate.hql.internal.antlr.HqlSqlBaseWalker.selectStatement(HqlSqlBaseWalker.java:339) ~[hibernate-core-5.6.9.Final.jar:5.6.9.Final]
	at org.hibernate.hql.internal.antlr.HqlSqlBaseWalker.statement(HqlSqlBaseWalker.java:287) ~[hibernate-core-5.6.9.Final.jar:5.6.9.Final]
	at org.hibernate.hql.internal.ast.QueryTranslatorImpl.analyze(QueryTranslatorImpl.java:276) ~[hibernate-core-5.6.9.Final.jar:5.6.9.Final]
	at org.hibernate.hql.internal.ast.QueryTranslatorImpl.doCompile(QueryTranslatorImpl.java:192) ~[hibernate-core-5.6.9.Final.jar:5.6.9.Final]
	at org.hibernate.hql.internal.ast.QueryTranslatorImpl.compile(QueryTranslatorImpl.java:144) ~[hibernate-core-5.6.9.Final.jar:5.6.9.Final]
	at org.hibernate.engine.query.spi.HQLQueryPlan.<init>(HQLQueryPlan.java:113) ~[hibernate-core-5.6.9.Final.jar:5.6.9.Final]
	at org.hibernate.engine.query.spi.HQLQueryPlan.<init>(HQLQueryPlan.java:73) ~[hibernate-core-5.6.9.Final.jar:5.6.9.Final]
	at org.hibernate.engine.query.spi.QueryPlanCache.getHQLQueryPlan(QueryPlanCache.java:162) ~[hibernate-core-5.6.9.Final.jar:5.6.9.Final]
	at org.hibernate.internal.AbstractSharedSessionContract.getQueryPlan(AbstractSharedSessionContract.java:636) ~[hibernate-core-5.6.9.Final.jar:5.6.9.Final]
	at org.hibernate.internal.AbstractSharedSessionContract.createQuery(AbstractSharedSessionContract.java:748) ~[hibernate-core-5.6.9.Final.jar:5.6.9.Final]
	at org.hibernate.internal.AbstractSharedSessionContract.createQuery(AbstractSharedSessionContract.java:114) ~[hibernate-core-5.6.9.Final.jar:5.6.9.Final]
	at jdk.internal.reflect.GeneratedMethodAccessor96.invoke(Unknown Source) ~[na:na]
	at java.base/jdk.internal.reflect.DelegatingMethodAccessorImpl.invoke(DelegatingMethodAccessorImpl.java:43) ~[na:na]
	at java.base/java.lang.reflect.Method.invoke(Method.java:568) ~[na:na]
	at org.springframework.orm.jpa.ExtendedEntityManagerCreator$ExtendedEntityManagerInvocationHandler.invoke(ExtendedEntityManagerCreator.java:362) ~[spring-orm-5.3.20.jar:5.3.20]
	at jdk.proxy2/jdk.proxy2.$Proxy131.createQuery(Unknown Source) ~[na:na]
	at org.springframework.data.jpa.repository.query.SimpleJpaQuery.validateQuery(SimpleJpaQuery.java:90) ~[spring-data-jpa-2.7.0.jar:2.7.0]
	at org.springframework.data.jpa.repository.query.SimpleJpaQuery.<init>(SimpleJpaQuery.java:66) ~[spring-data-jpa-2.7.0.jar:2.7.0]
	at org.springframework.data.jpa.repository.query.JpaQueryFactory.fromMethodWithQueryString(JpaQueryFactory.java:51) ~[spring-data-jpa-2.7.0.jar:2.7.0]
	at org.springframework.data.jpa.repository.query.JpaQueryLookupStrategy$DeclaredQueryLookupStrategy.resolveQuery(JpaQueryLookupStrategy.java:163) ~[spring-data-jpa-2.7.0.jar:2.7.0]
	at org.springframework.data.jpa.repository.query.JpaQueryLookupStrategy$CreateIfNotFoundQueryLookupStrategy.resolveQuery(JpaQueryLookupStrategy.java:252) ~[spring-data-jpa-2.7.0.jar:2.7.0]
	at org.springframework.data.jpa.repository.query.JpaQueryLookupStrategy$AbstractQueryLookupStrategy.resolveQuery(JpaQueryLookupStrategy.java:87) ~[spring-data-jpa-2.7.0.jar:2.7.0]
	at org.springframework.data.repository.core.support.QueryExecutorMethodInterceptor.lookupQuery(QueryExecutorMethodInterceptor.java:102) ~[spring-data-commons-2.7.0.jar:2.7.0]
	at org.springframework.data.repository.core.support.QueryExecutorMethodInterceptor.lambda$mapMethodsToQuery$1(QueryExecutorMethodInterceptor.java:94) ~[spring-data-commons-2.7.0.jar:2.7.0]
	at java.base/java.util.stream.ReferencePipeline$3$1.accept(ReferencePipeline.java:197) ~[na:na]
	at java.base/java.util.Iterator.forEachRemaining(Iterator.java:133) ~[na:na]
	at java.base/java.util.Collections$UnmodifiableCollection$1.forEachRemaining(Collections.java:1061) ~[na:na]
	at java.base/java.util.Spliterators$IteratorSpliterator.forEachRemaining(Spliterators.java:1845) ~[na:na]
	at java.base/java.util.stream.AbstractPipeline.copyInto(AbstractPipeline.java:509) ~[na:na]
	at java.base/java.util.stream.AbstractPipeline.wrapAndCopyInto(AbstractPipeline.java:499) ~[na:na]
	at java.base/java.util.stream.ReduceOps$ReduceOp.evaluateSequential(ReduceOps.java:921) ~[na:na]
	at java.base/java.util.stream.AbstractPipeline.evaluate(AbstractPipeline.java:234) ~[na:na]
	at java.base/java.util.stream.ReferencePipeline.collect(ReferencePipeline.java:682) ~[na:na]
	at org.springframework.data.repository.core.support.QueryExecutorMethodInterceptor.mapMethodsToQuery(QueryExecutorMethodInterceptor.java:96) ~[spring-data-commons-2.7.0.jar:2.7.0]
	at org.springframework.data.repository.core.support.QueryExecutorMethodInterceptor.lambda$new$0(QueryExecutorMethodInterceptor.java:86) ~[spring-data-commons-2.7.0.jar:2.7.0]
	at java.base/java.util.Optional.map(Optional.java:260) ~[na:na]
	at org.springframework.data.repository.core.support.QueryExecutorMethodInterceptor.<init>(QueryExecutorMethodInterceptor.java:86) ~[spring-data-commons-2.7.0.jar:2.7.0]
	at org.springframework.data.repository.core.support.RepositoryFactorySupport.getRepository(RepositoryFactorySupport.java:364) ~[spring-data-commons-2.7.0.jar:2.7.0]
	at org.springframework.data.repository.core.support.RepositoryFactoryBeanSupport.lambda$afterPropertiesSet$5(RepositoryFactoryBeanSupport.java:322) ~[spring-data-commons-2.7.0.jar:2.7.0]
	at org.springframework.data.util.Lazy.getNullable(Lazy.java:230) ~[spring-data-commons-2.7.0.jar:2.7.0]
	at org.springframework.data.util.Lazy.get(Lazy.java:114) ~[spring-data-commons-2.7.0.jar:2.7.0]
	at org.springframework.data.repository.core.support.RepositoryFactoryBeanSupport.afterPropertiesSet(RepositoryFactoryBeanSupport.java:328) ~[spring-data-commons-2.7.0.jar:2.7.0]
	at org.springframework.data.jpa.repository.support.JpaRepositoryFactoryBean.afterPropertiesSet(JpaRepositoryFactoryBean.java:144) ~[spring-data-jpa-2.7.0.jar:2.7.0]
	at org.springframework.beans.factory.support.AbstractAutowireCapableBeanFactory.invokeInitMethods(AbstractAutowireCapableBeanFactory.java:1863) ~[spring-beans-5.3.20.jar:5.3.20]
	at org.springframework.beans.factory.support.AbstractAutowireCapableBeanFactory.initializeBean(AbstractAutowireCapableBeanFactory.java:1800) ~[spring-beans-5.3.20.jar:5.3.20]
	at org.springframework.beans.factory.support.AbstractAutowireCapableBeanFactory.doCreateBean(AbstractAutowireCapableBeanFactory.java:620) ~[spring-beans-5.3.20.jar:5.3.20]
	at org.springframework.beans.factory.support.AbstractAutowireCapableBeanFactory.createBean(AbstractAutowireCapableBeanFactory.java:542) ~[spring-beans-5.3.20.jar:5.3.20]
	at org.springframework.beans.factory.support.AbstractBeanFactory.lambda$doGetBean$0(AbstractBeanFactory.java:335) ~[spring-beans-5.3.20.jar:5.3.20]
	at org.springframework.beans.factory.support.DefaultSingletonBeanRegistry.getSingleton(DefaultSingletonBeanRegistry.java:234) ~[spring-beans-5.3.20.jar:5.3.20]
	at org.springframework.beans.factory.support.AbstractBeanFactory.doGetBean(AbstractBeanFactory.java:333) ~[spring-beans-5.3.20.jar:5.3.20]
	at org.springframework.beans.factory.support.AbstractBeanFactory.getBean(AbstractBeanFactory.java:208) ~[spring-beans-5.3.20.jar:5.3.20]
	at org.springframework.beans.factory.support.DefaultListableBeanFactory.preInstantiateSingletons(DefaultListableBeanFactory.java:934) ~[spring-beans-5.3.20.jar:5.3.20]
	at org.springframework.context.support.AbstractApplicationContext.finishBeanFactoryInitialization(AbstractApplicationContext.java:918) ~[spring-context-5.3.20.jar:5.3.20]
	at org.springframework.context.support.AbstractApplicationContext.refresh(AbstractApplicationContext.java:583) ~[spring-context-5.3.20.jar:5.3.20]
	at org.springframework.boot.web.servlet.context.ServletWebServerApplicationContext.refresh(ServletWebServerApplicationContext.java:147) ~[spring-boot-2.7.0.jar:2.7.0]
	at org.springframework.boot.SpringApplication.refresh(SpringApplication.java:734) ~[spring-boot-2.7.0.jar:2.7.0]
	at org.springframework.boot.SpringApplication.refreshContext(SpringApplication.java:408) ~[spring-boot-2.7.0.jar:2.7.0]
	at org.springframework.boot.SpringApplication.run(SpringApplication.java:308) ~[spring-boot-2.7.0.jar:2.7.0]
	at org.springframework.boot.SpringApplication.run(SpringApplication.java:1306) ~[spring-boot-2.7.0.jar:2.7.0]
	at org.springframework.boot.SpringApplication.run(SpringApplication.java:1295) ~[spring-boot-2.7.0.jar:2.7.0]
	at com.sigep.SigepApplication.main(SigepApplication.java:12) ~[classes/:na]

2026-06-12 16:44:02.711  WARN 22316 --- [main] ConfigServletWebServerApplicationContext : Exception encountered during context initialization - cancelling refresh attempt: org.springframework.beans.factory.BeanCreationException: Error creating bean with name 'gimCodeBudgetaireRepository' defined in com.sigep.gim.repository.GimCodeBudgetaireRepository defined in @EnableJpaRepositories declared on GimDataSourceConfig: Invocation of init method failed; nested exception is org.springframework.data.repository.query.QueryCreationException: Could not create query for public abstract java.util.List com.sigep.gim.repository.GimCodeBudgetaireRepository.getCodeBudgetaireStatistiqueDto()! Reason: Validation failed for query for method public abstract java.util.List com.sigep.gim.repository.GimCodeBudgetaireRepository.getCodeBudgetaireStatistiqueDto()!; nested exception is java.lang.IllegalArgumentException: Validation failed for query for method public abstract java.util.List com.sigep.gim.repository.GimCodeBudgetaireRepository.getCodeBudgetaireStatistiqueDto()!
2026-06-12 16:44:02.774  INFO 22316 --- [main] com.zaxxer.hikari.HikariDataSource       : HikariPool-4 - Shutdown initiated...
2026-06-12 16:44:02.793  INFO 22316 --- [main] com.zaxxer.hikari.HikariDataSource       : HikariPool-4 - Shutdown completed.
2026-06-12 16:44:02.793  INFO 22316 --- [main] com.zaxxer.hikari.HikariDataSource       : HikariPool-3 - Shutdown initiated...
2026-06-12 16:44:02.799  INFO 22316 --- [main] com.zaxxer.hikari.HikariDataSource       : HikariPool-3 - Shutdown completed.
2026-06-12 16:44:02.800  INFO 22316 --- [main] com.zaxxer.hikari.HikariDataSource       : HikariPool-2 - Shutdown initiated...
2026-06-12 16:44:02.810  INFO 22316 --- [main] com.zaxxer.hikari.HikariDataSource       : HikariPool-2 - Shutdown completed.
2026-06-12 16:44:02.812  INFO 22316 --- [main] com.zaxxer.hikari.HikariDataSource       : HikariPool-1 - Shutdown initiated...
2026-06-12 16:44:02.820  INFO 22316 --- [main] com.zaxxer.hikari.HikariDataSource       : HikariPool-1 - Shutdown completed.
2026-06-12 16:44:02.826  INFO 22316 --- [main] o.apache.catalina.core.StandardService   : Stopping service [Tomcat]
2026-06-12 16:44:02.878 ERROR 22316 --- [main] o.s.boot.SpringApplication               : Application run failed

org.springframework.beans.factory.BeanCreationException: Error creating bean with name 'gimCodeBudgetaireRepository' defined in com.sigep.gim.repository.GimCodeBudgetaireRepository defined in @EnableJpaRepositories declared on GimDataSourceConfig: Invocation of init method failed; nested exception is org.springframework.data.repository.query.QueryCreationException: Could not create query for public abstract java.util.List com.sigep.gim.repository.GimCodeBudgetaireRepository.getCodeBudgetaireStatistiqueDto()! Reason: Validation failed for query for method public abstract java.util.List com.sigep.gim.repository.GimCodeBudgetaireRepository.getCodeBudgetaireStatistiqueDto()!; nested exception is java.lang.IllegalArgumentException: Validation failed for query for method public abstract java.util.List com.sigep.gim.repository.GimCodeBudgetaireRepository.getCodeBudgetaireStatistiqueDto()!
	at org.springframework.beans.factory.support.AbstractAutowireCapableBeanFactory.initializeBean(AbstractAutowireCapableBeanFactory.java:1804) ~[spring-beans-5.3.20.jar:5.3.20]
	at org.springframework.beans.factory.support.AbstractAutowireCapableBeanFactory.doCreateBean(AbstractAutowireCapableBeanFactory.java:620) ~[spring-beans-5.3.20.jar:5.3.20]
	at org.springframework.beans.factory.support.AbstractAutowireCapableBeanFactory.createBean(AbstractAutowireCapableBeanFactory.java:542) ~[spring-beans-5.3.20.jar:5.3.20]
	at org.springframework.beans.factory.support.AbstractBeanFactory.lambda$doGetBean$0(AbstractBeanFactory.java:335) ~[spring-beans-5.3.20.jar:5.3.20]
	at org.springframework.beans.factory.support.DefaultSingletonBeanRegistry.getSingleton(DefaultSingletonBeanRegistry.java:234) ~[spring-beans-5.3.20.jar:5.3.20]
	at org.springframework.beans.factory.support.AbstractBeanFactory.doGetBean(AbstractBeanFactory.java:333) ~[spring-beans-5.3.20.jar:5.3.20]
	at org.springframework.beans.factory.support.AbstractBeanFactory.getBean(AbstractBeanFactory.java:208) ~[spring-beans-5.3.20.jar:5.3.20]
	at org.springframework.beans.factory.support.DefaultListableBeanFactory.preInstantiateSingletons(DefaultListableBeanFactory.java:934) ~[spring-beans-5.3.20.jar:5.3.20]
	at org.springframework.context.support.AbstractApplicationContext.finishBeanFactoryInitialization(AbstractApplicationContext.java:918) ~[spring-context-5.3.20.jar:5.3.20]
	at org.springframework.context.support.AbstractApplicationContext.refresh(AbstractApplicationContext.java:583) ~[spring-context-5.3.20.jar:5.3.20]
	at org.springframework.boot.web.servlet.context.ServletWebServerApplicationContext.refresh(ServletWebServerApplicationContext.java:147) ~[spring-boot-2.7.0.jar:2.7.0]
	at org.springframework.boot.SpringApplication.refresh(SpringApplication.java:734) ~[spring-boot-2.7.0.jar:2.7.0]
	at org.springframework.boot.SpringApplication.refreshContext(SpringApplication.java:408) ~[spring-boot-2.7.0.jar:2.7.0]
	at org.springframework.boot.SpringApplication.run(SpringApplication.java:308) ~[spring-boot-2.7.0.jar:2.7.0]
	at org.springframework.boot.SpringApplication.run(SpringApplication.java:1306) ~[spring-boot-2.7.0.jar:2.7.0]
	at org.springframework.boot.SpringApplication.run(SpringApplication.java:1295) ~[spring-boot-2.7.0.jar:2.7.0]
	at com.sigep.SigepApplication.main(SigepApplication.java:12) ~[classes/:na]
Caused by: org.springframework.data.repository.query.QueryCreationException: Could not create query for public abstract java.util.List com.sigep.gim.repository.GimCodeBudgetaireRepository.getCodeBudgetaireStatistiqueDto()! Reason: Validation failed for query for method public abstract java.util.List com.sigep.gim.repository.GimCodeBudgetaireRepository.getCodeBudgetaireStatistiqueDto()!; nested exception is java.lang.IllegalArgumentException: Validation failed for query for method public abstract java.util.List com.sigep.gim.repository.GimCodeBudgetaireRepository.getCodeBudgetaireStatistiqueDto()!
	at org.springframework.data.repository.query.QueryCreationException.create(QueryCreationException.java:101) ~[spring-data-commons-2.7.0.jar:2.7.0]
	at org.springframework.data.repository.core.support.QueryExecutorMethodInterceptor.lookupQuery(QueryExecutorMethodInterceptor.java:106) ~[spring-data-commons-2.7.0.jar:2.7.0]
	at org.springframework.data.repository.core.support.QueryExecutorMethodInterceptor.lambda$mapMethodsToQuery$1(QueryExecutorMethodInterceptor.java:94) ~[spring-data-commons-2.7.0.jar:2.7.0]
	at java.base/java.util.stream.ReferencePipeline$3$1.accept(ReferencePipeline.java:197) ~[na:na]
	at java.base/java.util.Iterator.forEachRemaining(Iterator.java:133) ~[na:na]
	at java.base/java.util.Collections$UnmodifiableCollection$1.forEachRemaining(Collections.java:1061) ~[na:na]
	at java.base/java.util.Spliterators$IteratorSpliterator.forEachRemaining(Spliterators.java:1845) ~[na:na]
	at java.base/java.util.stream.AbstractPipeline.copyInto(AbstractPipeline.java:509) ~[na:na]
	at java.base/java.util.stream.AbstractPipeline.wrapAndCopyInto(AbstractPipeline.java:499) ~[na:na]
	at java.base/java.util.stream.ReduceOps$ReduceOp.evaluateSequential(ReduceOps.java:921) ~[na:na]
	at java.base/java.util.stream.AbstractPipeline.evaluate(AbstractPipeline.java:234) ~[na:na]
	at java.base/java.util.stream.ReferencePipeline.collect(ReferencePipeline.java:682) ~[na:na]
	at org.springframework.data.repository.core.support.QueryExecutorMethodInterceptor.mapMethodsToQuery(QueryExecutorMethodInterceptor.java:96) ~[spring-data-commons-2.7.0.jar:2.7.0]
	at org.springframework.data.repository.core.support.QueryExecutorMethodInterceptor.lambda$new$0(QueryExecutorMethodInterceptor.java:86) ~[spring-data-commons-2.7.0.jar:2.7.0]
	at java.base/java.util.Optional.map(Optional.java:260) ~[na:na]
	at org.springframework.data.repository.core.support.QueryExecutorMethodInterceptor.<init>(QueryExecutorMethodInterceptor.java:86) ~[spring-data-commons-2.7.0.jar:2.7.0]
	at org.springframework.data.repository.core.support.RepositoryFactorySupport.getRepository(RepositoryFactorySupport.java:364) ~[spring-data-commons-2.7.0.jar:2.7.0]
	at org.springframework.data.repository.core.support.RepositoryFactoryBeanSupport.lambda$afterPropertiesSet$5(RepositoryFactoryBeanSupport.java:322) ~[spring-data-commons-2.7.0.jar:2.7.0]
	at org.springframework.data.util.Lazy.getNullable(Lazy.java:230) ~[spring-data-commons-2.7.0.jar:2.7.0]
	at org.springframework.data.util.Lazy.get(Lazy.java:114) ~[spring-data-commons-2.7.0.jar:2.7.0]
	at org.springframework.data.repository.core.support.RepositoryFactoryBeanSupport.afterPropertiesSet(RepositoryFactoryBeanSupport.java:328) ~[spring-data-commons-2.7.0.jar:2.7.0]
	at org.springframework.data.jpa.repository.support.JpaRepositoryFactoryBean.afterPropertiesSet(JpaRepositoryFactoryBean.java:144) ~[spring-data-jpa-2.7.0.jar:2.7.0]
	at org.springframework.beans.factory.support.AbstractAutowireCapableBeanFactory.invokeInitMethods(AbstractAutowireCapableBeanFactory.java:1863) ~[spring-beans-5.3.20.jar:5.3.20]
	at org.springframework.beans.factory.support.AbstractAutowireCapableBeanFactory.initializeBean(AbstractAutowireCapableBeanFactory.java:1800) ~[spring-beans-5.3.20.jar:5.3.20]
	... 16 common frames omitted
Caused by: java.lang.IllegalArgumentException: Validation failed for query for method public abstract java.util.List com.sigep.gim.repository.GimCodeBudgetaireRepository.getCodeBudgetaireStatistiqueDto()!
	at org.springframework.data.jpa.repository.query.SimpleJpaQuery.validateQuery(SimpleJpaQuery.java:96) ~[spring-data-jpa-2.7.0.jar:2.7.0]
	at org.springframework.data.jpa.repository.query.SimpleJpaQuery.<init>(SimpleJpaQuery.java:66) ~[spring-data-jpa-2.7.0.jar:2.7.0]
	at org.springframework.data.jpa.repository.query.JpaQueryFactory.fromMethodWithQueryString(JpaQueryFactory.java:51) ~[spring-data-jpa-2.7.0.jar:2.7.0]
	at org.springframework.data.jpa.repository.query.JpaQueryLookupStrategy$DeclaredQueryLookupStrategy.resolveQuery(JpaQueryLookupStrategy.java:163) ~[spring-data-jpa-2.7.0.jar:2.7.0]
	at org.springframework.data.jpa.repository.query.JpaQueryLookupStrategy$CreateIfNotFoundQueryLookupStrategy.resolveQuery(JpaQueryLookupStrategy.java:252) ~[spring-data-jpa-2.7.0.jar:2.7.0]
	at org.springframework.data.jpa.repository.query.JpaQueryLookupStrategy$AbstractQueryLookupStrategy.resolveQuery(JpaQueryLookupStrategy.java:87) ~[spring-data-jpa-2.7.0.jar:2.7.0]
	at org.springframework.data.repository.core.support.QueryExecutorMethodInterceptor.lookupQuery(QueryExecutorMethodInterceptor.java:102) ~[spring-data-commons-2.7.0.jar:2.7.0]
	... 38 common frames omitted
Caused by: java.lang.IllegalArgumentException: org.hibernate.hql.internal.ast.QuerySyntaxException: Unable to locate appropriate constructor on class [com.sigep.gim.dto.CodeBudgetaireStatistiqueDto]. Expected arguments are: int, java.lang.String, long, long, long, long, long [    SELECT new com.sigep.gim.dto.CodeBudgetaireStatistiqueDto(
        c.codBud,
        c.intituleCodBud,
        COALESCE(SUM(CASE WHEN e.etatB = 'Bon' THEN 1 ELSE 0 END),0),
        COALESCE(SUM(CASE WHEN e.etatB = 'Passable' THEN 1 ELSE 0 END),0),
        COALESCE(SUM(CASE WHEN e.etatB = 'Délabré' THEN 1 ELSE 0 END),0),
        COALESCE(SUM(CASE WHEN e.etatB = 'Mauvais' THEN 1 ELSE 0 END),0),
        COALESCE(SUM(CASE WHEN e.etatB IN ('Bon', 'Passable', 'Délabré', 'Mauvais') THEN 1 ELSE 0 END), 0)
    )
    FROM com.sigep.gim.entity.CodeBudgetaire c
    LEFT JOIN com.sigep.gim.entity.Patrimoine p
        ON p.categorieBien.codCategorie = c.codeBudgType.codTyp
    LEFT JOIN p.etatBien e
    GROUP BY c.codBud, c.intituleCodBud
    ORDER BY c.codBud
]
	at org.hibernate.internal.ExceptionConverterImpl.convert(ExceptionConverterImpl.java:138) ~[hibernate-core-5.6.9.Final.jar:5.6.9.Final]
	at org.hibernate.internal.ExceptionConverterImpl.convert(ExceptionConverterImpl.java:181) ~[hibernate-core-5.6.9.Final.jar:5.6.9.Final]
	at org.hibernate.internal.ExceptionConverterImpl.convert(ExceptionConverterImpl.java:188) ~[hibernate-core-5.6.9.Final.jar:5.6.9.Final]
	at org.hibernate.internal.AbstractSharedSessionContract.createQuery(AbstractSharedSessionContract.java:757) ~[hibernate-core-5.6.9.Final.jar:5.6.9.Final]
	at org.hibernate.internal.AbstractSharedSessionContract.createQuery(AbstractSharedSessionContract.java:114) ~[hibernate-core-5.6.9.Final.jar:5.6.9.Final]
	at jdk.internal.reflect.GeneratedMethodAccessor96.invoke(Unknown Source) ~[na:na]
	at java.base/jdk.internal.reflect.DelegatingMethodAccessorImpl.invoke(DelegatingMethodAccessorImpl.java:43) ~[na:na]
	at java.base/java.lang.reflect.Method.invoke(Method.java:568) ~[na:na]
	at org.springframework.orm.jpa.ExtendedEntityManagerCreator$ExtendedEntityManagerInvocationHandler.invoke(ExtendedEntityManagerCreator.java:362) ~[spring-orm-5.3.20.jar:5.3.20]
	at jdk.proxy2/jdk.proxy2.$Proxy131.createQuery(Unknown Source) ~[na:na]
	at org.springframework.data.jpa.repository.query.SimpleJpaQuery.validateQuery(SimpleJpaQuery.java:90) ~[spring-data-jpa-2.7.0.jar:2.7.0]
	... 44 common frames omitted
Caused by: org.hibernate.hql.internal.ast.QuerySyntaxException: Unable to locate appropriate constructor on class [com.sigep.gim.dto.CodeBudgetaireStatistiqueDto]. Expected arguments are: int, java.lang.String, long, long, long, long, long [    SELECT new com.sigep.gim.dto.CodeBudgetaireStatistiqueDto(
        c.codBud,
        c.intituleCodBud,
        COALESCE(SUM(CASE WHEN e.etatB = 'Bon' THEN 1 ELSE 0 END),0),
        COALESCE(SUM(CASE WHEN e.etatB = 'Passable' THEN 1 ELSE 0 END),0),
        COALESCE(SUM(CASE WHEN e.etatB = 'Délabré' THEN 1 ELSE 0 END),0),
        COALESCE(SUM(CASE WHEN e.etatB = 'Mauvais' THEN 1 ELSE 0 END),0),
        COALESCE(SUM(CASE WHEN e.etatB IN ('Bon', 'Passable', 'Délabré', 'Mauvais') THEN 1 ELSE 0 END), 0)
    )
    FROM com.sigep.gim.entity.CodeBudgetaire c
    LEFT JOIN com.sigep.gim.entity.Patrimoine p
        ON p.categorieBien.codCategorie = c.codeBudgType.codTyp
    LEFT JOIN p.etatBien e
    GROUP BY c.codBud, c.intituleCodBud
    ORDER BY c.codBud
]
	at org.hibernate.hql.internal.ast.QuerySyntaxException.convert(QuerySyntaxException.java:74) ~[hibernate-core-5.6.9.Final.jar:5.6.9.Final]
	at org.hibernate.hql.internal.ast.ErrorTracker.throwQueryException(ErrorTracker.java:93) ~[hibernate-core-5.6.9.Final.jar:5.6.9.Final]
	at org.hibernate.hql.internal.ast.QueryTranslatorImpl.analyze(QueryTranslatorImpl.java:282) ~[hibernate-core-5.6.9.Final.jar:5.6.9.Final]
	at org.hibernate.hql.internal.ast.QueryTranslatorImpl.doCompile(QueryTranslatorImpl.java:192) ~[hibernate-core-5.6.9.Final.jar:5.6.9.Final]
	at org.hibernate.hql.internal.ast.QueryTranslatorImpl.compile(QueryTranslatorImpl.java:144) ~[hibernate-core-5.6.9.Final.jar:5.6.9.Final]
	at org.hibernate.engine.query.spi.HQLQueryPlan.<init>(HQLQueryPlan.java:113) ~[hibernate-core-5.6.9.Final.jar:5.6.9.Final]
	at org.hibernate.engine.query.spi.HQLQueryPlan.<init>(HQLQueryPlan.java:73) ~[hibernate-core-5.6.9.Final.jar:5.6.9.Final]
	at org.hibernate.engine.query.spi.QueryPlanCache.getHQLQueryPlan(QueryPlanCache.java:162) ~[hibernate-core-5.6.9.Final.jar:5.6.9.Final]
	at org.hibernate.internal.AbstractSharedSessionContract.getQueryPlan(AbstractSharedSessionContract.java:636) ~[hibernate-core-5.6.9.Final.jar:5.6.9.Final]
	at org.hibernate.internal.AbstractSharedSessionContract.createQuery(AbstractSharedSessionContract.java:748) ~[hibernate-core-5.6.9.Final.jar:5.6.9.Final]
	... 51 common frames omitted

2026-06-12 16:44:24.372  INFO 20668 --- [main] com.sigep.SigepApplication               : Starting SigepApplication using Java 17.0.12 on LAPTOP-S0HR1QU8 with PID 20668 (C:\Users\ASUS\PROJET SIGEP\backend\sigep\target\classes started by ASUS in C:\Users\ASUS\PROJET SIGEP\backend\sigep)
2026-06-12 16:44:24.376  INFO 20668 --- [main] com.sigep.SigepApplication               : The following 1 profile is active: "dev"
2026-06-12 16:44:29.959  INFO 20668 --- [main] o.apache.catalina.core.StandardService   : Starting service [Tomcat]
2026-06-12 16:44:29.960  INFO 20668 --- [main] org.apache.catalina.core.StandardEngine  : Starting Servlet engine: [Apache Tomcat/9.0.63]
2026-06-12 16:44:30.212  INFO 20668 --- [main] o.a.c.c.C.[Tomcat].[localhost].[/]       : Initializing Spring embedded WebApplicationContext
2026-06-12 16:44:32.917  INFO 20668 --- [main] com.zaxxer.hikari.HikariDataSource       : HikariPool-1 - Starting...
2026-06-12 16:44:33.376  INFO 20668 --- [main] com.zaxxer.hikari.HikariDataSource       : HikariPool-1 - Start completed.
2026-06-12 16:44:33.754  WARN 20668 --- [main] o.h.b.i.InFlightMetadataCollectorImpl    : HHH000069: Duplicate generator name generator
2026-06-12 16:44:33.770  WARN 20668 --- [main] o.h.b.i.InFlightMetadataCollectorImpl    : HHH000069: Duplicate generator name generator
2026-06-12 16:44:33.878  WARN 20668 --- [main] o.h.b.i.InFlightMetadataCollectorImpl    : HHH000069: Duplicate generator name generator
2026-06-12 16:44:33.887  WARN 20668 --- [main] o.h.b.i.InFlightMetadataCollectorImpl    : HHH000069: Duplicate generator name generator
2026-06-12 16:44:33.908  WARN 20668 --- [main] o.h.b.i.InFlightMetadataCollectorImpl    : HHH000069: Duplicate generator name generator
2026-06-12 16:44:33.911  WARN 20668 --- [main] o.h.b.i.InFlightMetadataCollectorImpl    : HHH000069: Duplicate generator name generator
2026-06-12 16:44:33.916  WARN 20668 --- [main] o.h.b.i.InFlightMetadataCollectorImpl    : HHH000069: Duplicate generator name generator
2026-06-12 16:44:33.940  WARN 20668 --- [main] o.h.b.i.InFlightMetadataCollectorImpl    : HHH000069: Duplicate generator name generator
2026-06-12 16:44:33.942  WARN 20668 --- [main] o.h.b.i.InFlightMetadataCollectorImpl    : HHH000069: Duplicate generator name generator
2026-06-12 16:44:33.965  WARN 20668 --- [main] o.h.b.i.InFlightMetadataCollectorImpl    : HHH000069: Duplicate generator name generator
2026-06-12 16:44:33.992  WARN 20668 --- [main] o.h.b.i.InFlightMetadataCollectorImpl    : HHH000069: Duplicate generator name generator
2026-06-12 16:44:34.005  WARN 20668 --- [main] o.h.b.i.InFlightMetadataCollectorImpl    : HHH000069: Duplicate generator name generator
2026-06-12 16:44:34.017  WARN 20668 --- [main] o.h.b.i.InFlightMetadataCollectorImpl    : HHH000069: Duplicate generator name generator
2026-06-12 16:44:34.022  WARN 20668 --- [main] o.h.b.i.InFlightMetadataCollectorImpl    : HHH000069: Duplicate generator name generator
2026-06-12 16:44:34.033  WARN 20668 --- [main] o.h.b.i.InFlightMetadataCollectorImpl    : HHH000069: Duplicate generator name generator
2026-06-12 16:44:34.035  WARN 20668 --- [main] o.h.b.i.InFlightMetadataCollectorImpl    : HHH000069: Duplicate generator name generator
2026-06-12 16:44:34.081  WARN 20668 --- [main] o.h.b.i.InFlightMetadataCollectorImpl    : HHH000069: Duplicate generator name generator
2026-06-12 16:44:34.106  WARN 20668 --- [main] o.h.b.i.InFlightMetadataCollectorImpl    : HHH000069: Duplicate generator name generator
2026-06-12 16:44:34.168  WARN 20668 --- [main] o.h.b.i.InFlightMetadataCollectorImpl    : HHH000069: Duplicate generator name generator
2026-06-12 16:44:34.178  WARN 20668 --- [main] o.h.b.i.InFlightMetadataCollectorImpl    : HHH000069: Duplicate generator name generator
2026-06-12 16:44:34.323  WARN 20668 --- [main] org.hibernate.id.GUIDGenerator           : HHH000065: DEPRECATED : use [org.hibernate.id.UUIDGenerator] instead with custom [org.hibernate.id.UUIDGenerationStrategy] implementation
2026-06-12 16:44:36.698  INFO 20668 --- [main] com.zaxxer.hikari.HikariDataSource       : HikariPool-2 - Starting...
2026-06-12 16:44:36.715  INFO 20668 --- [main] com.zaxxer.hikari.HikariDataSource       : HikariPool-2 - Start completed.
2026-06-12 16:44:36.762  WARN 20668 --- [main] o.h.b.i.InFlightMetadataCollectorImpl    : HHH000069: Duplicate generator name generator
2026-06-12 16:44:36.779  WARN 20668 --- [main] o.h.b.i.InFlightMetadataCollectorImpl    : HHH000069: Duplicate generator name generator
2026-06-12 16:44:37.579  INFO 20668 --- [main] com.zaxxer.hikari.HikariDataSource       : HikariPool-3 - Starting...
2026-06-12 16:44:37.857  INFO 20668 --- [main] com.zaxxer.hikari.HikariDataSource       : HikariPool-3 - Start completed.
2026-06-12 16:44:38.551  INFO 20668 --- [main] com.zaxxer.hikari.HikariDataSource       : HikariPool-4 - Starting...
2026-06-12 16:44:38.722  INFO 20668 --- [main] com.zaxxer.hikari.HikariDataSource       : HikariPool-4 - Start completed.
2026-06-12 16:44:44.264  WARN 20668 --- [main] JpaBaseConfiguration$JpaWebConfiguration : spring.jpa.open-in-view is enabled by default. Therefore, database queries may be performed during view rendering. Explicitly configure spring.jpa.open-in-view to disable this warning
2026-06-12 16:44:45.544  INFO 20668 --- [main] com.sigep.SigepApplication               : Started SigepApplication in 21.756 seconds (JVM running for 22.174)
2026-06-12 16:44:54.869  INFO 20668 --- [http-nio-8080-exec-3] o.a.c.c.C.[Tomcat].[localhost].[/]       : Initializing Spring DispatcherServlet 'dispatcherServlet'
